[2025-09-25T08:21:20.286+0000] {manager.py:470} INFO - Processing files using up to 2 processes at a time 
[2025-09-25T08:21:20.288+0000] {manager.py:471} INFO - Process each file at most once every 30 seconds
[2025-09-25T08:21:20.292+0000] {manager.py:472} INFO - Checking for new files in /opt/airflow/dags every 300 seconds
[2025-09-25T08:21:20.292+0000] {manager.py:737} INFO - Searching for files in /opt/airflow/dags
[2025-09-25T08:21:20.303+0000] {manager.py:740} INFO - There are 2 files in /opt/airflow/dags
[2025-09-25T08:21:20.590+0000] {manager.py:878} INFO - 
================================================================================
DAG File Processing Stats

File Path                                            PID  Runtime      # DAGs    # Errors  Last Runtime    Last Run
-------------------------------------------------  -----  ---------  --------  ----------  --------------  ----------
/opt/airflow/dags/simple_test_dag.py                 165  0.06s             0           0
/opt/airflow/dags/example_weather_pipeline_dag.py    168  0.05s             0           0
================================================================================
[2025-09-25T08:21:50.852+0000] {manager.py:878} INFO - 
================================================================================
DAG File Processing Stats

File Path                                          PID    Runtime      # DAGs    # Errors  Last Runtime    Last Run
-------------------------------------------------  -----  ---------  --------  ----------  --------------  -------------------
/opt/airflow/dags/simple_test_dag.py                                        1           0  0.48s           2025-09-25T08:21:21
/opt/airflow/dags/example_weather_pipeline_dag.py                           1           0  0.47s           2025-09-25T08:21:21
================================================================================
[2025-09-25T08:22:21.734+0000] {manager.py:878} INFO - 
================================================================================
DAG File Processing Stats

File Path                                            PID  Runtime      # DAGs    # Errors  Last Runtime    Last Run
-------------------------------------------------  -----  ---------  --------  ----------  --------------  -------------------
/opt/airflow/dags/simple_test_dag.py                 185  0.03s             1           0  0.19s           2025-09-25T08:21:51
/opt/airflow/dags/example_weather_pipeline_dag.py    187  0.00s             1           0  0.18s           2025-09-25T08:21:51
================================================================================
[2025-09-25T08:22:52.048+0000] {manager.py:878} INFO - 
================================================================================
DAG File Processing Stats

File Path                                            PID  Runtime      # DAGs    # Errors  Last Runtime    Last Run
-------------------------------------------------  -----  ---------  --------  ----------  --------------  -------------------
/opt/airflow/dags/simple_test_dag.py                 195  0.02s             1           0  0.18s           2025-09-25T08:22:21
/opt/airflow/dags/example_weather_pipeline_dag.py    197  0.00s             1           0  0.16s           2025-09-25T08:22:21
================================================================================
[2025-09-25T08:23:22.407+0000] {manager.py:878} INFO - 
================================================================================
DAG File Processing Stats

File Path                                            PID  Runtime      # DAGs    # Errors  Last Runtime    Last Run
-------------------------------------------------  -----  ---------  --------  ----------  --------------  -------------------
/opt/airflow/dags/simple_test_dag.py                 213  0.02s             1           0  0.15s           2025-09-25T08:22:52
/opt/airflow/dags/example_weather_pipeline_dag.py    215  0.00s             1           0  0.13s           2025-09-25T08:22:52
================================================================================
[2025-09-25T08:23:52.727+0000] {manager.py:878} INFO - 
================================================================================
DAG File Processing Stats

File Path                                            PID  Runtime      # DAGs    # Errors  Last Runtime    Last Run
-------------------------------------------------  -----  ---------  --------  ----------  --------------  -------------------
/opt/airflow/dags/simple_test_dag.py                 223  0.02s             1           0  0.14s           2025-09-25T08:23:22
/opt/airflow/dags/example_weather_pipeline_dag.py    225  0.00s             1           0  0.12s           2025-09-25T08:23:22
================================================================================
[2025-09-25T08:24:23.135+0000] {manager.py:878} INFO - 
================================================================================
DAG File Processing Stats

File Path                                            PID  Runtime      # DAGs    # Errors  Last Runtime    Last Run
-------------------------------------------------  -----  ---------  --------  ----------  --------------  -------------------
/opt/airflow/dags/simple_test_dag.py                 233  0.02s             1           0  0.19s           2025-09-25T08:23:52
/opt/airflow/dags/example_weather_pipeline_dag.py    235  0.00s             1           0  0.17s           2025-09-25T08:23:52
================================================================================
[2025-09-25T08:24:53.479+0000] {manager.py:878} INFO - 
================================================================================
DAG File Processing Stats

File Path                                            PID  Runtime      # DAGs    # Errors  Last Runtime    Last Run
-------------------------------------------------  -----  ---------  --------  ----------  --------------  -------------------
/opt/airflow/dags/simple_test_dag.py                 244  0.01s             1           0  0.19s           2025-09-25T08:24:23
/opt/airflow/dags/example_weather_pipeline_dag.py    245  0.00s             1           0  0.17s           2025-09-25T08:24:23
================================================================================
[2025-09-25T08:24:53.978+0000] {manager.py:452} INFO - Exiting gracefully upon receiving signal 15
[2025-09-25T08:30:41.387+0000] {manager.py:470} INFO - Processing files using up to 2 processes at a time 
[2025-09-25T08:30:41.389+0000] {manager.py:471} INFO - Process each file at most once every 30 seconds
[2025-09-25T08:30:41.390+0000] {manager.py:472} INFO - Checking for new files in /opt/airflow/dags every 300 seconds
[2025-09-25T08:30:41.391+0000] {manager.py:737} INFO - Searching for files in /opt/airflow/dags
[2025-09-25T08:30:41.399+0000] {manager.py:740} INFO - There are 2 files in /opt/airflow/dags
[2025-09-25T08:30:41.541+0000] {manager.py:878} INFO - 
================================================================================
DAG File Processing Stats

File Path                                            PID  Runtime      # DAGs    # Errors  Last Runtime    Last Run
-------------------------------------------------  -----  ---------  --------  ----------  --------------  ----------
/opt/airflow/dags/simple_test_dag.py                 164  0.07s             0           0
/opt/airflow/dags/example_weather_pipeline_dag.py    167  0.06s             0           0
================================================================================
[2025-09-25T08:31:12.536+0000] {manager.py:878} INFO - 
================================================================================
DAG File Processing Stats

File Path                                            PID  Runtime      # DAGs    # Errors  Last Runtime    Last Run
-------------------------------------------------  -----  ---------  --------  ----------  --------------  -------------------
/opt/airflow/dags/simple_test_dag.py                 191  0.02s             1           0  0.82s           2025-09-25T08:30:42
/opt/airflow/dags/example_weather_pipeline_dag.py    194  0.00s             1           0  0.81s           2025-09-25T08:30:42
================================================================================
[2025-09-25T08:31:42.835+0000] {manager.py:878} INFO - 
================================================================================
DAG File Processing Stats

File Path                                            PID  Runtime      # DAGs    # Errors  Last Runtime    Last Run
-------------------------------------------------  -----  ---------  --------  ----------  --------------  -------------------
/opt/airflow/dags/simple_test_dag.py                 201  0.02s             1           0  0.19s           2025-09-25T08:31:12
/opt/airflow/dags/example_weather_pipeline_dag.py    204  0.00s             1           0  0.17s           2025-09-25T08:31:12
================================================================================
[2025-09-25T08:32:13.198+0000] {manager.py:878} INFO - 
================================================================================
DAG File Processing Stats

File Path                                            PID  Runtime      # DAGs    # Errors  Last Runtime    Last Run
-------------------------------------------------  -----  ---------  --------  ----------  --------------  -------------------
/opt/airflow/dags/simple_test_dag.py                 211  0.02s             1           0  0.16s           2025-09-25T08:31:42
/opt/airflow/dags/example_weather_pipeline_dag.py    214  0.00s             1           0  0.15s           2025-09-25T08:31:42
================================================================================
[2025-09-25T08:32:43.427+0000] {manager.py:878} INFO - 
================================================================================
DAG File Processing Stats

File Path                                            PID  Runtime      # DAGs    # Errors  Last Runtime    Last Run
-------------------------------------------------  -----  ---------  --------  ----------  --------------  -------------------
/opt/airflow/dags/simple_test_dag.py                 221  0.02s             1           0  0.19s           2025-09-25T08:32:13
/opt/airflow/dags/example_weather_pipeline_dag.py    224  0.00s             1           0  0.18s           2025-09-25T08:32:13
================================================================================
[2025-09-25T08:33:13.673+0000] {manager.py:878} INFO - 
================================================================================
DAG File Processing Stats

File Path                                            PID  Runtime      # DAGs    # Errors  Last Runtime    Last Run
-------------------------------------------------  -----  ---------  --------  ----------  --------------  -------------------
/opt/airflow/dags/simple_test_dag.py                 231  0.02s             1           0  0.16s           2025-09-25T08:32:43
/opt/airflow/dags/example_weather_pipeline_dag.py    232  0.00s             1           0  0.15s           2025-09-25T08:32:43
================================================================================
[2025-09-25T08:34:35.994+0000] {manager.py:878} INFO - 
================================================================================
DAG File Processing Stats

File Path                                          PID    Runtime      # DAGs    # Errors  Last Runtime    Last Run
-------------------------------------------------  -----  ---------  --------  ----------  --------------  -------------------
/opt/airflow/dags/simple_test_dag.py                                        1           0  0.26s           2025-09-25T08:34:21
/opt/airflow/dags/example_weather_pipeline_dag.py                           1           0  0.26s           2025-09-25T08:34:21
================================================================================
[2025-09-25T08:35:06.673+0000] {manager.py:878} INFO - 
================================================================================
DAG File Processing Stats

File Path                                          PID    Runtime      # DAGs    # Errors  Last Runtime    Last Run
-------------------------------------------------  -----  ---------  --------  ----------  --------------  -------------------
/opt/airflow/dags/simple_test_dag.py                                        1           0  0.17s           2025-09-25T08:34:52
/opt/airflow/dags/example_weather_pipeline_dag.py                           1           0  0.15s           2025-09-25T08:34:52
================================================================================
[2025-09-25T08:35:37.280+0000] {manager.py:878} INFO - 
================================================================================
DAG File Processing Stats

File Path                                          PID    Runtime      # DAGs    # Errors  Last Runtime    Last Run
-------------------------------------------------  -----  ---------  --------  ----------  --------------  -------------------
/opt/airflow/dags/simple_test_dag.py                                        1           0  0.19s           2025-09-25T08:35:23
/opt/airflow/dags/example_weather_pipeline_dag.py                           1           0  0.17s           2025-09-25T08:35:23
================================================================================
[2025-09-25T08:35:42.329+0000] {manager.py:737} INFO - Searching for files in /opt/airflow/dags
[2025-09-25T08:35:42.338+0000] {manager.py:740} INFO - There are 2 files in /opt/airflow/dags
[2025-09-25T08:36:36.553+0000] {manager.py:878} INFO - 
================================================================================
DAG File Processing Stats

File Path                                          PID    Runtime      # DAGs    # Errors  Last Runtime    Last Run
-------------------------------------------------  -----  ---------  --------  ----------  --------------  -------------------
/opt/airflow/dags/simple_test_dag.py                                        1           0  0.24s           2025-09-25T08:36:20
/opt/airflow/dags/example_weather_pipeline_dag.py                           1           0  0.21s           2025-09-25T08:36:20
================================================================================
[2025-09-25T08:37:09.586+0000] {manager.py:878} INFO - 
================================================================================
DAG File Processing Stats

File Path                                          PID    Runtime      # DAGs    # Errors  Last Runtime    Last Run
-------------------------------------------------  -----  ---------  --------  ----------  --------------  -------------------
/opt/airflow/dags/simple_test_dag.py                                        1           0  0.15s           2025-09-25T08:36:53
/opt/airflow/dags/example_weather_pipeline_dag.py                           1           0  0.14s           2025-09-25T08:36:53
================================================================================
[2025-09-25T08:37:39.691+0000] {manager.py:878} INFO - 
================================================================================
DAG File Processing Stats

File Path                                          PID    Runtime      # DAGs    # Errors  Last Runtime    Last Run
-------------------------------------------------  -----  ---------  --------  ----------  --------------  -------------------
/opt/airflow/dags/simple_test_dag.py                                        1           0  0.54s           2025-09-25T08:37:24
/opt/airflow/dags/example_weather_pipeline_dag.py                           1           0  0.43s           2025-09-25T08:37:24
================================================================================
[2025-09-25T08:40:45.970+0000] {manager.py:737} INFO - Searching for files in /opt/airflow/dags
[2025-09-25T08:40:45.978+0000] {manager.py:740} INFO - There are 2 files in /opt/airflow/dags
[2025-09-25T08:41:03.152+0000] {manager.py:878} INFO - 
================================================================================
DAG File Processing Stats

File Path                                          PID    Runtime      # DAGs    # Errors  Last Runtime    Last Run
-------------------------------------------------  -----  ---------  --------  ----------  --------------  -------------------
/opt/airflow/dags/simple_test_dag.py                                        1           0  0.11s           2025-09-25T08:40:46
/opt/airflow/dags/example_weather_pipeline_dag.py                           1           0  0.11s           2025-09-25T08:40:46
================================================================================
[2025-09-25T08:49:13.545+0000] {manager.py:737} INFO - Searching for files in /opt/airflow/dags
[2025-09-25T08:49:13.550+0000] {manager.py:740} INFO - There are 2 files in /opt/airflow/dags
[2025-09-25T08:49:30.681+0000] {manager.py:878} INFO - 
================================================================================
DAG File Processing Stats

File Path                                          PID    Runtime      # DAGs    # Errors  Last Runtime    Last Run
-------------------------------------------------  -----  ---------  --------  ----------  --------------  -------------------
/opt/airflow/dags/simple_test_dag.py                                        1           0  0.11s           2025-09-25T08:49:13
/opt/airflow/dags/example_weather_pipeline_dag.py                           1           0  0.11s           2025-09-25T08:49:13
================================================================================
[2025-09-25T08:50:23.499+0000] {manager.py:878} INFO - 
================================================================================
DAG File Processing Stats

File Path                                          PID    Runtime      # DAGs    # Errors  Last Runtime    Last Run
-------------------------------------------------  -----  ---------  --------  ----------  --------------  -------------------
/opt/airflow/dags/simple_test_dag.py                                        1           0  0.53s           2025-09-25T08:50:06
/opt/airflow/dags/example_weather_pipeline_dag.py                           1           0  0.49s           2025-09-25T08:50:06
================================================================================
[2025-09-25T08:50:53.889+0000] {manager.py:878} INFO - 
================================================================================
DAG File Processing Stats

File Path                                          PID    Runtime      # DAGs    # Errors  Last Runtime    Last Run
-------------------------------------------------  -----  ---------  --------  ----------  --------------  -------------------
/opt/airflow/dags/simple_test_dag.py                                        1           0  0.24s           2025-09-25T08:50:36
/opt/airflow/dags/example_weather_pipeline_dag.py                           1           0  0.21s           2025-09-25T08:50:36
================================================================================
[2025-09-25T08:51:24.442+0000] {manager.py:878} INFO - 
================================================================================
DAG File Processing Stats

File Path                                          PID    Runtime      # DAGs    # Errors  Last Runtime    Last Run
-------------------------------------------------  -----  ---------  --------  ----------  --------------  -------------------
/opt/airflow/dags/simple_test_dag.py                                        1           0  0.20s           2025-09-25T08:51:07
/opt/airflow/dags/example_weather_pipeline_dag.py                           1           0  0.18s           2025-09-25T08:51:07
================================================================================
[2025-09-25T08:51:54.921+0000] {manager.py:878} INFO - 
================================================================================
DAG File Processing Stats

File Path                                          PID    Runtime      # DAGs    # Errors  Last Runtime    Last Run
-------------------------------------------------  -----  ---------  --------  ----------  --------------  -------------------
/opt/airflow/dags/simple_test_dag.py                                        1           0  0.20s           2025-09-25T08:51:37
/opt/airflow/dags/example_weather_pipeline_dag.py                           1           0  0.16s           2025-09-25T08:51:37
================================================================================
[2025-09-25T08:52:25.452+0000] {manager.py:878} INFO - 
================================================================================
DAG File Processing Stats

File Path                                          PID    Runtime      # DAGs    # Errors  Last Runtime    Last Run
-------------------------------------------------  -----  ---------  --------  ----------  --------------  -------------------
/opt/airflow/dags/simple_test_dag.py                                        1           0  0.26s           2025-09-25T08:52:08
/opt/airflow/dags/example_weather_pipeline_dag.py                           1           0  0.22s           2025-09-25T08:52:08
================================================================================
[2025-09-25T08:52:55.507+0000] {manager.py:878} INFO - 
================================================================================
DAG File Processing Stats

File Path                                          PID    Runtime      # DAGs    # Errors  Last Runtime    Last Run
-------------------------------------------------  -----  ---------  --------  ----------  --------------  -------------------
/opt/airflow/dags/simple_test_dag.py                                        1           0  0.82s           2025-09-25T08:52:39
/opt/airflow/dags/example_weather_pipeline_dag.py                           1           0  0.79s           2025-09-25T08:52:39
================================================================================
[2025-09-25T08:53:25.754+0000] {manager.py:878} INFO - 
================================================================================
DAG File Processing Stats

File Path                                          PID    Runtime      # DAGs    # Errors  Last Runtime    Last Run
-------------------------------------------------  -----  ---------  --------  ----------  --------------  -------------------
/opt/airflow/dags/simple_test_dag.py                                        1           0  0.25s           2025-09-25T08:53:09
/opt/airflow/dags/example_weather_pipeline_dag.py                           1           0  0.23s           2025-09-25T08:53:09
================================================================================
