[2025-09-25T11:47:04.866+0000] {local_task_job_runner.py:120} INFO - ::group::Pre task execution logs
[2025-09-25T11:47:04.876+0000] {taskinstance.py:2076} INFO - Dependencies all met for dep_context=non-requeueable deps ti=<TaskInstance: weather_pipeline_orchestration.verify_docker_services scheduled__2025-09-25T11:30:00+00:00 [queued]>
[2025-09-25T11:47:04.880+0000] {taskinstance.py:2076} INFO - Dependencies all met for dep_context=requeueable deps ti=<TaskInstance: weather_pipeline_orchestration.verify_docker_services scheduled__2025-09-25T11:30:00+00:00 [queued]>
[2025-09-25T11:47:04.880+0000] {taskinstance.py:2306} INFO - Starting attempt 2 of 2
[2025-09-25T11:47:04.887+0000] {taskinstance.py:2330} INFO - Executing <Task(BashOperator): verify_docker_services> on 2025-09-25 11:30:00+00:00
[2025-09-25T11:47:04.892+0000] {standard_task_runner.py:90} INFO - Running: ['***', 'tasks', 'run', 'weather_pipeline_orchestration', 'verify_docker_services', 'scheduled__2025-09-25T11:30:00+00:00', '--job-id', '91', '--raw', '--subdir', 'DAGS_FOLDER/weather_pipeline_orchestration.py', '--cfg-path', '/tmp/tmpjftxqftp']
[2025-09-25T11:47:04.897+0000] {standard_task_runner.py:91} INFO - Job 91: Subtask verify_docker_services
[2025-09-25T11:47:04.897+0000] {logging_mixin.py:188} WARNING - /home/***/.local/lib/python3.12/site-packages/***/task/task_runner/standard_task_runner.py:62 DeprecationWarning: This process (pid=10639) is multi-threaded, use of fork() may lead to deadlocks in the child.
[2025-09-25T11:47:04.899+0000] {standard_task_runner.py:64} INFO - Started process 10640 to run task
[2025-09-25T11:47:04.950+0000] {task_command.py:426} INFO - Running <TaskInstance: weather_pipeline_orchestration.verify_docker_services scheduled__2025-09-25T11:30:00+00:00 [running]> on host 791fb6ea4f60
[2025-09-25T11:47:04.980+0000] {abstractoperator.py:725} ERROR - Exception rendering Jinja template for task 'verify_docker_services', field 'bash_command'. Template: '\n        echo "🔍 Checking Docker services..."\n        docker ps --filter "name=kafka" --format "Kafka: {{.Status}}"\n        docker ps --filter "name=namenode" --format "NameNode: {{.Status}}"\n        docker ps --filter "name=data-producer" --format "Producer: {{.Status}}"\n        echo "✅ Docker services check completed"\n        '
Traceback (most recent call last):
  File "/home/airflow/.local/lib/python3.12/site-packages/airflow/models/abstractoperator.py", line 717, in _do_render_template_fields
    rendered_content = self.render_template(
                       ^^^^^^^^^^^^^^^^^^^^^
  File "/home/airflow/.local/lib/python3.12/site-packages/airflow/template/templater.py", line 168, in render_template
    template = jinja_env.from_string(value)
               ^^^^^^^^^^^^^^^^^^^^^^^^^^^^
  File "/home/airflow/.local/lib/python3.12/site-packages/jinja2/environment.py", line 1108, in from_string
    return cls.from_code(self, self.compile(source), gs, None)
                               ^^^^^^^^^^^^^^^^^^^^
  File "/home/airflow/.local/lib/python3.12/site-packages/jinja2/environment.py", line 768, in compile
    self.handle_exception(source=source_hint)
  File "/home/airflow/.local/lib/python3.12/site-packages/jinja2/environment.py", line 939, in handle_exception
    raise rewrite_traceback_stack(source=source)
  File "<unknown>", line 3, in template
jinja2.exceptions.TemplateSyntaxError: unexpected '.'
[2025-09-25T11:47:04.983+0000] {taskinstance.py:2905} ERROR - Task failed with exception
Traceback (most recent call last):
  File "/home/airflow/.local/lib/python3.12/site-packages/airflow/models/taskinstance.py", line 2479, in _run_raw_task
    self._execute_task_with_callbacks(context, test_mode, session=session)
  File "/home/airflow/.local/lib/python3.12/site-packages/airflow/models/taskinstance.py", line 2633, in _execute_task_with_callbacks
    task_orig = self.render_templates(context=context, jinja_env=jinja_env)
                ^^^^^^^^^^^^^^^^^^^^^^^^^^^^^^^^^^^^^^^^^^^^^^^^^^^^^^^^^^^
  File "/home/airflow/.local/lib/python3.12/site-packages/airflow/models/taskinstance.py", line 3094, in render_templates
    original_task.render_template_fields(context, jinja_env)
  File "/home/airflow/.local/lib/python3.12/site-packages/airflow/models/baseoperator.py", line 1337, in render_template_fields
    self._do_render_template_fields(self, self.template_fields, context, jinja_env, set())
  File "/home/airflow/.local/lib/python3.12/site-packages/airflow/models/abstractoperator.py", line 717, in _do_render_template_fields
    rendered_content = self.render_template(
                       ^^^^^^^^^^^^^^^^^^^^^
  File "/home/airflow/.local/lib/python3.12/site-packages/airflow/template/templater.py", line 168, in render_template
    template = jinja_env.from_string(value)
               ^^^^^^^^^^^^^^^^^^^^^^^^^^^^
  File "/home/airflow/.local/lib/python3.12/site-packages/jinja2/environment.py", line 1108, in from_string
    return cls.from_code(self, self.compile(source), gs, None)
                               ^^^^^^^^^^^^^^^^^^^^
  File "/home/airflow/.local/lib/python3.12/site-packages/jinja2/environment.py", line 768, in compile
    self.handle_exception(source=source_hint)
  File "/home/airflow/.local/lib/python3.12/site-packages/jinja2/environment.py", line 939, in handle_exception
    raise rewrite_traceback_stack(source=source)
  File "<unknown>", line 3, in template
jinja2.exceptions.TemplateSyntaxError: unexpected '.'
[2025-09-25T11:47:04.988+0000] {taskinstance.py:1206} INFO - Marking task as FAILED. dag_id=weather_pipeline_orchestration, task_id=verify_docker_services, run_id=scheduled__2025-09-25T11:30:00+00:00, execution_date=20250925T113000, start_date=20250925T114704, end_date=20250925T114704
[2025-09-25T11:47:04.994+0000] {standard_task_runner.py:110} ERROR - Failed to execute job 91 for task verify_docker_services (unexpected '.'; 10640)
[2025-09-25T11:47:05.001+0000] {local_task_job_runner.py:243} INFO - Task exited with return code 1
[2025-09-25T11:47:05.018+0000] {taskinstance.py:3503} INFO - 0 downstream tasks scheduled from follow-on schedule check
[2025-09-25T11:47:05.021+0000] {local_task_job_runner.py:222} INFO - ::endgroup::
