[2025-09-25T08:21:20.555+0000] {processor.py:161} INFO - Started process (PID=168) to work on /opt/airflow/dags/example_weather_pipeline_dag.py
[2025-09-25T08:21:20.558+0000] {processor.py:830} INFO - Processing file /opt/airflow/dags/example_weather_pipeline_dag.py for tasks to queue
[2025-09-25T08:21:20.561+0000] {logging_mixin.py:188} INFO - [2025-09-25T08:21:20.561+0000] {dagbag.py:545} INFO - Filling up the DagBag from /opt/airflow/dags/example_weather_pipeline_dag.py
[2025-09-25T08:21:20.602+0000] {processor.py:840} INFO - DAG(s) 'example_weather_pipeline' retrieved from /opt/airflow/dags/example_weather_pipeline_dag.py
[2025-09-25T08:21:20.942+0000] {logging_mixin.py:188} INFO - [2025-09-25T08:21:20.942+0000] {dag.py:3089} INFO - Sync 1 DAGs
[2025-09-25T08:21:20.964+0000] {logging_mixin.py:188} INFO - [2025-09-25T08:21:20.964+0000] {dag.py:3947} INFO - Setting next_dagrun for example_weather_pipeline to 2025-09-25 08:10:00+00:00, run_after=2025-09-25 08:20:00+00:00
[2025-09-25T08:21:20.994+0000] {processor.py:183} INFO - Processing /opt/airflow/dags/example_weather_pipeline_dag.py took 0.447 seconds
[2025-09-25T08:21:51.262+0000] {processor.py:161} INFO - Started process (PID=178) to work on /opt/airflow/dags/example_weather_pipeline_dag.py
[2025-09-25T08:21:51.265+0000] {processor.py:830} INFO - Processing file /opt/airflow/dags/example_weather_pipeline_dag.py for tasks to queue
[2025-09-25T08:21:51.277+0000] {logging_mixin.py:188} INFO - [2025-09-25T08:21:51.277+0000] {dagbag.py:545} INFO - Filling up the DagBag from /opt/airflow/dags/example_weather_pipeline_dag.py
[2025-09-25T08:21:51.294+0000] {processor.py:840} INFO - DAG(s) 'example_weather_pipeline' retrieved from /opt/airflow/dags/example_weather_pipeline_dag.py
[2025-09-25T08:21:51.330+0000] {logging_mixin.py:188} INFO - [2025-09-25T08:21:51.329+0000] {dag.py:3089} INFO - Sync 1 DAGs
[2025-09-25T08:21:51.352+0000] {logging_mixin.py:188} INFO - [2025-09-25T08:21:51.352+0000] {dag.py:3947} INFO - Setting next_dagrun for example_weather_pipeline to 2025-09-25 08:10:00+00:00, run_after=2025-09-25 08:20:00+00:00
[2025-09-25T08:21:51.422+0000] {processor.py:183} INFO - Processing /opt/airflow/dags/example_weather_pipeline_dag.py took 0.166 seconds
[2025-09-25T08:22:21.749+0000] {processor.py:161} INFO - Started process (PID=187) to work on /opt/airflow/dags/example_weather_pipeline_dag.py
[2025-09-25T08:22:21.750+0000] {processor.py:830} INFO - Processing file /opt/airflow/dags/example_weather_pipeline_dag.py for tasks to queue
[2025-09-25T08:22:21.755+0000] {logging_mixin.py:188} INFO - [2025-09-25T08:22:21.754+0000] {dagbag.py:545} INFO - Filling up the DagBag from /opt/airflow/dags/example_weather_pipeline_dag.py
[2025-09-25T08:22:21.784+0000] {processor.py:840} INFO - DAG(s) 'example_weather_pipeline' retrieved from /opt/airflow/dags/example_weather_pipeline_dag.py
[2025-09-25T08:22:21.832+0000] {logging_mixin.py:188} INFO - [2025-09-25T08:22:21.831+0000] {dag.py:3089} INFO - Sync 1 DAGs
[2025-09-25T08:22:21.857+0000] {logging_mixin.py:188} INFO - [2025-09-25T08:22:21.857+0000] {dag.py:3947} INFO - Setting next_dagrun for example_weather_pipeline to 2025-09-25 08:10:00+00:00, run_after=2025-09-25 08:20:00+00:00
[2025-09-25T08:22:21.878+0000] {processor.py:183} INFO - Processing /opt/airflow/dags/example_weather_pipeline_dag.py took 0.135 seconds
[2025-09-25T08:22:52.060+0000] {processor.py:161} INFO - Started process (PID=197) to work on /opt/airflow/dags/example_weather_pipeline_dag.py
[2025-09-25T08:22:52.062+0000] {processor.py:830} INFO - Processing file /opt/airflow/dags/example_weather_pipeline_dag.py for tasks to queue
[2025-09-25T08:22:52.074+0000] {logging_mixin.py:188} INFO - [2025-09-25T08:22:52.073+0000] {dagbag.py:545} INFO - Filling up the DagBag from /opt/airflow/dags/example_weather_pipeline_dag.py
[2025-09-25T08:22:52.097+0000] {processor.py:840} INFO - DAG(s) 'example_weather_pipeline' retrieved from /opt/airflow/dags/example_weather_pipeline_dag.py
[2025-09-25T08:22:52.134+0000] {logging_mixin.py:188} INFO - [2025-09-25T08:22:52.134+0000] {dag.py:3089} INFO - Sync 1 DAGs
[2025-09-25T08:22:52.153+0000] {logging_mixin.py:188} INFO - [2025-09-25T08:22:52.153+0000] {dag.py:3947} INFO - Setting next_dagrun for example_weather_pipeline to 2025-09-25 08:10:00+00:00, run_after=2025-09-25 08:20:00+00:00
[2025-09-25T08:22:52.168+0000] {processor.py:183} INFO - Processing /opt/airflow/dags/example_weather_pipeline_dag.py took 0.115 seconds
[2025-09-25T08:23:22.419+0000] {processor.py:161} INFO - Started process (PID=215) to work on /opt/airflow/dags/example_weather_pipeline_dag.py
[2025-09-25T08:23:22.420+0000] {processor.py:830} INFO - Processing file /opt/airflow/dags/example_weather_pipeline_dag.py for tasks to queue
[2025-09-25T08:23:22.423+0000] {logging_mixin.py:188} INFO - [2025-09-25T08:23:22.422+0000] {dagbag.py:545} INFO - Filling up the DagBag from /opt/airflow/dags/example_weather_pipeline_dag.py
[2025-09-25T08:23:22.448+0000] {processor.py:840} INFO - DAG(s) 'example_weather_pipeline' retrieved from /opt/airflow/dags/example_weather_pipeline_dag.py
[2025-09-25T08:23:22.480+0000] {logging_mixin.py:188} INFO - [2025-09-25T08:23:22.480+0000] {dag.py:3089} INFO - Sync 1 DAGs
[2025-09-25T08:23:22.502+0000] {logging_mixin.py:188} INFO - [2025-09-25T08:23:22.502+0000] {dag.py:3947} INFO - Setting next_dagrun for example_weather_pipeline to 2025-09-25 08:10:00+00:00, run_after=2025-09-25 08:20:00+00:00
[2025-09-25T08:23:22.519+0000] {processor.py:183} INFO - Processing /opt/airflow/dags/example_weather_pipeline_dag.py took 0.107 seconds
[2025-09-25T08:23:52.740+0000] {processor.py:161} INFO - Started process (PID=225) to work on /opt/airflow/dags/example_weather_pipeline_dag.py
[2025-09-25T08:23:52.741+0000] {processor.py:830} INFO - Processing file /opt/airflow/dags/example_weather_pipeline_dag.py for tasks to queue
[2025-09-25T08:23:52.745+0000] {logging_mixin.py:188} INFO - [2025-09-25T08:23:52.744+0000] {dagbag.py:545} INFO - Filling up the DagBag from /opt/airflow/dags/example_weather_pipeline_dag.py
[2025-09-25T08:23:52.775+0000] {processor.py:840} INFO - DAG(s) 'example_weather_pipeline' retrieved from /opt/airflow/dags/example_weather_pipeline_dag.py
[2025-09-25T08:23:52.818+0000] {logging_mixin.py:188} INFO - [2025-09-25T08:23:52.817+0000] {dag.py:3089} INFO - Sync 1 DAGs
[2025-09-25T08:23:52.862+0000] {logging_mixin.py:188} INFO - [2025-09-25T08:23:52.862+0000] {dag.py:3947} INFO - Setting next_dagrun for example_weather_pipeline to 2025-09-25 08:10:00+00:00, run_after=2025-09-25 08:20:00+00:00
[2025-09-25T08:23:52.882+0000] {processor.py:183} INFO - Processing /opt/airflow/dags/example_weather_pipeline_dag.py took 0.151 seconds
[2025-09-25T08:24:23.167+0000] {processor.py:161} INFO - Started process (PID=235) to work on /opt/airflow/dags/example_weather_pipeline_dag.py
[2025-09-25T08:24:23.170+0000] {processor.py:830} INFO - Processing file /opt/airflow/dags/example_weather_pipeline_dag.py for tasks to queue
[2025-09-25T08:24:23.175+0000] {logging_mixin.py:188} INFO - [2025-09-25T08:24:23.175+0000] {dagbag.py:545} INFO - Filling up the DagBag from /opt/airflow/dags/example_weather_pipeline_dag.py
[2025-09-25T08:24:23.194+0000] {processor.py:840} INFO - DAG(s) 'example_weather_pipeline' retrieved from /opt/airflow/dags/example_weather_pipeline_dag.py
[2025-09-25T08:24:23.247+0000] {logging_mixin.py:188} INFO - [2025-09-25T08:24:23.247+0000] {dag.py:3089} INFO - Sync 1 DAGs
[2025-09-25T08:24:23.270+0000] {logging_mixin.py:188} INFO - [2025-09-25T08:24:23.270+0000] {dag.py:3947} INFO - Setting next_dagrun for example_weather_pipeline to 2025-09-25 08:10:00+00:00, run_after=2025-09-25 08:20:00+00:00
[2025-09-25T08:24:23.290+0000] {processor.py:183} INFO - Processing /opt/airflow/dags/example_weather_pipeline_dag.py took 0.149 seconds
[2025-09-25T08:24:53.507+0000] {processor.py:161} INFO - Started process (PID=245) to work on /opt/airflow/dags/example_weather_pipeline_dag.py
[2025-09-25T08:24:53.509+0000] {processor.py:830} INFO - Processing file /opt/airflow/dags/example_weather_pipeline_dag.py for tasks to queue
[2025-09-25T08:24:53.515+0000] {logging_mixin.py:188} INFO - [2025-09-25T08:24:53.515+0000] {dagbag.py:545} INFO - Filling up the DagBag from /opt/airflow/dags/example_weather_pipeline_dag.py
[2025-09-25T08:24:53.541+0000] {processor.py:840} INFO - DAG(s) 'example_weather_pipeline' retrieved from /opt/airflow/dags/example_weather_pipeline_dag.py
[2025-09-25T08:24:53.615+0000] {logging_mixin.py:188} INFO - [2025-09-25T08:24:53.615+0000] {dag.py:3089} INFO - Sync 1 DAGs
[2025-09-25T08:24:53.649+0000] {logging_mixin.py:188} INFO - [2025-09-25T08:24:53.648+0000] {dag.py:3947} INFO - Setting next_dagrun for example_weather_pipeline to 2025-09-25 08:10:00+00:00, run_after=2025-09-25 08:20:00+00:00
[2025-09-25T08:24:53.680+0000] {processor.py:183} INFO - Processing /opt/airflow/dags/example_weather_pipeline_dag.py took 0.185 seconds
[2025-09-25T08:30:41.493+0000] {processor.py:161} INFO - Started process (PID=167) to work on /opt/airflow/dags/example_weather_pipeline_dag.py
[2025-09-25T08:30:41.496+0000] {processor.py:830} INFO - Processing file /opt/airflow/dags/example_weather_pipeline_dag.py for tasks to queue
[2025-09-25T08:30:41.499+0000] {logging_mixin.py:188} INFO - [2025-09-25T08:30:41.499+0000] {dagbag.py:545} INFO - Filling up the DagBag from /opt/airflow/dags/example_weather_pipeline_dag.py
[2025-09-25T08:30:41.525+0000] {processor.py:840} INFO - DAG(s) 'example_weather_pipeline' retrieved from /opt/airflow/dags/example_weather_pipeline_dag.py
[2025-09-25T08:30:42.162+0000] {logging_mixin.py:188} INFO - [2025-09-25T08:30:42.161+0000] {dag.py:3089} INFO - Sync 1 DAGs
[2025-09-25T08:30:42.201+0000] {logging_mixin.py:188} INFO - [2025-09-25T08:30:42.200+0000] {dag.py:3947} INFO - Setting next_dagrun for example_weather_pipeline to 2025-09-25 08:20:00+00:00, run_after=2025-09-25 08:30:00+00:00
[2025-09-25T08:30:42.261+0000] {processor.py:183} INFO - Processing /opt/airflow/dags/example_weather_pipeline_dag.py took 0.776 seconds
[2025-09-25T08:31:12.555+0000] {processor.py:161} INFO - Started process (PID=194) to work on /opt/airflow/dags/example_weather_pipeline_dag.py
[2025-09-25T08:31:12.559+0000] {processor.py:830} INFO - Processing file /opt/airflow/dags/example_weather_pipeline_dag.py for tasks to queue
[2025-09-25T08:31:12.565+0000] {logging_mixin.py:188} INFO - [2025-09-25T08:31:12.564+0000] {dagbag.py:545} INFO - Filling up the DagBag from /opt/airflow/dags/example_weather_pipeline_dag.py
[2025-09-25T08:31:12.588+0000] {processor.py:840} INFO - DAG(s) 'example_weather_pipeline' retrieved from /opt/airflow/dags/example_weather_pipeline_dag.py
[2025-09-25T08:31:12.647+0000] {logging_mixin.py:188} INFO - [2025-09-25T08:31:12.647+0000] {dag.py:3089} INFO - Sync 1 DAGs
[2025-09-25T08:31:12.677+0000] {logging_mixin.py:188} INFO - [2025-09-25T08:31:12.677+0000] {dag.py:3947} INFO - Setting next_dagrun for example_weather_pipeline to 2025-09-25 08:20:00+00:00, run_after=2025-09-25 08:30:00+00:00
[2025-09-25T08:31:12.693+0000] {processor.py:183} INFO - Processing /opt/airflow/dags/example_weather_pipeline_dag.py took 0.149 seconds
[2025-09-25T08:31:42.847+0000] {processor.py:161} INFO - Started process (PID=204) to work on /opt/airflow/dags/example_weather_pipeline_dag.py
[2025-09-25T08:31:42.850+0000] {processor.py:830} INFO - Processing file /opt/airflow/dags/example_weather_pipeline_dag.py for tasks to queue
[2025-09-25T08:31:42.852+0000] {logging_mixin.py:188} INFO - [2025-09-25T08:31:42.852+0000] {dagbag.py:545} INFO - Filling up the DagBag from /opt/airflow/dags/example_weather_pipeline_dag.py
[2025-09-25T08:31:42.885+0000] {processor.py:840} INFO - DAG(s) 'example_weather_pipeline' retrieved from /opt/airflow/dags/example_weather_pipeline_dag.py
[2025-09-25T08:31:42.923+0000] {logging_mixin.py:188} INFO - [2025-09-25T08:31:42.923+0000] {dag.py:3089} INFO - Sync 1 DAGs
[2025-09-25T08:31:42.947+0000] {logging_mixin.py:188} INFO - [2025-09-25T08:31:42.947+0000] {dag.py:3947} INFO - Setting next_dagrun for example_weather_pipeline to 2025-09-25 08:20:00+00:00, run_after=2025-09-25 08:30:00+00:00
[2025-09-25T08:31:42.966+0000] {processor.py:183} INFO - Processing /opt/airflow/dags/example_weather_pipeline_dag.py took 0.127 seconds
[2025-09-25T08:32:13.208+0000] {processor.py:161} INFO - Started process (PID=214) to work on /opt/airflow/dags/example_weather_pipeline_dag.py
[2025-09-25T08:32:13.209+0000] {processor.py:830} INFO - Processing file /opt/airflow/dags/example_weather_pipeline_dag.py for tasks to queue
[2025-09-25T08:32:13.212+0000] {logging_mixin.py:188} INFO - [2025-09-25T08:32:13.211+0000] {dagbag.py:545} INFO - Filling up the DagBag from /opt/airflow/dags/example_weather_pipeline_dag.py
[2025-09-25T08:32:13.272+0000] {processor.py:840} INFO - DAG(s) 'example_weather_pipeline' retrieved from /opt/airflow/dags/example_weather_pipeline_dag.py
[2025-09-25T08:32:13.319+0000] {logging_mixin.py:188} INFO - [2025-09-25T08:32:13.319+0000] {dag.py:3089} INFO - Sync 1 DAGs
[2025-09-25T08:32:13.342+0000] {logging_mixin.py:188} INFO - [2025-09-25T08:32:13.342+0000] {dag.py:3947} INFO - Setting next_dagrun for example_weather_pipeline to 2025-09-25 08:20:00+00:00, run_after=2025-09-25 08:30:00+00:00
[2025-09-25T08:32:13.363+0000] {processor.py:183} INFO - Processing /opt/airflow/dags/example_weather_pipeline_dag.py took 0.162 seconds
[2025-09-25T08:32:43.441+0000] {processor.py:161} INFO - Started process (PID=224) to work on /opt/airflow/dags/example_weather_pipeline_dag.py
[2025-09-25T08:32:43.442+0000] {processor.py:830} INFO - Processing file /opt/airflow/dags/example_weather_pipeline_dag.py for tasks to queue
[2025-09-25T08:32:43.451+0000] {logging_mixin.py:188} INFO - [2025-09-25T08:32:43.450+0000] {dagbag.py:545} INFO - Filling up the DagBag from /opt/airflow/dags/example_weather_pipeline_dag.py
[2025-09-25T08:32:43.481+0000] {processor.py:840} INFO - DAG(s) 'example_weather_pipeline' retrieved from /opt/airflow/dags/example_weather_pipeline_dag.py
[2025-09-25T08:32:43.520+0000] {logging_mixin.py:188} INFO - [2025-09-25T08:32:43.520+0000] {dag.py:3089} INFO - Sync 1 DAGs
[2025-09-25T08:32:43.541+0000] {logging_mixin.py:188} INFO - [2025-09-25T08:32:43.541+0000] {dag.py:3947} INFO - Setting next_dagrun for example_weather_pipeline to 2025-09-25 08:20:00+00:00, run_after=2025-09-25 08:30:00+00:00
[2025-09-25T08:32:43.560+0000] {processor.py:183} INFO - Processing /opt/airflow/dags/example_weather_pipeline_dag.py took 0.129 seconds
[2025-09-25T08:33:13.709+0000] {processor.py:161} INFO - Started process (PID=232) to work on /opt/airflow/dags/example_weather_pipeline_dag.py
[2025-09-25T08:33:13.710+0000] {processor.py:830} INFO - Processing file /opt/airflow/dags/example_weather_pipeline_dag.py for tasks to queue
[2025-09-25T08:33:13.714+0000] {logging_mixin.py:188} INFO - [2025-09-25T08:33:13.714+0000] {dagbag.py:545} INFO - Filling up the DagBag from /opt/airflow/dags/example_weather_pipeline_dag.py
[2025-09-25T08:33:13.736+0000] {processor.py:840} INFO - DAG(s) 'example_weather_pipeline' retrieved from /opt/airflow/dags/example_weather_pipeline_dag.py
[2025-09-25T08:33:13.794+0000] {logging_mixin.py:188} INFO - [2025-09-25T08:33:13.793+0000] {dag.py:3089} INFO - Sync 1 DAGs
[2025-09-25T08:33:13.850+0000] {logging_mixin.py:188} INFO - [2025-09-25T08:33:13.850+0000] {dag.py:3947} INFO - Setting next_dagrun for example_weather_pipeline to 2025-09-25 08:20:00+00:00, run_after=2025-09-25 08:30:00+00:00
[2025-09-25T08:33:13.871+0000] {processor.py:183} INFO - Processing /opt/airflow/dags/example_weather_pipeline_dag.py took 0.169 seconds
[2025-09-25T08:34:21.676+0000] {processor.py:161} INFO - Started process (PID=242) to work on /opt/airflow/dags/example_weather_pipeline_dag.py
[2025-09-25T08:34:21.679+0000] {processor.py:830} INFO - Processing file /opt/airflow/dags/example_weather_pipeline_dag.py for tasks to queue
[2025-09-25T08:34:21.683+0000] {logging_mixin.py:188} INFO - [2025-09-25T08:34:21.682+0000] {dagbag.py:545} INFO - Filling up the DagBag from /opt/airflow/dags/example_weather_pipeline_dag.py
[2025-09-25T08:34:21.730+0000] {processor.py:840} INFO - DAG(s) 'example_weather_pipeline' retrieved from /opt/airflow/dags/example_weather_pipeline_dag.py
[2025-09-25T08:34:21.807+0000] {logging_mixin.py:188} INFO - [2025-09-25T08:34:21.806+0000] {dag.py:3089} INFO - Sync 1 DAGs
[2025-09-25T08:34:21.836+0000] {logging_mixin.py:188} INFO - [2025-09-25T08:34:21.835+0000] {dag.py:3947} INFO - Setting next_dagrun for example_weather_pipeline to 2025-09-25 08:20:00+00:00, run_after=2025-09-25 08:30:00+00:00
[2025-09-25T08:34:21.869+0000] {processor.py:183} INFO - Processing /opt/airflow/dags/example_weather_pipeline_dag.py took 0.206 seconds
[2025-09-25T08:34:52.287+0000] {processor.py:161} INFO - Started process (PID=254) to work on /opt/airflow/dags/example_weather_pipeline_dag.py
[2025-09-25T08:34:52.289+0000] {processor.py:830} INFO - Processing file /opt/airflow/dags/example_weather_pipeline_dag.py for tasks to queue
[2025-09-25T08:34:52.292+0000] {logging_mixin.py:188} INFO - [2025-09-25T08:34:52.291+0000] {dagbag.py:545} INFO - Filling up the DagBag from /opt/airflow/dags/example_weather_pipeline_dag.py
[2025-09-25T08:34:52.311+0000] {processor.py:840} INFO - DAG(s) 'example_weather_pipeline' retrieved from /opt/airflow/dags/example_weather_pipeline_dag.py
[2025-09-25T08:34:52.350+0000] {logging_mixin.py:188} INFO - [2025-09-25T08:34:52.350+0000] {dag.py:3089} INFO - Sync 1 DAGs
[2025-09-25T08:34:52.382+0000] {logging_mixin.py:188} INFO - [2025-09-25T08:34:52.381+0000] {dag.py:3947} INFO - Setting next_dagrun for example_weather_pipeline to 2025-09-25 08:20:00+00:00, run_after=2025-09-25 08:30:00+00:00
[2025-09-25T08:34:52.399+0000] {processor.py:183} INFO - Processing /opt/airflow/dags/example_weather_pipeline_dag.py took 0.127 seconds
[2025-09-25T08:35:23.041+0000] {processor.py:161} INFO - Started process (PID=271) to work on /opt/airflow/dags/example_weather_pipeline_dag.py
[2025-09-25T08:35:23.043+0000] {processor.py:830} INFO - Processing file /opt/airflow/dags/example_weather_pipeline_dag.py for tasks to queue
[2025-09-25T08:35:23.048+0000] {logging_mixin.py:188} INFO - [2025-09-25T08:35:23.048+0000] {dagbag.py:545} INFO - Filling up the DagBag from /opt/airflow/dags/example_weather_pipeline_dag.py
[2025-09-25T08:35:23.066+0000] {processor.py:840} INFO - DAG(s) 'example_weather_pipeline' retrieved from /opt/airflow/dags/example_weather_pipeline_dag.py
[2025-09-25T08:35:23.112+0000] {logging_mixin.py:188} INFO - [2025-09-25T08:35:23.112+0000] {dag.py:3089} INFO - Sync 1 DAGs
[2025-09-25T08:35:23.133+0000] {logging_mixin.py:188} INFO - [2025-09-25T08:35:23.133+0000] {dag.py:3947} INFO - Setting next_dagrun for example_weather_pipeline to 2025-09-25 08:20:00+00:00, run_after=2025-09-25 08:30:00+00:00
[2025-09-25T08:35:23.153+0000] {processor.py:183} INFO - Processing /opt/airflow/dags/example_weather_pipeline_dag.py took 0.120 seconds
[2025-09-25T08:36:19.924+0000] {processor.py:161} INFO - Started process (PID=282) to work on /opt/airflow/dags/example_weather_pipeline_dag.py
[2025-09-25T08:36:19.926+0000] {processor.py:830} INFO - Processing file /opt/airflow/dags/example_weather_pipeline_dag.py for tasks to queue
[2025-09-25T08:36:19.929+0000] {logging_mixin.py:188} INFO - [2025-09-25T08:36:19.928+0000] {dagbag.py:545} INFO - Filling up the DagBag from /opt/airflow/dags/example_weather_pipeline_dag.py
[2025-09-25T08:36:19.965+0000] {processor.py:840} INFO - DAG(s) 'example_weather_pipeline' retrieved from /opt/airflow/dags/example_weather_pipeline_dag.py
[2025-09-25T08:36:20.024+0000] {logging_mixin.py:188} INFO - [2025-09-25T08:36:20.023+0000] {dag.py:3089} INFO - Sync 1 DAGs
[2025-09-25T08:36:20.055+0000] {logging_mixin.py:188} INFO - [2025-09-25T08:36:20.055+0000] {dag.py:3947} INFO - Setting next_dagrun for example_weather_pipeline to 2025-09-25 08:20:00+00:00, run_after=2025-09-25 08:30:00+00:00
[2025-09-25T08:36:20.074+0000] {processor.py:183} INFO - Processing /opt/airflow/dags/example_weather_pipeline_dag.py took 0.162 seconds
[2025-09-25T08:36:53.321+0000] {processor.py:161} INFO - Started process (PID=292) to work on /opt/airflow/dags/example_weather_pipeline_dag.py
[2025-09-25T08:36:53.323+0000] {processor.py:830} INFO - Processing file /opt/airflow/dags/example_weather_pipeline_dag.py for tasks to queue
[2025-09-25T08:36:53.326+0000] {logging_mixin.py:188} INFO - [2025-09-25T08:36:53.325+0000] {dagbag.py:545} INFO - Filling up the DagBag from /opt/airflow/dags/example_weather_pipeline_dag.py
[2025-09-25T08:36:53.341+0000] {processor.py:840} INFO - DAG(s) 'example_weather_pipeline' retrieved from /opt/airflow/dags/example_weather_pipeline_dag.py
[2025-09-25T08:36:53.382+0000] {logging_mixin.py:188} INFO - [2025-09-25T08:36:53.382+0000] {dag.py:3089} INFO - Sync 1 DAGs
[2025-09-25T08:36:53.402+0000] {logging_mixin.py:188} INFO - [2025-09-25T08:36:53.402+0000] {dag.py:3947} INFO - Setting next_dagrun for example_weather_pipeline to 2025-09-25 08:20:00+00:00, run_after=2025-09-25 08:30:00+00:00
[2025-09-25T08:36:53.420+0000] {processor.py:183} INFO - Processing /opt/airflow/dags/example_weather_pipeline_dag.py took 0.113 seconds
[2025-09-25T08:37:24.580+0000] {processor.py:161} INFO - Started process (PID=302) to work on /opt/airflow/dags/example_weather_pipeline_dag.py
[2025-09-25T08:37:24.601+0000] {processor.py:830} INFO - Processing file /opt/airflow/dags/example_weather_pipeline_dag.py for tasks to queue
[2025-09-25T08:37:24.608+0000] {logging_mixin.py:188} INFO - [2025-09-25T08:37:24.607+0000] {dagbag.py:545} INFO - Filling up the DagBag from /opt/airflow/dags/example_weather_pipeline_dag.py
[2025-09-25T08:37:24.661+0000] {processor.py:840} INFO - DAG(s) 'example_weather_pipeline' retrieved from /opt/airflow/dags/example_weather_pipeline_dag.py
[2025-09-25T08:37:24.775+0000] {logging_mixin.py:188} INFO - [2025-09-25T08:37:24.774+0000] {dag.py:3089} INFO - Sync 1 DAGs
[2025-09-25T08:37:24.822+0000] {logging_mixin.py:188} INFO - [2025-09-25T08:37:24.822+0000] {dag.py:3947} INFO - Setting next_dagrun for example_weather_pipeline to 2025-09-25 08:20:00+00:00, run_after=2025-09-25 08:30:00+00:00
[2025-09-25T08:37:24.901+0000] {processor.py:183} INFO - Processing /opt/airflow/dags/example_weather_pipeline_dag.py took 0.368 seconds
[2025-09-25T08:40:46.007+0000] {processor.py:161} INFO - Started process (PID=314) to work on /opt/airflow/dags/example_weather_pipeline_dag.py
[2025-09-25T08:40:46.009+0000] {processor.py:830} INFO - Processing file /opt/airflow/dags/example_weather_pipeline_dag.py for tasks to queue
[2025-09-25T08:40:46.010+0000] {logging_mixin.py:188} INFO - [2025-09-25T08:40:46.010+0000] {dagbag.py:545} INFO - Filling up the DagBag from /opt/airflow/dags/example_weather_pipeline_dag.py
[2025-09-25T08:40:46.021+0000] {processor.py:840} INFO - DAG(s) 'example_weather_pipeline' retrieved from /opt/airflow/dags/example_weather_pipeline_dag.py
[2025-09-25T08:40:46.048+0000] {logging_mixin.py:188} INFO - [2025-09-25T08:40:46.048+0000] {dag.py:3089} INFO - Sync 1 DAGs
[2025-09-25T08:40:46.075+0000] {logging_mixin.py:188} INFO - [2025-09-25T08:40:46.075+0000] {dag.py:3947} INFO - Setting next_dagrun for example_weather_pipeline to 2025-09-25 08:30:00+00:00, run_after=2025-09-25 08:40:00+00:00
[2025-09-25T08:40:46.096+0000] {processor.py:183} INFO - Processing /opt/airflow/dags/example_weather_pipeline_dag.py took 0.093 seconds
[2025-09-25T08:49:13.577+0000] {processor.py:161} INFO - Started process (PID=333) to work on /opt/airflow/dags/example_weather_pipeline_dag.py
[2025-09-25T08:49:13.579+0000] {processor.py:830} INFO - Processing file /opt/airflow/dags/example_weather_pipeline_dag.py for tasks to queue
[2025-09-25T08:49:13.580+0000] {logging_mixin.py:188} INFO - [2025-09-25T08:49:13.580+0000] {dagbag.py:545} INFO - Filling up the DagBag from /opt/airflow/dags/example_weather_pipeline_dag.py
[2025-09-25T08:49:13.593+0000] {processor.py:840} INFO - DAG(s) 'example_weather_pipeline' retrieved from /opt/airflow/dags/example_weather_pipeline_dag.py
[2025-09-25T08:49:13.618+0000] {logging_mixin.py:188} INFO - [2025-09-25T08:49:13.618+0000] {dag.py:3089} INFO - Sync 1 DAGs
[2025-09-25T08:49:13.646+0000] {logging_mixin.py:188} INFO - [2025-09-25T08:49:13.646+0000] {dag.py:3947} INFO - Setting next_dagrun for example_weather_pipeline to 2025-09-25 08:30:00+00:00, run_after=2025-09-25 08:40:00+00:00
[2025-09-25T08:49:13.665+0000] {processor.py:183} INFO - Processing /opt/airflow/dags/example_weather_pipeline_dag.py took 0.092 seconds
[2025-09-25T08:50:05.689+0000] {processor.py:161} INFO - Started process (PID=348) to work on /opt/airflow/dags/example_weather_pipeline_dag.py
[2025-09-25T08:50:05.691+0000] {processor.py:830} INFO - Processing file /opt/airflow/dags/example_weather_pipeline_dag.py for tasks to queue
[2025-09-25T08:50:05.709+0000] {logging_mixin.py:188} INFO - [2025-09-25T08:50:05.709+0000] {dagbag.py:545} INFO - Filling up the DagBag from /opt/airflow/dags/example_weather_pipeline_dag.py
[2025-09-25T08:50:05.734+0000] {processor.py:840} INFO - DAG(s) 'example_weather_pipeline' retrieved from /opt/airflow/dags/example_weather_pipeline_dag.py
[2025-09-25T08:50:05.813+0000] {logging_mixin.py:188} INFO - [2025-09-25T08:50:05.813+0000] {dag.py:3089} INFO - Sync 1 DAGs
[2025-09-25T08:50:05.852+0000] {logging_mixin.py:188} INFO - [2025-09-25T08:50:05.852+0000] {dag.py:3947} INFO - Setting next_dagrun for example_weather_pipeline to 2025-09-25 08:40:00+00:00, run_after=2025-09-25 08:50:00+00:00
[2025-09-25T08:50:06.082+0000] {processor.py:183} INFO - Processing /opt/airflow/dags/example_weather_pipeline_dag.py took 0.402 seconds
[2025-09-25T08:50:36.735+0000] {processor.py:161} INFO - Started process (PID=358) to work on /opt/airflow/dags/example_weather_pipeline_dag.py
[2025-09-25T08:50:36.737+0000] {processor.py:830} INFO - Processing file /opt/airflow/dags/example_weather_pipeline_dag.py for tasks to queue
[2025-09-25T08:50:36.741+0000] {logging_mixin.py:188} INFO - [2025-09-25T08:50:36.741+0000] {dagbag.py:545} INFO - Filling up the DagBag from /opt/airflow/dags/example_weather_pipeline_dag.py
[2025-09-25T08:50:36.782+0000] {processor.py:840} INFO - DAG(s) 'example_weather_pipeline' retrieved from /opt/airflow/dags/example_weather_pipeline_dag.py
[2025-09-25T08:50:36.849+0000] {logging_mixin.py:188} INFO - [2025-09-25T08:50:36.849+0000] {dag.py:3089} INFO - Sync 1 DAGs
[2025-09-25T08:50:36.871+0000] {logging_mixin.py:188} INFO - [2025-09-25T08:50:36.871+0000] {dag.py:3947} INFO - Setting next_dagrun for example_weather_pipeline to 2025-09-25 08:40:00+00:00, run_after=2025-09-25 08:50:00+00:00
[2025-09-25T08:50:36.892+0000] {processor.py:183} INFO - Processing /opt/airflow/dags/example_weather_pipeline_dag.py took 0.166 seconds
[2025-09-25T08:51:07.063+0000] {processor.py:161} INFO - Started process (PID=368) to work on /opt/airflow/dags/example_weather_pipeline_dag.py
[2025-09-25T08:51:07.064+0000] {processor.py:830} INFO - Processing file /opt/airflow/dags/example_weather_pipeline_dag.py for tasks to queue
[2025-09-25T08:51:07.069+0000] {logging_mixin.py:188} INFO - [2025-09-25T08:51:07.068+0000] {dagbag.py:545} INFO - Filling up the DagBag from /opt/airflow/dags/example_weather_pipeline_dag.py
[2025-09-25T08:51:07.102+0000] {processor.py:840} INFO - DAG(s) 'example_weather_pipeline' retrieved from /opt/airflow/dags/example_weather_pipeline_dag.py
[2025-09-25T08:51:07.155+0000] {logging_mixin.py:188} INFO - [2025-09-25T08:51:07.155+0000] {dag.py:3089} INFO - Sync 1 DAGs
[2025-09-25T08:51:07.193+0000] {logging_mixin.py:188} INFO - [2025-09-25T08:51:07.193+0000] {dag.py:3947} INFO - Setting next_dagrun for example_weather_pipeline to 2025-09-25 08:40:00+00:00, run_after=2025-09-25 08:50:00+00:00
[2025-09-25T08:51:07.218+0000] {processor.py:183} INFO - Processing /opt/airflow/dags/example_weather_pipeline_dag.py took 0.164 seconds
[2025-09-25T08:51:37.615+0000] {processor.py:161} INFO - Started process (PID=377) to work on /opt/airflow/dags/example_weather_pipeline_dag.py
[2025-09-25T08:51:37.617+0000] {processor.py:830} INFO - Processing file /opt/airflow/dags/example_weather_pipeline_dag.py for tasks to queue
[2025-09-25T08:51:37.620+0000] {logging_mixin.py:188} INFO - [2025-09-25T08:51:37.620+0000] {dagbag.py:545} INFO - Filling up the DagBag from /opt/airflow/dags/example_weather_pipeline_dag.py
[2025-09-25T08:51:37.635+0000] {processor.py:840} INFO - DAG(s) 'example_weather_pipeline' retrieved from /opt/airflow/dags/example_weather_pipeline_dag.py
[2025-09-25T08:51:37.696+0000] {logging_mixin.py:188} INFO - [2025-09-25T08:51:37.696+0000] {dag.py:3089} INFO - Sync 1 DAGs
[2025-09-25T08:51:37.719+0000] {logging_mixin.py:188} INFO - [2025-09-25T08:51:37.719+0000] {dag.py:3947} INFO - Setting next_dagrun for example_weather_pipeline to 2025-09-25 08:40:00+00:00, run_after=2025-09-25 08:50:00+00:00
[2025-09-25T08:51:37.747+0000] {processor.py:183} INFO - Processing /opt/airflow/dags/example_weather_pipeline_dag.py took 0.138 seconds
[2025-09-25T08:52:08.127+0000] {processor.py:161} INFO - Started process (PID=387) to work on /opt/airflow/dags/example_weather_pipeline_dag.py
[2025-09-25T08:52:08.128+0000] {processor.py:830} INFO - Processing file /opt/airflow/dags/example_weather_pipeline_dag.py for tasks to queue
[2025-09-25T08:52:08.131+0000] {logging_mixin.py:188} INFO - [2025-09-25T08:52:08.131+0000] {dagbag.py:545} INFO - Filling up the DagBag from /opt/airflow/dags/example_weather_pipeline_dag.py
[2025-09-25T08:52:08.148+0000] {processor.py:840} INFO - DAG(s) 'example_weather_pipeline' retrieved from /opt/airflow/dags/example_weather_pipeline_dag.py
[2025-09-25T08:52:08.208+0000] {logging_mixin.py:188} INFO - [2025-09-25T08:52:08.207+0000] {dag.py:3089} INFO - Sync 1 DAGs
[2025-09-25T08:52:08.250+0000] {logging_mixin.py:188} INFO - [2025-09-25T08:52:08.249+0000] {dag.py:3947} INFO - Setting next_dagrun for example_weather_pipeline to 2025-09-25 08:40:00+00:00, run_after=2025-09-25 08:50:00+00:00
[2025-09-25T08:52:08.287+0000] {processor.py:183} INFO - Processing /opt/airflow/dags/example_weather_pipeline_dag.py took 0.170 seconds
[2025-09-25T08:52:38.635+0000] {processor.py:161} INFO - Started process (PID=397) to work on /opt/airflow/dags/example_weather_pipeline_dag.py
[2025-09-25T08:52:38.637+0000] {processor.py:830} INFO - Processing file /opt/airflow/dags/example_weather_pipeline_dag.py for tasks to queue
[2025-09-25T08:52:38.640+0000] {logging_mixin.py:188} INFO - [2025-09-25T08:52:38.639+0000] {dagbag.py:545} INFO - Filling up the DagBag from /opt/airflow/dags/example_weather_pipeline_dag.py
[2025-09-25T08:52:38.660+0000] {processor.py:840} INFO - DAG(s) 'example_weather_pipeline' retrieved from /opt/airflow/dags/example_weather_pipeline_dag.py
[2025-09-25T08:52:38.735+0000] {logging_mixin.py:188} INFO - [2025-09-25T08:52:38.735+0000] {dag.py:3089} INFO - Sync 1 DAGs
[2025-09-25T08:52:39.305+0000] {logging_mixin.py:188} INFO - [2025-09-25T08:52:39.305+0000] {dag.py:3947} INFO - Setting next_dagrun for example_weather_pipeline to 2025-09-25 08:40:00+00:00, run_after=2025-09-25 08:50:00+00:00
[2025-09-25T08:52:39.352+0000] {processor.py:183} INFO - Processing /opt/airflow/dags/example_weather_pipeline_dag.py took 0.726 seconds
[2025-09-25T08:53:09.677+0000] {processor.py:161} INFO - Started process (PID=407) to work on /opt/airflow/dags/example_weather_pipeline_dag.py
[2025-09-25T08:53:09.682+0000] {processor.py:830} INFO - Processing file /opt/airflow/dags/example_weather_pipeline_dag.py for tasks to queue
[2025-09-25T08:53:09.690+0000] {logging_mixin.py:188} INFO - [2025-09-25T08:53:09.689+0000] {dagbag.py:545} INFO - Filling up the DagBag from /opt/airflow/dags/example_weather_pipeline_dag.py
[2025-09-25T08:53:09.728+0000] {processor.py:840} INFO - DAG(s) 'example_weather_pipeline' retrieved from /opt/airflow/dags/example_weather_pipeline_dag.py
[2025-09-25T08:53:09.797+0000] {logging_mixin.py:188} INFO - [2025-09-25T08:53:09.797+0000] {dag.py:3089} INFO - Sync 1 DAGs
[2025-09-25T08:53:09.837+0000] {logging_mixin.py:188} INFO - [2025-09-25T08:53:09.837+0000] {dag.py:3947} INFO - Setting next_dagrun for example_weather_pipeline to 2025-09-25 08:40:00+00:00, run_after=2025-09-25 08:50:00+00:00
[2025-09-25T08:53:09.858+0000] {processor.py:183} INFO - Processing /opt/airflow/dags/example_weather_pipeline_dag.py took 0.201 seconds
[2025-09-25T08:53:40.079+0000] {processor.py:161} INFO - Started process (PID=418) to work on /opt/airflow/dags/example_weather_pipeline_dag.py
[2025-09-25T08:53:40.082+0000] {processor.py:830} INFO - Processing file /opt/airflow/dags/example_weather_pipeline_dag.py for tasks to queue
[2025-09-25T08:53:40.087+0000] {logging_mixin.py:188} INFO - [2025-09-25T08:53:40.086+0000] {dagbag.py:545} INFO - Filling up the DagBag from /opt/airflow/dags/example_weather_pipeline_dag.py
[2025-09-25T08:53:40.107+0000] {processor.py:840} INFO - DAG(s) 'example_weather_pipeline' retrieved from /opt/airflow/dags/example_weather_pipeline_dag.py
[2025-09-25T08:53:40.208+0000] {logging_mixin.py:188} INFO - [2025-09-25T08:53:40.207+0000] {dag.py:3089} INFO - Sync 1 DAGs
[2025-09-25T08:53:40.285+0000] {logging_mixin.py:188} INFO - [2025-09-25T08:53:40.284+0000] {dag.py:3947} INFO - Setting next_dagrun for example_weather_pipeline to 2025-09-25 08:40:00+00:00, run_after=2025-09-25 08:50:00+00:00
[2025-09-25T08:53:40.308+0000] {processor.py:183} INFO - Processing /opt/airflow/dags/example_weather_pipeline_dag.py took 0.236 seconds
