[2025-09-25T08:54:13.640+0000] {processor.py:161} INFO - Started process (PID=435) to work on /opt/airflow/dags/spark_job_orchestration.py
[2025-09-25T08:54:13.641+0000] {processor.py:830} INFO - Processing file /opt/airflow/dags/spark_job_orchestration.py for tasks to queue
[2025-09-25T08:54:13.642+0000] {logging_mixin.py:188} INFO - [2025-09-25T08:54:13.642+0000] {dagbag.py:545} INFO - Filling up the DagBag from /opt/airflow/dags/spark_job_orchestration.py
[2025-09-25T08:54:13.654+0000] {processor.py:840} INFO - DAG(s) 'spark_job_orchestration' retrieved from /opt/airflow/dags/spark_job_orchestration.py
[2025-09-25T08:54:13.812+0000] {logging_mixin.py:188} INFO - [2025-09-25T08:54:13.812+0000] {override.py:1858} INFO - Created Permission View: can delete on DAG:spark_job_orchestration
[2025-09-25T08:54:13.819+0000] {logging_mixin.py:188} INFO - [2025-09-25T08:54:13.819+0000] {override.py:1858} INFO - Created Permission View: can edit on DAG:spark_job_orchestration
[2025-09-25T08:54:13.823+0000] {logging_mixin.py:188} INFO - [2025-09-25T08:54:13.823+0000] {override.py:1858} INFO - Created Permission View: can read on DAG:spark_job_orchestration
[2025-09-25T08:54:13.824+0000] {logging_mixin.py:188} INFO - [2025-09-25T08:54:13.824+0000] {dag.py:3089} INFO - Sync 1 DAGs
[2025-09-25T08:54:13.835+0000] {logging_mixin.py:188} INFO - [2025-09-25T08:54:13.835+0000] {dag.py:3111} INFO - Creating ORM DAG for spark_job_orchestration
[2025-09-25T08:54:13.845+0000] {logging_mixin.py:188} INFO - [2025-09-25T08:54:13.845+0000] {dag.py:3947} INFO - Setting next_dagrun for spark_job_orchestration to 2025-09-25 07:00:00+00:00, run_after=2025-09-25 08:00:00+00:00
[2025-09-25T08:54:13.857+0000] {processor.py:183} INFO - Processing /opt/airflow/dags/spark_job_orchestration.py took 0.221 seconds
[2025-09-25T08:54:44.352+0000] {processor.py:161} INFO - Started process (PID=460) to work on /opt/airflow/dags/spark_job_orchestration.py
[2025-09-25T08:54:44.354+0000] {processor.py:830} INFO - Processing file /opt/airflow/dags/spark_job_orchestration.py for tasks to queue
[2025-09-25T08:54:44.355+0000] {logging_mixin.py:188} INFO - [2025-09-25T08:54:44.355+0000] {dagbag.py:545} INFO - Filling up the DagBag from /opt/airflow/dags/spark_job_orchestration.py
[2025-09-25T08:54:44.366+0000] {processor.py:840} INFO - DAG(s) 'spark_job_orchestration' retrieved from /opt/airflow/dags/spark_job_orchestration.py
[2025-09-25T08:54:44.390+0000] {logging_mixin.py:188} INFO - [2025-09-25T08:54:44.390+0000] {dag.py:3089} INFO - Sync 1 DAGs
[2025-09-25T08:54:44.409+0000] {logging_mixin.py:188} INFO - [2025-09-25T08:54:44.409+0000] {dag.py:3947} INFO - Setting next_dagrun for spark_job_orchestration to 2025-09-25 07:00:00+00:00, run_after=2025-09-25 08:00:00+00:00
[2025-09-25T08:54:44.427+0000] {processor.py:183} INFO - Processing /opt/airflow/dags/spark_job_orchestration.py took 0.082 seconds
[2025-09-25T08:55:14.803+0000] {processor.py:161} INFO - Started process (PID=485) to work on /opt/airflow/dags/spark_job_orchestration.py
[2025-09-25T08:55:14.805+0000] {processor.py:830} INFO - Processing file /opt/airflow/dags/spark_job_orchestration.py for tasks to queue
[2025-09-25T08:55:14.806+0000] {logging_mixin.py:188} INFO - [2025-09-25T08:55:14.806+0000] {dagbag.py:545} INFO - Filling up the DagBag from /opt/airflow/dags/spark_job_orchestration.py
[2025-09-25T08:55:14.814+0000] {processor.py:840} INFO - DAG(s) 'spark_job_orchestration' retrieved from /opt/airflow/dags/spark_job_orchestration.py
[2025-09-25T08:55:14.839+0000] {logging_mixin.py:188} INFO - [2025-09-25T08:55:14.839+0000] {dag.py:3089} INFO - Sync 1 DAGs
[2025-09-25T08:55:14.861+0000] {logging_mixin.py:188} INFO - [2025-09-25T08:55:14.861+0000] {dag.py:3947} INFO - Setting next_dagrun for spark_job_orchestration to 2025-09-25 07:00:00+00:00, run_after=2025-09-25 08:00:00+00:00
[2025-09-25T08:55:14.876+0000] {processor.py:183} INFO - Processing /opt/airflow/dags/spark_job_orchestration.py took 0.078 seconds
[2025-09-25T08:55:45.318+0000] {processor.py:161} INFO - Started process (PID=510) to work on /opt/airflow/dags/spark_job_orchestration.py
[2025-09-25T08:55:45.319+0000] {processor.py:830} INFO - Processing file /opt/airflow/dags/spark_job_orchestration.py for tasks to queue
[2025-09-25T08:55:45.320+0000] {logging_mixin.py:188} INFO - [2025-09-25T08:55:45.320+0000] {dagbag.py:545} INFO - Filling up the DagBag from /opt/airflow/dags/spark_job_orchestration.py
[2025-09-25T08:55:45.331+0000] {processor.py:840} INFO - DAG(s) 'spark_job_orchestration' retrieved from /opt/airflow/dags/spark_job_orchestration.py
[2025-09-25T08:55:45.354+0000] {logging_mixin.py:188} INFO - [2025-09-25T08:55:45.354+0000] {dag.py:3089} INFO - Sync 1 DAGs
[2025-09-25T08:55:45.371+0000] {logging_mixin.py:188} INFO - [2025-09-25T08:55:45.370+0000] {dag.py:3947} INFO - Setting next_dagrun for spark_job_orchestration to 2025-09-25 07:00:00+00:00, run_after=2025-09-25 08:00:00+00:00
[2025-09-25T08:55:45.385+0000] {processor.py:183} INFO - Processing /opt/airflow/dags/spark_job_orchestration.py took 0.073 seconds
[2025-09-25T08:56:15.854+0000] {processor.py:161} INFO - Started process (PID=535) to work on /opt/airflow/dags/spark_job_orchestration.py
[2025-09-25T08:56:15.855+0000] {processor.py:830} INFO - Processing file /opt/airflow/dags/spark_job_orchestration.py for tasks to queue
[2025-09-25T08:56:15.857+0000] {logging_mixin.py:188} INFO - [2025-09-25T08:56:15.856+0000] {dagbag.py:545} INFO - Filling up the DagBag from /opt/airflow/dags/spark_job_orchestration.py
[2025-09-25T08:56:15.865+0000] {processor.py:840} INFO - DAG(s) 'spark_job_orchestration' retrieved from /opt/airflow/dags/spark_job_orchestration.py
[2025-09-25T08:56:15.890+0000] {logging_mixin.py:188} INFO - [2025-09-25T08:56:15.890+0000] {dag.py:3089} INFO - Sync 1 DAGs
[2025-09-25T08:56:15.906+0000] {logging_mixin.py:188} INFO - [2025-09-25T08:56:15.906+0000] {dag.py:3947} INFO - Setting next_dagrun for spark_job_orchestration to 2025-09-25 07:00:00+00:00, run_after=2025-09-25 08:00:00+00:00
[2025-09-25T08:56:15.923+0000] {processor.py:183} INFO - Processing /opt/airflow/dags/spark_job_orchestration.py took 0.073 seconds
[2025-09-25T08:56:51.491+0000] {processor.py:161} INFO - Started process (PID=560) to work on /opt/airflow/dags/spark_job_orchestration.py
[2025-09-25T08:56:51.500+0000] {processor.py:830} INFO - Processing file /opt/airflow/dags/spark_job_orchestration.py for tasks to queue
[2025-09-25T08:56:51.607+0000] {logging_mixin.py:188} INFO - [2025-09-25T08:56:51.606+0000] {dagbag.py:545} INFO - Filling up the DagBag from /opt/airflow/dags/spark_job_orchestration.py
[2025-09-25T08:56:51.775+0000] {processor.py:840} INFO - DAG(s) 'spark_job_orchestration' retrieved from /opt/airflow/dags/spark_job_orchestration.py
[2025-09-25T08:56:51.932+0000] {logging_mixin.py:188} INFO - [2025-09-25T08:56:51.931+0000] {dag.py:3089} INFO - Sync 1 DAGs
[2025-09-25T08:56:52.039+0000] {logging_mixin.py:188} INFO - [2025-09-25T08:56:52.039+0000] {dag.py:3947} INFO - Setting next_dagrun for spark_job_orchestration to 2025-09-25 07:00:00+00:00, run_after=2025-09-25 08:00:00+00:00
[2025-09-25T08:56:52.160+0000] {processor.py:183} INFO - Processing /opt/airflow/dags/spark_job_orchestration.py took 1.091 seconds
[2025-09-25T09:05:08.304+0000] {processor.py:161} INFO - Started process (PID=165) to work on /opt/airflow/dags/spark_job_orchestration.py
[2025-09-25T09:05:08.309+0000] {processor.py:830} INFO - Processing file /opt/airflow/dags/spark_job_orchestration.py for tasks to queue
[2025-09-25T09:05:08.314+0000] {logging_mixin.py:188} INFO - [2025-09-25T09:05:08.314+0000] {dagbag.py:545} INFO - Filling up the DagBag from /opt/airflow/dags/spark_job_orchestration.py
[2025-09-25T09:05:08.637+0000] {processor.py:840} INFO - DAG(s) 'spark_job_orchestration' retrieved from /opt/airflow/dags/spark_job_orchestration.py
[2025-09-25T09:05:09.821+0000] {logging_mixin.py:188} INFO - [2025-09-25T09:05:09.820+0000] {dag.py:3089} INFO - Sync 1 DAGs
[2025-09-25T09:05:09.877+0000] {logging_mixin.py:188} INFO - [2025-09-25T09:05:09.877+0000] {dag.py:3947} INFO - Setting next_dagrun for spark_job_orchestration to 2025-09-25 08:00:00+00:00, run_after=2025-09-25 09:00:00+00:00
[2025-09-25T09:05:10.007+0000] {processor.py:183} INFO - Processing /opt/airflow/dags/spark_job_orchestration.py took 1.719 seconds
[2025-09-25T09:05:40.941+0000] {processor.py:161} INFO - Started process (PID=190) to work on /opt/airflow/dags/spark_job_orchestration.py
[2025-09-25T09:05:40.943+0000] {processor.py:830} INFO - Processing file /opt/airflow/dags/spark_job_orchestration.py for tasks to queue
[2025-09-25T09:05:40.946+0000] {logging_mixin.py:188} INFO - [2025-09-25T09:05:40.945+0000] {dagbag.py:545} INFO - Filling up the DagBag from /opt/airflow/dags/spark_job_orchestration.py
[2025-09-25T09:05:40.981+0000] {processor.py:840} INFO - DAG(s) 'spark_job_orchestration' retrieved from /opt/airflow/dags/spark_job_orchestration.py
[2025-09-25T09:05:41.018+0000] {logging_mixin.py:188} INFO - [2025-09-25T09:05:41.018+0000] {dag.py:3089} INFO - Sync 1 DAGs
[2025-09-25T09:05:41.044+0000] {logging_mixin.py:188} INFO - [2025-09-25T09:05:41.044+0000] {dag.py:3947} INFO - Setting next_dagrun for spark_job_orchestration to 2025-09-25 08:00:00+00:00, run_after=2025-09-25 09:00:00+00:00
[2025-09-25T09:05:41.063+0000] {processor.py:183} INFO - Processing /opt/airflow/dags/spark_job_orchestration.py took 0.130 seconds
[2025-09-25T09:06:11.513+0000] {processor.py:161} INFO - Started process (PID=215) to work on /opt/airflow/dags/spark_job_orchestration.py
[2025-09-25T09:06:11.516+0000] {processor.py:830} INFO - Processing file /opt/airflow/dags/spark_job_orchestration.py for tasks to queue
[2025-09-25T09:06:11.520+0000] {logging_mixin.py:188} INFO - [2025-09-25T09:06:11.519+0000] {dagbag.py:545} INFO - Filling up the DagBag from /opt/airflow/dags/spark_job_orchestration.py
[2025-09-25T09:06:11.548+0000] {processor.py:840} INFO - DAG(s) 'spark_job_orchestration' retrieved from /opt/airflow/dags/spark_job_orchestration.py
[2025-09-25T09:06:11.585+0000] {logging_mixin.py:188} INFO - [2025-09-25T09:06:11.585+0000] {dag.py:3089} INFO - Sync 1 DAGs
[2025-09-25T09:06:11.613+0000] {logging_mixin.py:188} INFO - [2025-09-25T09:06:11.613+0000] {dag.py:3947} INFO - Setting next_dagrun for spark_job_orchestration to 2025-09-25 08:00:00+00:00, run_after=2025-09-25 09:00:00+00:00
[2025-09-25T09:06:11.631+0000] {processor.py:183} INFO - Processing /opt/airflow/dags/spark_job_orchestration.py took 0.127 seconds
[2025-09-25T09:06:42.178+0000] {processor.py:161} INFO - Started process (PID=240) to work on /opt/airflow/dags/spark_job_orchestration.py
[2025-09-25T09:06:42.180+0000] {processor.py:830} INFO - Processing file /opt/airflow/dags/spark_job_orchestration.py for tasks to queue
[2025-09-25T09:06:42.188+0000] {logging_mixin.py:188} INFO - [2025-09-25T09:06:42.187+0000] {dagbag.py:545} INFO - Filling up the DagBag from /opt/airflow/dags/spark_job_orchestration.py
[2025-09-25T09:06:42.273+0000] {processor.py:840} INFO - DAG(s) 'spark_job_orchestration' retrieved from /opt/airflow/dags/spark_job_orchestration.py
[2025-09-25T09:06:42.406+0000] {logging_mixin.py:188} INFO - [2025-09-25T09:06:42.405+0000] {dag.py:3089} INFO - Sync 1 DAGs
[2025-09-25T09:06:42.506+0000] {logging_mixin.py:188} INFO - [2025-09-25T09:06:42.506+0000] {dag.py:3947} INFO - Setting next_dagrun for spark_job_orchestration to 2025-09-25 08:00:00+00:00, run_after=2025-09-25 09:00:00+00:00
[2025-09-25T09:06:42.592+0000] {processor.py:183} INFO - Processing /opt/airflow/dags/spark_job_orchestration.py took 0.451 seconds
[2025-09-25T09:07:13.693+0000] {processor.py:161} INFO - Started process (PID=265) to work on /opt/airflow/dags/spark_job_orchestration.py
[2025-09-25T09:07:13.699+0000] {processor.py:830} INFO - Processing file /opt/airflow/dags/spark_job_orchestration.py for tasks to queue
[2025-09-25T09:07:13.705+0000] {logging_mixin.py:188} INFO - [2025-09-25T09:07:13.704+0000] {dagbag.py:545} INFO - Filling up the DagBag from /opt/airflow/dags/spark_job_orchestration.py
[2025-09-25T09:07:13.724+0000] {processor.py:840} INFO - DAG(s) 'spark_job_orchestration' retrieved from /opt/airflow/dags/spark_job_orchestration.py
[2025-09-25T09:07:13.776+0000] {logging_mixin.py:188} INFO - [2025-09-25T09:07:13.776+0000] {dag.py:3089} INFO - Sync 1 DAGs
[2025-09-25T09:07:13.801+0000] {logging_mixin.py:188} INFO - [2025-09-25T09:07:13.801+0000] {dag.py:3947} INFO - Setting next_dagrun for spark_job_orchestration to 2025-09-25 08:00:00+00:00, run_after=2025-09-25 09:00:00+00:00
[2025-09-25T09:07:13.818+0000] {processor.py:183} INFO - Processing /opt/airflow/dags/spark_job_orchestration.py took 0.144 seconds
[2025-09-25T09:07:44.200+0000] {processor.py:161} INFO - Started process (PID=290) to work on /opt/airflow/dags/spark_job_orchestration.py
[2025-09-25T09:07:44.201+0000] {processor.py:830} INFO - Processing file /opt/airflow/dags/spark_job_orchestration.py for tasks to queue
[2025-09-25T09:07:44.207+0000] {logging_mixin.py:188} INFO - [2025-09-25T09:07:44.206+0000] {dagbag.py:545} INFO - Filling up the DagBag from /opt/airflow/dags/spark_job_orchestration.py
[2025-09-25T09:07:44.228+0000] {processor.py:840} INFO - DAG(s) 'spark_job_orchestration' retrieved from /opt/airflow/dags/spark_job_orchestration.py
[2025-09-25T09:07:44.271+0000] {logging_mixin.py:188} INFO - [2025-09-25T09:07:44.270+0000] {dag.py:3089} INFO - Sync 1 DAGs
[2025-09-25T09:07:44.316+0000] {logging_mixin.py:188} INFO - [2025-09-25T09:07:44.316+0000] {dag.py:3947} INFO - Setting next_dagrun for spark_job_orchestration to 2025-09-25 08:00:00+00:00, run_after=2025-09-25 09:00:00+00:00
[2025-09-25T09:07:44.338+0000] {processor.py:183} INFO - Processing /opt/airflow/dags/spark_job_orchestration.py took 0.164 seconds
[2025-09-25T09:08:14.724+0000] {processor.py:161} INFO - Started process (PID=315) to work on /opt/airflow/dags/spark_job_orchestration.py
[2025-09-25T09:08:14.725+0000] {processor.py:830} INFO - Processing file /opt/airflow/dags/spark_job_orchestration.py for tasks to queue
[2025-09-25T09:08:14.729+0000] {logging_mixin.py:188} INFO - [2025-09-25T09:08:14.728+0000] {dagbag.py:545} INFO - Filling up the DagBag from /opt/airflow/dags/spark_job_orchestration.py
[2025-09-25T09:08:14.748+0000] {processor.py:840} INFO - DAG(s) 'spark_job_orchestration' retrieved from /opt/airflow/dags/spark_job_orchestration.py
[2025-09-25T09:08:14.794+0000] {logging_mixin.py:188} INFO - [2025-09-25T09:08:14.794+0000] {dag.py:3089} INFO - Sync 1 DAGs
[2025-09-25T09:08:14.823+0000] {logging_mixin.py:188} INFO - [2025-09-25T09:08:14.822+0000] {dag.py:3947} INFO - Setting next_dagrun for spark_job_orchestration to 2025-09-25 08:00:00+00:00, run_after=2025-09-25 09:00:00+00:00
[2025-09-25T09:08:14.842+0000] {processor.py:183} INFO - Processing /opt/airflow/dags/spark_job_orchestration.py took 0.128 seconds
[2025-09-25T09:08:45.212+0000] {processor.py:161} INFO - Started process (PID=340) to work on /opt/airflow/dags/spark_job_orchestration.py
[2025-09-25T09:08:45.214+0000] {processor.py:830} INFO - Processing file /opt/airflow/dags/spark_job_orchestration.py for tasks to queue
[2025-09-25T09:08:45.238+0000] {logging_mixin.py:188} INFO - [2025-09-25T09:08:45.236+0000] {dagbag.py:545} INFO - Filling up the DagBag from /opt/airflow/dags/spark_job_orchestration.py
[2025-09-25T09:08:45.267+0000] {processor.py:840} INFO - DAG(s) 'spark_job_orchestration' retrieved from /opt/airflow/dags/spark_job_orchestration.py
[2025-09-25T09:08:45.324+0000] {logging_mixin.py:188} INFO - [2025-09-25T09:08:45.324+0000] {dag.py:3089} INFO - Sync 1 DAGs
[2025-09-25T09:08:45.353+0000] {logging_mixin.py:188} INFO - [2025-09-25T09:08:45.353+0000] {dag.py:3947} INFO - Setting next_dagrun for spark_job_orchestration to 2025-09-25 08:00:00+00:00, run_after=2025-09-25 09:00:00+00:00
[2025-09-25T09:08:45.372+0000] {processor.py:183} INFO - Processing /opt/airflow/dags/spark_job_orchestration.py took 0.171 seconds
[2025-09-25T09:13:33.495+0000] {processor.py:161} INFO - Started process (PID=164) to work on /opt/airflow/dags/spark_job_orchestration.py
[2025-09-25T09:13:33.498+0000] {processor.py:830} INFO - Processing file /opt/airflow/dags/spark_job_orchestration.py for tasks to queue
[2025-09-25T09:13:33.515+0000] {logging_mixin.py:188} INFO - [2025-09-25T09:13:33.514+0000] {dagbag.py:545} INFO - Filling up the DagBag from /opt/airflow/dags/spark_job_orchestration.py
[2025-09-25T09:13:33.741+0000] {processor.py:840} INFO - DAG(s) 'spark_job_orchestration' retrieved from /opt/airflow/dags/spark_job_orchestration.py
[2025-09-25T09:13:36.793+0000] {logging_mixin.py:188} INFO - [2025-09-25T09:13:36.792+0000] {dag.py:3089} INFO - Sync 1 DAGs
[2025-09-25T09:13:36.850+0000] {logging_mixin.py:188} INFO - [2025-09-25T09:13:36.850+0000] {dag.py:3947} INFO - Setting next_dagrun for spark_job_orchestration to 2025-09-25 08:00:00+00:00, run_after=2025-09-25 09:00:00+00:00
[2025-09-25T09:13:36.903+0000] {processor.py:183} INFO - Processing /opt/airflow/dags/spark_job_orchestration.py took 3.428 seconds
[2025-09-25T09:14:07.994+0000] {processor.py:161} INFO - Started process (PID=189) to work on /opt/airflow/dags/spark_job_orchestration.py
[2025-09-25T09:14:07.997+0000] {processor.py:830} INFO - Processing file /opt/airflow/dags/spark_job_orchestration.py for tasks to queue
[2025-09-25T09:14:08.003+0000] {logging_mixin.py:188} INFO - [2025-09-25T09:14:08.002+0000] {dagbag.py:545} INFO - Filling up the DagBag from /opt/airflow/dags/spark_job_orchestration.py
[2025-09-25T09:14:08.096+0000] {processor.py:840} INFO - DAG(s) 'spark_job_orchestration' retrieved from /opt/airflow/dags/spark_job_orchestration.py
[2025-09-25T09:14:08.561+0000] {logging_mixin.py:188} INFO - [2025-09-25T09:14:08.561+0000] {dag.py:3089} INFO - Sync 1 DAGs
[2025-09-25T09:14:09.493+0000] {logging_mixin.py:188} INFO - [2025-09-25T09:14:09.492+0000] {dag.py:3947} INFO - Setting next_dagrun for spark_job_orchestration to 2025-09-25 08:00:00+00:00, run_after=2025-09-25 09:00:00+00:00
[2025-09-25T09:14:09.729+0000] {processor.py:183} INFO - Processing /opt/airflow/dags/spark_job_orchestration.py took 1.758 seconds
[2025-09-25T09:14:40.437+0000] {processor.py:161} INFO - Started process (PID=214) to work on /opt/airflow/dags/spark_job_orchestration.py
[2025-09-25T09:14:40.460+0000] {processor.py:830} INFO - Processing file /opt/airflow/dags/spark_job_orchestration.py for tasks to queue
[2025-09-25T09:14:40.501+0000] {logging_mixin.py:188} INFO - [2025-09-25T09:14:40.496+0000] {dagbag.py:545} INFO - Filling up the DagBag from /opt/airflow/dags/spark_job_orchestration.py
[2025-09-25T09:14:40.734+0000] {processor.py:840} INFO - DAG(s) 'spark_job_orchestration' retrieved from /opt/airflow/dags/spark_job_orchestration.py
[2025-09-25T09:14:40.961+0000] {logging_mixin.py:188} INFO - [2025-09-25T09:14:40.960+0000] {dag.py:3089} INFO - Sync 1 DAGs
[2025-09-25T09:14:41.144+0000] {logging_mixin.py:188} INFO - [2025-09-25T09:14:41.143+0000] {dag.py:3947} INFO - Setting next_dagrun for spark_job_orchestration to 2025-09-25 08:00:00+00:00, run_after=2025-09-25 09:00:00+00:00
[2025-09-25T09:14:41.519+0000] {processor.py:183} INFO - Processing /opt/airflow/dags/spark_job_orchestration.py took 1.093 seconds
[2025-09-25T09:15:11.713+0000] {processor.py:161} INFO - Started process (PID=244) to work on /opt/airflow/dags/spark_job_orchestration.py
[2025-09-25T09:15:11.714+0000] {processor.py:830} INFO - Processing file /opt/airflow/dags/spark_job_orchestration.py for tasks to queue
[2025-09-25T09:15:11.715+0000] {logging_mixin.py:188} INFO - [2025-09-25T09:15:11.715+0000] {dagbag.py:545} INFO - Filling up the DagBag from /opt/airflow/dags/spark_job_orchestration.py
[2025-09-25T09:15:11.721+0000] {processor.py:840} INFO - DAG(s) 'spark_job_orchestration' retrieved from /opt/airflow/dags/spark_job_orchestration.py
[2025-09-25T09:15:11.743+0000] {logging_mixin.py:188} INFO - [2025-09-25T09:15:11.743+0000] {dag.py:3089} INFO - Sync 1 DAGs
[2025-09-25T09:15:11.760+0000] {logging_mixin.py:188} INFO - [2025-09-25T09:15:11.760+0000] {dag.py:3947} INFO - Setting next_dagrun for spark_job_orchestration to 2025-09-25 08:00:00+00:00, run_after=2025-09-25 09:00:00+00:00
[2025-09-25T09:15:11.771+0000] {processor.py:183} INFO - Processing /opt/airflow/dags/spark_job_orchestration.py took 0.064 seconds
[2025-09-25T09:15:42.583+0000] {processor.py:161} INFO - Started process (PID=264) to work on /opt/airflow/dags/spark_job_orchestration.py
[2025-09-25T09:15:42.591+0000] {processor.py:830} INFO - Processing file /opt/airflow/dags/spark_job_orchestration.py for tasks to queue
[2025-09-25T09:15:42.600+0000] {logging_mixin.py:188} INFO - [2025-09-25T09:15:42.599+0000] {dagbag.py:545} INFO - Filling up the DagBag from /opt/airflow/dags/spark_job_orchestration.py
[2025-09-25T09:15:42.669+0000] {processor.py:840} INFO - DAG(s) 'spark_job_orchestration' retrieved from /opt/airflow/dags/spark_job_orchestration.py
[2025-09-25T09:15:43.021+0000] {logging_mixin.py:188} INFO - [2025-09-25T09:15:43.021+0000] {dag.py:3089} INFO - Sync 1 DAGs
[2025-09-25T09:15:43.433+0000] {logging_mixin.py:188} INFO - [2025-09-25T09:15:43.432+0000] {dag.py:3947} INFO - Setting next_dagrun for spark_job_orchestration to 2025-09-25 08:00:00+00:00, run_after=2025-09-25 09:00:00+00:00
[2025-09-25T09:15:43.829+0000] {processor.py:183} INFO - Processing /opt/airflow/dags/spark_job_orchestration.py took 1.320 seconds
[2025-09-25T09:16:15.583+0000] {processor.py:161} INFO - Started process (PID=294) to work on /opt/airflow/dags/spark_job_orchestration.py
[2025-09-25T09:16:15.588+0000] {processor.py:830} INFO - Processing file /opt/airflow/dags/spark_job_orchestration.py for tasks to queue
[2025-09-25T09:16:15.591+0000] {logging_mixin.py:188} INFO - [2025-09-25T09:16:15.591+0000] {dagbag.py:545} INFO - Filling up the DagBag from /opt/airflow/dags/spark_job_orchestration.py
[2025-09-25T09:16:15.607+0000] {processor.py:840} INFO - DAG(s) 'spark_job_orchestration' retrieved from /opt/airflow/dags/spark_job_orchestration.py
[2025-09-25T09:16:15.705+0000] {logging_mixin.py:188} INFO - [2025-09-25T09:16:15.704+0000] {dag.py:3089} INFO - Sync 1 DAGs
[2025-09-25T09:16:15.811+0000] {logging_mixin.py:188} INFO - [2025-09-25T09:16:15.811+0000] {dag.py:3947} INFO - Setting next_dagrun for spark_job_orchestration to 2025-09-25 08:00:00+00:00, run_after=2025-09-25 09:00:00+00:00
[2025-09-25T09:16:16.987+0000] {processor.py:183} INFO - Processing /opt/airflow/dags/spark_job_orchestration.py took 1.419 seconds
[2025-09-25T09:16:50.484+0000] {processor.py:161} INFO - Started process (PID=317) to work on /opt/airflow/dags/spark_job_orchestration.py
[2025-09-25T09:16:50.499+0000] {processor.py:830} INFO - Processing file /opt/airflow/dags/spark_job_orchestration.py for tasks to queue
[2025-09-25T09:16:50.507+0000] {logging_mixin.py:188} INFO - [2025-09-25T09:16:50.505+0000] {dagbag.py:545} INFO - Filling up the DagBag from /opt/airflow/dags/spark_job_orchestration.py
[2025-09-25T09:16:50.555+0000] {processor.py:840} INFO - DAG(s) 'spark_job_orchestration' retrieved from /opt/airflow/dags/spark_job_orchestration.py
[2025-09-25T09:16:51.167+0000] {logging_mixin.py:188} INFO - [2025-09-25T09:16:51.166+0000] {dag.py:3089} INFO - Sync 1 DAGs
[2025-09-25T09:16:51.443+0000] {logging_mixin.py:188} INFO - [2025-09-25T09:16:51.443+0000] {dag.py:3947} INFO - Setting next_dagrun for spark_job_orchestration to 2025-09-25 08:00:00+00:00, run_after=2025-09-25 09:00:00+00:00
[2025-09-25T09:16:51.910+0000] {processor.py:183} INFO - Processing /opt/airflow/dags/spark_job_orchestration.py took 1.441 seconds
[2025-09-25T09:17:22.847+0000] {processor.py:161} INFO - Started process (PID=342) to work on /opt/airflow/dags/spark_job_orchestration.py
[2025-09-25T09:17:22.872+0000] {processor.py:830} INFO - Processing file /opt/airflow/dags/spark_job_orchestration.py for tasks to queue
[2025-09-25T09:17:22.912+0000] {logging_mixin.py:188} INFO - [2025-09-25T09:17:22.908+0000] {dagbag.py:545} INFO - Filling up the DagBag from /opt/airflow/dags/spark_job_orchestration.py
[2025-09-25T09:17:23.138+0000] {processor.py:840} INFO - DAG(s) 'spark_job_orchestration' retrieved from /opt/airflow/dags/spark_job_orchestration.py
[2025-09-25T09:17:23.363+0000] {logging_mixin.py:188} INFO - [2025-09-25T09:17:23.362+0000] {dag.py:3089} INFO - Sync 1 DAGs
[2025-09-25T09:17:23.437+0000] {logging_mixin.py:188} INFO - [2025-09-25T09:17:23.437+0000] {dag.py:3947} INFO - Setting next_dagrun for spark_job_orchestration to 2025-09-25 08:00:00+00:00, run_after=2025-09-25 09:00:00+00:00
[2025-09-25T09:17:23.654+0000] {processor.py:183} INFO - Processing /opt/airflow/dags/spark_job_orchestration.py took 0.824 seconds
[2025-09-25T09:17:54.174+0000] {processor.py:161} INFO - Started process (PID=367) to work on /opt/airflow/dags/spark_job_orchestration.py
[2025-09-25T09:17:54.185+0000] {processor.py:830} INFO - Processing file /opt/airflow/dags/spark_job_orchestration.py for tasks to queue
[2025-09-25T09:17:54.204+0000] {logging_mixin.py:188} INFO - [2025-09-25T09:17:54.201+0000] {dagbag.py:545} INFO - Filling up the DagBag from /opt/airflow/dags/spark_job_orchestration.py
[2025-09-25T09:17:54.279+0000] {processor.py:840} INFO - DAG(s) 'spark_job_orchestration' retrieved from /opt/airflow/dags/spark_job_orchestration.py
[2025-09-25T09:17:54.643+0000] {logging_mixin.py:188} INFO - [2025-09-25T09:17:54.642+0000] {dag.py:3089} INFO - Sync 1 DAGs
[2025-09-25T09:17:54.747+0000] {logging_mixin.py:188} INFO - [2025-09-25T09:17:54.746+0000] {dag.py:3947} INFO - Setting next_dagrun for spark_job_orchestration to 2025-09-25 08:00:00+00:00, run_after=2025-09-25 09:00:00+00:00
[2025-09-25T09:17:54.879+0000] {processor.py:183} INFO - Processing /opt/airflow/dags/spark_job_orchestration.py took 0.757 seconds
[2025-09-25T09:18:26.320+0000] {processor.py:161} INFO - Started process (PID=389) to work on /opt/airflow/dags/spark_job_orchestration.py
[2025-09-25T09:18:26.358+0000] {processor.py:830} INFO - Processing file /opt/airflow/dags/spark_job_orchestration.py for tasks to queue
[2025-09-25T09:18:26.434+0000] {logging_mixin.py:188} INFO - [2025-09-25T09:18:26.429+0000] {dagbag.py:545} INFO - Filling up the DagBag from /opt/airflow/dags/spark_job_orchestration.py
[2025-09-25T09:18:26.632+0000] {processor.py:840} INFO - DAG(s) 'spark_job_orchestration' retrieved from /opt/airflow/dags/spark_job_orchestration.py
[2025-09-25T09:18:27.401+0000] {logging_mixin.py:188} INFO - [2025-09-25T09:18:27.400+0000] {dag.py:3089} INFO - Sync 1 DAGs
[2025-09-25T09:18:28.232+0000] {logging_mixin.py:188} INFO - [2025-09-25T09:18:28.232+0000] {dag.py:3947} INFO - Setting next_dagrun for spark_job_orchestration to 2025-09-25 08:00:00+00:00, run_after=2025-09-25 09:00:00+00:00
[2025-09-25T09:18:28.339+0000] {processor.py:183} INFO - Processing /opt/airflow/dags/spark_job_orchestration.py took 2.316 seconds
[2025-09-25T09:18:59.088+0000] {processor.py:161} INFO - Started process (PID=414) to work on /opt/airflow/dags/spark_job_orchestration.py
[2025-09-25T09:18:59.092+0000] {processor.py:830} INFO - Processing file /opt/airflow/dags/spark_job_orchestration.py for tasks to queue
[2025-09-25T09:18:59.118+0000] {logging_mixin.py:188} INFO - [2025-09-25T09:18:59.111+0000] {dagbag.py:545} INFO - Filling up the DagBag from /opt/airflow/dags/spark_job_orchestration.py
[2025-09-25T09:18:59.296+0000] {processor.py:840} INFO - DAG(s) 'spark_job_orchestration' retrieved from /opt/airflow/dags/spark_job_orchestration.py
[2025-09-25T09:18:59.627+0000] {logging_mixin.py:188} INFO - [2025-09-25T09:18:59.625+0000] {dag.py:3089} INFO - Sync 1 DAGs
[2025-09-25T09:18:59.950+0000] {logging_mixin.py:188} INFO - [2025-09-25T09:18:59.947+0000] {dag.py:3947} INFO - Setting next_dagrun for spark_job_orchestration to 2025-09-25 08:00:00+00:00, run_after=2025-09-25 09:00:00+00:00
[2025-09-25T09:19:00.251+0000] {processor.py:183} INFO - Processing /opt/airflow/dags/spark_job_orchestration.py took 1.224 seconds
[2025-09-25T09:19:31.456+0000] {processor.py:161} INFO - Started process (PID=439) to work on /opt/airflow/dags/spark_job_orchestration.py
[2025-09-25T09:19:31.463+0000] {processor.py:830} INFO - Processing file /opt/airflow/dags/spark_job_orchestration.py for tasks to queue
[2025-09-25T09:19:31.476+0000] {logging_mixin.py:188} INFO - [2025-09-25T09:19:31.474+0000] {dagbag.py:545} INFO - Filling up the DagBag from /opt/airflow/dags/spark_job_orchestration.py
[2025-09-25T09:19:31.644+0000] {processor.py:840} INFO - DAG(s) 'spark_job_orchestration' retrieved from /opt/airflow/dags/spark_job_orchestration.py
[2025-09-25T09:19:31.961+0000] {logging_mixin.py:188} INFO - [2025-09-25T09:19:31.960+0000] {dag.py:3089} INFO - Sync 1 DAGs
[2025-09-25T09:19:32.205+0000] {logging_mixin.py:188} INFO - [2025-09-25T09:19:32.202+0000] {dag.py:3947} INFO - Setting next_dagrun for spark_job_orchestration to 2025-09-25 08:00:00+00:00, run_after=2025-09-25 09:00:00+00:00
[2025-09-25T09:19:32.357+0000] {processor.py:183} INFO - Processing /opt/airflow/dags/spark_job_orchestration.py took 0.946 seconds
[2025-09-25T09:20:02.869+0000] {processor.py:161} INFO - Started process (PID=464) to work on /opt/airflow/dags/spark_job_orchestration.py
[2025-09-25T09:20:02.901+0000] {processor.py:830} INFO - Processing file /opt/airflow/dags/spark_job_orchestration.py for tasks to queue
[2025-09-25T09:20:02.926+0000] {logging_mixin.py:188} INFO - [2025-09-25T09:20:02.919+0000] {dagbag.py:545} INFO - Filling up the DagBag from /opt/airflow/dags/spark_job_orchestration.py
[2025-09-25T09:20:03.011+0000] {processor.py:840} INFO - DAG(s) 'spark_job_orchestration' retrieved from /opt/airflow/dags/spark_job_orchestration.py
[2025-09-25T09:20:03.441+0000] {logging_mixin.py:188} INFO - [2025-09-25T09:20:03.440+0000] {dag.py:3089} INFO - Sync 1 DAGs
[2025-09-25T09:20:03.592+0000] {logging_mixin.py:188} INFO - [2025-09-25T09:20:03.591+0000] {dag.py:3947} INFO - Setting next_dagrun for spark_job_orchestration to 2025-09-25 08:00:00+00:00, run_after=2025-09-25 09:00:00+00:00
[2025-09-25T09:20:03.760+0000] {processor.py:183} INFO - Processing /opt/airflow/dags/spark_job_orchestration.py took 1.011 seconds
[2025-09-25T09:20:34.924+0000] {processor.py:161} INFO - Started process (PID=489) to work on /opt/airflow/dags/spark_job_orchestration.py
[2025-09-25T09:20:34.984+0000] {processor.py:830} INFO - Processing file /opt/airflow/dags/spark_job_orchestration.py for tasks to queue
[2025-09-25T09:20:35.070+0000] {logging_mixin.py:188} INFO - [2025-09-25T09:20:35.064+0000] {dagbag.py:545} INFO - Filling up the DagBag from /opt/airflow/dags/spark_job_orchestration.py
[2025-09-25T09:20:35.324+0000] {processor.py:840} INFO - DAG(s) 'spark_job_orchestration' retrieved from /opt/airflow/dags/spark_job_orchestration.py
[2025-09-25T09:20:36.145+0000] {logging_mixin.py:188} INFO - [2025-09-25T09:20:36.144+0000] {dag.py:3089} INFO - Sync 1 DAGs
[2025-09-25T09:20:36.494+0000] {logging_mixin.py:188} INFO - [2025-09-25T09:20:36.490+0000] {dag.py:3947} INFO - Setting next_dagrun for spark_job_orchestration to 2025-09-25 08:00:00+00:00, run_after=2025-09-25 09:00:00+00:00
[2025-09-25T09:20:36.949+0000] {processor.py:183} INFO - Processing /opt/airflow/dags/spark_job_orchestration.py took 2.511 seconds
[2025-09-25T09:21:07.866+0000] {processor.py:161} INFO - Started process (PID=514) to work on /opt/airflow/dags/spark_job_orchestration.py
[2025-09-25T09:21:07.874+0000] {processor.py:830} INFO - Processing file /opt/airflow/dags/spark_job_orchestration.py for tasks to queue
[2025-09-25T09:21:07.950+0000] {logging_mixin.py:188} INFO - [2025-09-25T09:21:07.897+0000] {dagbag.py:545} INFO - Filling up the DagBag from /opt/airflow/dags/spark_job_orchestration.py
[2025-09-25T09:21:08.089+0000] {processor.py:840} INFO - DAG(s) 'spark_job_orchestration' retrieved from /opt/airflow/dags/spark_job_orchestration.py
[2025-09-25T09:21:08.929+0000] {logging_mixin.py:188} INFO - [2025-09-25T09:21:08.928+0000] {dag.py:3089} INFO - Sync 1 DAGs
[2025-09-25T09:21:09.141+0000] {logging_mixin.py:188} INFO - [2025-09-25T09:21:09.140+0000] {dag.py:3947} INFO - Setting next_dagrun for spark_job_orchestration to 2025-09-25 08:00:00+00:00, run_after=2025-09-25 09:00:00+00:00
[2025-09-25T09:21:09.323+0000] {processor.py:183} INFO - Processing /opt/airflow/dags/spark_job_orchestration.py took 1.671 seconds
[2025-09-25T09:21:40.353+0000] {processor.py:161} INFO - Started process (PID=539) to work on /opt/airflow/dags/spark_job_orchestration.py
[2025-09-25T09:21:40.368+0000] {processor.py:830} INFO - Processing file /opt/airflow/dags/spark_job_orchestration.py for tasks to queue
[2025-09-25T09:21:40.438+0000] {logging_mixin.py:188} INFO - [2025-09-25T09:21:40.425+0000] {dagbag.py:545} INFO - Filling up the DagBag from /opt/airflow/dags/spark_job_orchestration.py
[2025-09-25T09:21:40.750+0000] {processor.py:840} INFO - DAG(s) 'spark_job_orchestration' retrieved from /opt/airflow/dags/spark_job_orchestration.py
[2025-09-25T09:21:41.231+0000] {logging_mixin.py:188} INFO - [2025-09-25T09:21:41.230+0000] {dag.py:3089} INFO - Sync 1 DAGs
[2025-09-25T09:21:41.391+0000] {logging_mixin.py:188} INFO - [2025-09-25T09:21:41.391+0000] {dag.py:3947} INFO - Setting next_dagrun for spark_job_orchestration to 2025-09-25 08:00:00+00:00, run_after=2025-09-25 09:00:00+00:00
[2025-09-25T09:21:41.647+0000] {processor.py:183} INFO - Processing /opt/airflow/dags/spark_job_orchestration.py took 1.529 seconds
[2025-09-25T09:22:12.764+0000] {processor.py:161} INFO - Started process (PID=564) to work on /opt/airflow/dags/spark_job_orchestration.py
[2025-09-25T09:22:12.890+0000] {processor.py:830} INFO - Processing file /opt/airflow/dags/spark_job_orchestration.py for tasks to queue
[2025-09-25T09:22:12.943+0000] {logging_mixin.py:188} INFO - [2025-09-25T09:22:12.931+0000] {dagbag.py:545} INFO - Filling up the DagBag from /opt/airflow/dags/spark_job_orchestration.py
[2025-09-25T09:22:13.237+0000] {processor.py:840} INFO - DAG(s) 'spark_job_orchestration' retrieved from /opt/airflow/dags/spark_job_orchestration.py
[2025-09-25T09:22:14.363+0000] {logging_mixin.py:188} INFO - [2025-09-25T09:22:14.362+0000] {dag.py:3089} INFO - Sync 1 DAGs
[2025-09-25T09:22:14.492+0000] {logging_mixin.py:188} INFO - [2025-09-25T09:22:14.491+0000] {dag.py:3947} INFO - Setting next_dagrun for spark_job_orchestration to 2025-09-25 08:00:00+00:00, run_after=2025-09-25 09:00:00+00:00
[2025-09-25T09:22:14.786+0000] {processor.py:183} INFO - Processing /opt/airflow/dags/spark_job_orchestration.py took 2.107 seconds
[2025-09-25T09:22:45.357+0000] {processor.py:161} INFO - Started process (PID=589) to work on /opt/airflow/dags/spark_job_orchestration.py
[2025-09-25T09:22:45.366+0000] {processor.py:830} INFO - Processing file /opt/airflow/dags/spark_job_orchestration.py for tasks to queue
[2025-09-25T09:22:45.391+0000] {logging_mixin.py:188} INFO - [2025-09-25T09:22:45.389+0000] {dagbag.py:545} INFO - Filling up the DagBag from /opt/airflow/dags/spark_job_orchestration.py
[2025-09-25T09:22:45.689+0000] {processor.py:840} INFO - DAG(s) 'spark_job_orchestration' retrieved from /opt/airflow/dags/spark_job_orchestration.py
[2025-09-25T09:22:46.652+0000] {logging_mixin.py:188} INFO - [2025-09-25T09:22:46.651+0000] {dag.py:3089} INFO - Sync 1 DAGs
[2025-09-25T09:22:47.022+0000] {logging_mixin.py:188} INFO - [2025-09-25T09:22:47.022+0000] {dag.py:3947} INFO - Setting next_dagrun for spark_job_orchestration to 2025-09-25 08:00:00+00:00, run_after=2025-09-25 09:00:00+00:00
[2025-09-25T09:22:47.569+0000] {processor.py:183} INFO - Processing /opt/airflow/dags/spark_job_orchestration.py took 2.259 seconds
[2025-09-25T09:23:19.213+0000] {processor.py:161} INFO - Started process (PID=617) to work on /opt/airflow/dags/spark_job_orchestration.py
[2025-09-25T09:23:19.225+0000] {processor.py:830} INFO - Processing file /opt/airflow/dags/spark_job_orchestration.py for tasks to queue
[2025-09-25T09:23:19.291+0000] {logging_mixin.py:188} INFO - [2025-09-25T09:23:19.288+0000] {dagbag.py:545} INFO - Filling up the DagBag from /opt/airflow/dags/spark_job_orchestration.py
[2025-09-25T09:23:19.501+0000] {processor.py:840} INFO - DAG(s) 'spark_job_orchestration' retrieved from /opt/airflow/dags/spark_job_orchestration.py
[2025-09-25T09:23:19.819+0000] {logging_mixin.py:188} INFO - [2025-09-25T09:23:19.818+0000] {dag.py:3089} INFO - Sync 1 DAGs
[2025-09-25T09:23:20.071+0000] {logging_mixin.py:188} INFO - [2025-09-25T09:23:20.071+0000] {dag.py:3947} INFO - Setting next_dagrun for spark_job_orchestration to 2025-09-25 08:00:00+00:00, run_after=2025-09-25 09:00:00+00:00
[2025-09-25T09:23:20.397+0000] {processor.py:183} INFO - Processing /opt/airflow/dags/spark_job_orchestration.py took 1.236 seconds
[2025-09-25T09:23:51.483+0000] {processor.py:161} INFO - Started process (PID=639) to work on /opt/airflow/dags/spark_job_orchestration.py
[2025-09-25T09:23:51.532+0000] {processor.py:830} INFO - Processing file /opt/airflow/dags/spark_job_orchestration.py for tasks to queue
[2025-09-25T09:23:51.586+0000] {logging_mixin.py:188} INFO - [2025-09-25T09:23:51.578+0000] {dagbag.py:545} INFO - Filling up the DagBag from /opt/airflow/dags/spark_job_orchestration.py
[2025-09-25T09:23:51.735+0000] {processor.py:840} INFO - DAG(s) 'spark_job_orchestration' retrieved from /opt/airflow/dags/spark_job_orchestration.py
[2025-09-25T09:23:51.965+0000] {logging_mixin.py:188} INFO - [2025-09-25T09:23:51.963+0000] {dag.py:3089} INFO - Sync 1 DAGs
[2025-09-25T09:23:52.182+0000] {logging_mixin.py:188} INFO - [2025-09-25T09:23:52.180+0000] {dag.py:3947} INFO - Setting next_dagrun for spark_job_orchestration to 2025-09-25 08:00:00+00:00, run_after=2025-09-25 09:00:00+00:00
[2025-09-25T09:23:52.303+0000] {processor.py:183} INFO - Processing /opt/airflow/dags/spark_job_orchestration.py took 0.888 seconds
[2025-09-25T09:24:24.260+0000] {processor.py:161} INFO - Started process (PID=664) to work on /opt/airflow/dags/spark_job_orchestration.py
[2025-09-25T09:24:24.335+0000] {processor.py:830} INFO - Processing file /opt/airflow/dags/spark_job_orchestration.py for tasks to queue
[2025-09-25T09:24:24.359+0000] {logging_mixin.py:188} INFO - [2025-09-25T09:24:24.352+0000] {dagbag.py:545} INFO - Filling up the DagBag from /opt/airflow/dags/spark_job_orchestration.py
[2025-09-25T09:24:24.718+0000] {processor.py:840} INFO - DAG(s) 'spark_job_orchestration' retrieved from /opt/airflow/dags/spark_job_orchestration.py
[2025-09-25T09:24:25.359+0000] {logging_mixin.py:188} INFO - [2025-09-25T09:24:25.359+0000] {dag.py:3089} INFO - Sync 1 DAGs
[2025-09-25T09:24:25.522+0000] {logging_mixin.py:188} INFO - [2025-09-25T09:24:25.519+0000] {dag.py:3947} INFO - Setting next_dagrun for spark_job_orchestration to 2025-09-25 08:00:00+00:00, run_after=2025-09-25 09:00:00+00:00
[2025-09-25T09:24:25.607+0000] {processor.py:183} INFO - Processing /opt/airflow/dags/spark_job_orchestration.py took 1.844 seconds
[2025-09-25T09:24:58.126+0000] {processor.py:161} INFO - Started process (PID=689) to work on /opt/airflow/dags/spark_job_orchestration.py
[2025-09-25T09:24:58.142+0000] {processor.py:830} INFO - Processing file /opt/airflow/dags/spark_job_orchestration.py for tasks to queue
[2025-09-25T09:24:58.211+0000] {logging_mixin.py:188} INFO - [2025-09-25T09:24:58.203+0000] {dagbag.py:545} INFO - Filling up the DagBag from /opt/airflow/dags/spark_job_orchestration.py
[2025-09-25T09:24:58.434+0000] {processor.py:840} INFO - DAG(s) 'spark_job_orchestration' retrieved from /opt/airflow/dags/spark_job_orchestration.py
[2025-09-25T09:24:59.037+0000] {logging_mixin.py:188} INFO - [2025-09-25T09:24:59.036+0000] {dag.py:3089} INFO - Sync 1 DAGs
[2025-09-25T09:24:59.475+0000] {logging_mixin.py:188} INFO - [2025-09-25T09:24:59.474+0000] {dag.py:3947} INFO - Setting next_dagrun for spark_job_orchestration to 2025-09-25 08:00:00+00:00, run_after=2025-09-25 09:00:00+00:00
[2025-09-25T09:24:59.753+0000] {processor.py:183} INFO - Processing /opt/airflow/dags/spark_job_orchestration.py took 1.941 seconds
[2025-09-25T09:25:30.752+0000] {processor.py:161} INFO - Started process (PID=714) to work on /opt/airflow/dags/spark_job_orchestration.py
[2025-09-25T09:25:30.763+0000] {processor.py:830} INFO - Processing file /opt/airflow/dags/spark_job_orchestration.py for tasks to queue
[2025-09-25T09:25:30.782+0000] {logging_mixin.py:188} INFO - [2025-09-25T09:25:30.779+0000] {dagbag.py:545} INFO - Filling up the DagBag from /opt/airflow/dags/spark_job_orchestration.py
[2025-09-25T09:25:30.849+0000] {processor.py:840} INFO - DAG(s) 'spark_job_orchestration' retrieved from /opt/airflow/dags/spark_job_orchestration.py
[2025-09-25T09:25:31.128+0000] {logging_mixin.py:188} INFO - [2025-09-25T09:25:31.127+0000] {dag.py:3089} INFO - Sync 1 DAGs
[2025-09-25T09:25:31.940+0000] {logging_mixin.py:188} INFO - [2025-09-25T09:25:31.939+0000] {dag.py:3947} INFO - Setting next_dagrun for spark_job_orchestration to 2025-09-25 08:00:00+00:00, run_after=2025-09-25 09:00:00+00:00
[2025-09-25T09:25:32.173+0000] {processor.py:183} INFO - Processing /opt/airflow/dags/spark_job_orchestration.py took 1.511 seconds
[2025-09-25T09:26:03.448+0000] {processor.py:161} INFO - Started process (PID=739) to work on /opt/airflow/dags/spark_job_orchestration.py
[2025-09-25T09:26:03.454+0000] {processor.py:830} INFO - Processing file /opt/airflow/dags/spark_job_orchestration.py for tasks to queue
[2025-09-25T09:26:03.458+0000] {logging_mixin.py:188} INFO - [2025-09-25T09:26:03.457+0000] {dagbag.py:545} INFO - Filling up the DagBag from /opt/airflow/dags/spark_job_orchestration.py
[2025-09-25T09:26:03.486+0000] {processor.py:840} INFO - DAG(s) 'spark_job_orchestration' retrieved from /opt/airflow/dags/spark_job_orchestration.py
[2025-09-25T09:26:03.620+0000] {logging_mixin.py:188} INFO - [2025-09-25T09:26:03.619+0000] {dag.py:3089} INFO - Sync 1 DAGs
[2025-09-25T09:26:03.671+0000] {logging_mixin.py:188} INFO - [2025-09-25T09:26:03.671+0000] {dag.py:3947} INFO - Setting next_dagrun for spark_job_orchestration to 2025-09-25 08:00:00+00:00, run_after=2025-09-25 09:00:00+00:00
[2025-09-25T09:26:03.742+0000] {processor.py:183} INFO - Processing /opt/airflow/dags/spark_job_orchestration.py took 0.314 seconds
[2025-09-25T09:26:34.334+0000] {processor.py:161} INFO - Started process (PID=764) to work on /opt/airflow/dags/spark_job_orchestration.py
[2025-09-25T09:26:34.337+0000] {processor.py:830} INFO - Processing file /opt/airflow/dags/spark_job_orchestration.py for tasks to queue
[2025-09-25T09:26:34.341+0000] {logging_mixin.py:188} INFO - [2025-09-25T09:26:34.341+0000] {dagbag.py:545} INFO - Filling up the DagBag from /opt/airflow/dags/spark_job_orchestration.py
[2025-09-25T09:26:34.357+0000] {processor.py:840} INFO - DAG(s) 'spark_job_orchestration' retrieved from /opt/airflow/dags/spark_job_orchestration.py
[2025-09-25T09:26:34.412+0000] {logging_mixin.py:188} INFO - [2025-09-25T09:26:34.412+0000] {dag.py:3089} INFO - Sync 1 DAGs
[2025-09-25T09:26:34.445+0000] {logging_mixin.py:188} INFO - [2025-09-25T09:26:34.445+0000] {dag.py:3947} INFO - Setting next_dagrun for spark_job_orchestration to 2025-09-25 08:00:00+00:00, run_after=2025-09-25 09:00:00+00:00
[2025-09-25T09:26:34.465+0000] {processor.py:183} INFO - Processing /opt/airflow/dags/spark_job_orchestration.py took 0.146 seconds
[2025-09-25T09:27:04.939+0000] {processor.py:161} INFO - Started process (PID=789) to work on /opt/airflow/dags/spark_job_orchestration.py
[2025-09-25T09:27:04.941+0000] {processor.py:830} INFO - Processing file /opt/airflow/dags/spark_job_orchestration.py for tasks to queue
[2025-09-25T09:27:04.945+0000] {logging_mixin.py:188} INFO - [2025-09-25T09:27:04.945+0000] {dagbag.py:545} INFO - Filling up the DagBag from /opt/airflow/dags/spark_job_orchestration.py
[2025-09-25T09:27:04.965+0000] {processor.py:840} INFO - DAG(s) 'spark_job_orchestration' retrieved from /opt/airflow/dags/spark_job_orchestration.py
[2025-09-25T09:27:05.028+0000] {logging_mixin.py:188} INFO - [2025-09-25T09:27:05.028+0000] {dag.py:3089} INFO - Sync 1 DAGs
[2025-09-25T09:27:05.058+0000] {logging_mixin.py:188} INFO - [2025-09-25T09:27:05.058+0000] {dag.py:3947} INFO - Setting next_dagrun for spark_job_orchestration to 2025-09-25 08:00:00+00:00, run_after=2025-09-25 09:00:00+00:00
[2025-09-25T09:27:05.076+0000] {processor.py:183} INFO - Processing /opt/airflow/dags/spark_job_orchestration.py took 0.148 seconds
[2025-09-25T09:27:35.556+0000] {processor.py:161} INFO - Started process (PID=814) to work on /opt/airflow/dags/spark_job_orchestration.py
[2025-09-25T09:27:35.558+0000] {processor.py:830} INFO - Processing file /opt/airflow/dags/spark_job_orchestration.py for tasks to queue
[2025-09-25T09:27:35.560+0000] {logging_mixin.py:188} INFO - [2025-09-25T09:27:35.560+0000] {dagbag.py:545} INFO - Filling up the DagBag from /opt/airflow/dags/spark_job_orchestration.py
[2025-09-25T09:27:35.573+0000] {processor.py:840} INFO - DAG(s) 'spark_job_orchestration' retrieved from /opt/airflow/dags/spark_job_orchestration.py
[2025-09-25T09:27:35.618+0000] {logging_mixin.py:188} INFO - [2025-09-25T09:27:35.617+0000] {dag.py:3089} INFO - Sync 1 DAGs
[2025-09-25T09:27:35.643+0000] {logging_mixin.py:188} INFO - [2025-09-25T09:27:35.643+0000] {dag.py:3947} INFO - Setting next_dagrun for spark_job_orchestration to 2025-09-25 08:00:00+00:00, run_after=2025-09-25 09:00:00+00:00
[2025-09-25T09:27:35.658+0000] {processor.py:183} INFO - Processing /opt/airflow/dags/spark_job_orchestration.py took 0.128 seconds
[2025-09-25T09:28:06.252+0000] {processor.py:161} INFO - Started process (PID=856) to work on /opt/airflow/dags/spark_job_orchestration.py
[2025-09-25T09:28:06.261+0000] {processor.py:830} INFO - Processing file /opt/airflow/dags/spark_job_orchestration.py for tasks to queue
[2025-09-25T09:28:06.267+0000] {logging_mixin.py:188} INFO - [2025-09-25T09:28:06.267+0000] {dagbag.py:545} INFO - Filling up the DagBag from /opt/airflow/dags/spark_job_orchestration.py
[2025-09-25T09:28:06.280+0000] {processor.py:840} INFO - DAG(s) 'spark_job_orchestration' retrieved from /opt/airflow/dags/spark_job_orchestration.py
[2025-09-25T09:28:06.357+0000] {logging_mixin.py:188} INFO - [2025-09-25T09:28:06.357+0000] {dag.py:3089} INFO - Sync 1 DAGs
[2025-09-25T09:28:06.385+0000] {logging_mixin.py:188} INFO - [2025-09-25T09:28:06.384+0000] {dag.py:3947} INFO - Setting next_dagrun for spark_job_orchestration to 2025-09-25 08:00:00+00:00, run_after=2025-09-25 09:00:00+00:00
[2025-09-25T09:28:06.404+0000] {processor.py:183} INFO - Processing /opt/airflow/dags/spark_job_orchestration.py took 0.164 seconds
[2025-09-25T09:28:36.936+0000] {processor.py:161} INFO - Started process (PID=881) to work on /opt/airflow/dags/spark_job_orchestration.py
[2025-09-25T09:28:36.938+0000] {processor.py:830} INFO - Processing file /opt/airflow/dags/spark_job_orchestration.py for tasks to queue
[2025-09-25T09:28:36.945+0000] {logging_mixin.py:188} INFO - [2025-09-25T09:28:36.944+0000] {dagbag.py:545} INFO - Filling up the DagBag from /opt/airflow/dags/spark_job_orchestration.py
[2025-09-25T09:28:36.961+0000] {processor.py:840} INFO - DAG(s) 'spark_job_orchestration' retrieved from /opt/airflow/dags/spark_job_orchestration.py
[2025-09-25T09:28:37.006+0000] {logging_mixin.py:188} INFO - [2025-09-25T09:28:37.006+0000] {dag.py:3089} INFO - Sync 1 DAGs
[2025-09-25T09:28:37.029+0000] {logging_mixin.py:188} INFO - [2025-09-25T09:28:37.029+0000] {dag.py:3947} INFO - Setting next_dagrun for spark_job_orchestration to 2025-09-25 08:00:00+00:00, run_after=2025-09-25 09:00:00+00:00
[2025-09-25T09:28:37.043+0000] {processor.py:183} INFO - Processing /opt/airflow/dags/spark_job_orchestration.py took 0.115 seconds
[2025-09-25T09:29:07.498+0000] {processor.py:161} INFO - Started process (PID=906) to work on /opt/airflow/dags/spark_job_orchestration.py
[2025-09-25T09:29:07.508+0000] {processor.py:830} INFO - Processing file /opt/airflow/dags/spark_job_orchestration.py for tasks to queue
[2025-09-25T09:29:07.519+0000] {logging_mixin.py:188} INFO - [2025-09-25T09:29:07.519+0000] {dagbag.py:545} INFO - Filling up the DagBag from /opt/airflow/dags/spark_job_orchestration.py
[2025-09-25T09:29:07.547+0000] {processor.py:840} INFO - DAG(s) 'spark_job_orchestration' retrieved from /opt/airflow/dags/spark_job_orchestration.py
[2025-09-25T09:29:07.576+0000] {logging_mixin.py:188} INFO - [2025-09-25T09:29:07.576+0000] {dag.py:3089} INFO - Sync 1 DAGs
[2025-09-25T09:29:07.594+0000] {logging_mixin.py:188} INFO - [2025-09-25T09:29:07.594+0000] {dag.py:3947} INFO - Setting next_dagrun for spark_job_orchestration to 2025-09-25 08:00:00+00:00, run_after=2025-09-25 09:00:00+00:00
[2025-09-25T09:29:07.607+0000] {processor.py:183} INFO - Processing /opt/airflow/dags/spark_job_orchestration.py took 0.122 seconds
[2025-09-25T09:29:38.013+0000] {processor.py:161} INFO - Started process (PID=931) to work on /opt/airflow/dags/spark_job_orchestration.py
[2025-09-25T09:29:38.015+0000] {processor.py:830} INFO - Processing file /opt/airflow/dags/spark_job_orchestration.py for tasks to queue
[2025-09-25T09:29:38.018+0000] {logging_mixin.py:188} INFO - [2025-09-25T09:29:38.018+0000] {dagbag.py:545} INFO - Filling up the DagBag from /opt/airflow/dags/spark_job_orchestration.py
[2025-09-25T09:29:38.033+0000] {processor.py:840} INFO - DAG(s) 'spark_job_orchestration' retrieved from /opt/airflow/dags/spark_job_orchestration.py
[2025-09-25T09:29:38.097+0000] {logging_mixin.py:188} INFO - [2025-09-25T09:29:38.097+0000] {dag.py:3089} INFO - Sync 1 DAGs
[2025-09-25T09:29:38.116+0000] {logging_mixin.py:188} INFO - [2025-09-25T09:29:38.116+0000] {dag.py:3947} INFO - Setting next_dagrun for spark_job_orchestration to 2025-09-25 08:00:00+00:00, run_after=2025-09-25 09:00:00+00:00
[2025-09-25T09:29:38.128+0000] {processor.py:183} INFO - Processing /opt/airflow/dags/spark_job_orchestration.py took 0.124 seconds
[2025-09-25T09:30:08.496+0000] {processor.py:161} INFO - Started process (PID=975) to work on /opt/airflow/dags/spark_job_orchestration.py
[2025-09-25T09:30:08.497+0000] {processor.py:830} INFO - Processing file /opt/airflow/dags/spark_job_orchestration.py for tasks to queue
[2025-09-25T09:30:08.499+0000] {logging_mixin.py:188} INFO - [2025-09-25T09:30:08.498+0000] {dagbag.py:545} INFO - Filling up the DagBag from /opt/airflow/dags/spark_job_orchestration.py
[2025-09-25T09:30:08.513+0000] {processor.py:840} INFO - DAG(s) 'spark_job_orchestration' retrieved from /opt/airflow/dags/spark_job_orchestration.py
[2025-09-25T09:30:08.539+0000] {logging_mixin.py:188} INFO - [2025-09-25T09:30:08.539+0000] {dag.py:3089} INFO - Sync 1 DAGs
[2025-09-25T09:30:08.551+0000] {logging_mixin.py:188} INFO - [2025-09-25T09:30:08.551+0000] {dag.py:3947} INFO - Setting next_dagrun for spark_job_orchestration to 2025-09-25 08:00:00+00:00, run_after=2025-09-25 09:00:00+00:00
[2025-09-25T09:30:08.562+0000] {processor.py:183} INFO - Processing /opt/airflow/dags/spark_job_orchestration.py took 0.071 seconds
[2025-09-25T09:30:39.008+0000] {processor.py:161} INFO - Started process (PID=1000) to work on /opt/airflow/dags/spark_job_orchestration.py
[2025-09-25T09:30:39.010+0000] {processor.py:830} INFO - Processing file /opt/airflow/dags/spark_job_orchestration.py for tasks to queue
[2025-09-25T09:30:39.015+0000] {logging_mixin.py:188} INFO - [2025-09-25T09:30:39.014+0000] {dagbag.py:545} INFO - Filling up the DagBag from /opt/airflow/dags/spark_job_orchestration.py
[2025-09-25T09:30:39.033+0000] {processor.py:840} INFO - DAG(s) 'spark_job_orchestration' retrieved from /opt/airflow/dags/spark_job_orchestration.py
[2025-09-25T09:30:39.170+0000] {logging_mixin.py:188} INFO - [2025-09-25T09:30:39.169+0000] {dag.py:3089} INFO - Sync 1 DAGs
[2025-09-25T09:30:39.238+0000] {logging_mixin.py:188} INFO - [2025-09-25T09:30:39.238+0000] {dag.py:3947} INFO - Setting next_dagrun for spark_job_orchestration to 2025-09-25 08:00:00+00:00, run_after=2025-09-25 09:00:00+00:00
[2025-09-25T09:30:39.299+0000] {processor.py:183} INFO - Processing /opt/airflow/dags/spark_job_orchestration.py took 0.313 seconds
[2025-09-25T09:31:09.787+0000] {processor.py:161} INFO - Started process (PID=1025) to work on /opt/airflow/dags/spark_job_orchestration.py
[2025-09-25T09:31:09.790+0000] {processor.py:830} INFO - Processing file /opt/airflow/dags/spark_job_orchestration.py for tasks to queue
[2025-09-25T09:31:09.794+0000] {logging_mixin.py:188} INFO - [2025-09-25T09:31:09.793+0000] {dagbag.py:545} INFO - Filling up the DagBag from /opt/airflow/dags/spark_job_orchestration.py
[2025-09-25T09:31:09.817+0000] {processor.py:840} INFO - DAG(s) 'spark_job_orchestration' retrieved from /opt/airflow/dags/spark_job_orchestration.py
[2025-09-25T09:31:09.877+0000] {logging_mixin.py:188} INFO - [2025-09-25T09:31:09.876+0000] {dag.py:3089} INFO - Sync 1 DAGs
[2025-09-25T09:31:09.919+0000] {logging_mixin.py:188} INFO - [2025-09-25T09:31:09.919+0000] {dag.py:3947} INFO - Setting next_dagrun for spark_job_orchestration to 2025-09-25 08:00:00+00:00, run_after=2025-09-25 09:00:00+00:00
[2025-09-25T09:31:09.943+0000] {processor.py:183} INFO - Processing /opt/airflow/dags/spark_job_orchestration.py took 0.195 seconds
[2025-09-25T09:31:40.432+0000] {processor.py:161} INFO - Started process (PID=1050) to work on /opt/airflow/dags/spark_job_orchestration.py
[2025-09-25T09:31:40.435+0000] {processor.py:830} INFO - Processing file /opt/airflow/dags/spark_job_orchestration.py for tasks to queue
[2025-09-25T09:31:40.438+0000] {logging_mixin.py:188} INFO - [2025-09-25T09:31:40.437+0000] {dagbag.py:545} INFO - Filling up the DagBag from /opt/airflow/dags/spark_job_orchestration.py
[2025-09-25T09:31:40.452+0000] {processor.py:840} INFO - DAG(s) 'spark_job_orchestration' retrieved from /opt/airflow/dags/spark_job_orchestration.py
[2025-09-25T09:31:40.496+0000] {logging_mixin.py:188} INFO - [2025-09-25T09:31:40.495+0000] {dag.py:3089} INFO - Sync 1 DAGs
[2025-09-25T09:31:40.516+0000] {logging_mixin.py:188} INFO - [2025-09-25T09:31:40.516+0000] {dag.py:3947} INFO - Setting next_dagrun for spark_job_orchestration to 2025-09-25 08:00:00+00:00, run_after=2025-09-25 09:00:00+00:00
[2025-09-25T09:31:40.532+0000] {processor.py:183} INFO - Processing /opt/airflow/dags/spark_job_orchestration.py took 0.111 seconds
[2025-09-25T09:32:10.934+0000] {processor.py:161} INFO - Started process (PID=1077) to work on /opt/airflow/dags/spark_job_orchestration.py
[2025-09-25T09:32:10.935+0000] {processor.py:830} INFO - Processing file /opt/airflow/dags/spark_job_orchestration.py for tasks to queue
[2025-09-25T09:32:10.936+0000] {logging_mixin.py:188} INFO - [2025-09-25T09:32:10.936+0000] {dagbag.py:545} INFO - Filling up the DagBag from /opt/airflow/dags/spark_job_orchestration.py
[2025-09-25T09:32:10.945+0000] {processor.py:840} INFO - DAG(s) 'spark_job_orchestration' retrieved from /opt/airflow/dags/spark_job_orchestration.py
[2025-09-25T09:32:10.967+0000] {logging_mixin.py:188} INFO - [2025-09-25T09:32:10.967+0000] {dag.py:3089} INFO - Sync 1 DAGs
[2025-09-25T09:32:10.998+0000] {logging_mixin.py:188} INFO - [2025-09-25T09:32:10.998+0000] {dag.py:3947} INFO - Setting next_dagrun for spark_job_orchestration to 2025-09-25 08:00:00+00:00, run_after=2025-09-25 09:00:00+00:00
[2025-09-25T09:32:11.010+0000] {processor.py:183} INFO - Processing /opt/airflow/dags/spark_job_orchestration.py took 0.083 seconds
[2025-09-25T09:32:41.454+0000] {processor.py:161} INFO - Started process (PID=1102) to work on /opt/airflow/dags/spark_job_orchestration.py
[2025-09-25T09:32:41.456+0000] {processor.py:830} INFO - Processing file /opt/airflow/dags/spark_job_orchestration.py for tasks to queue
[2025-09-25T09:32:41.459+0000] {logging_mixin.py:188} INFO - [2025-09-25T09:32:41.458+0000] {dagbag.py:545} INFO - Filling up the DagBag from /opt/airflow/dags/spark_job_orchestration.py
[2025-09-25T09:32:41.489+0000] {processor.py:840} INFO - DAG(s) 'spark_job_orchestration' retrieved from /opt/airflow/dags/spark_job_orchestration.py
[2025-09-25T09:32:41.525+0000] {logging_mixin.py:188} INFO - [2025-09-25T09:32:41.524+0000] {dag.py:3089} INFO - Sync 1 DAGs
[2025-09-25T09:32:41.559+0000] {logging_mixin.py:188} INFO - [2025-09-25T09:32:41.559+0000] {dag.py:3947} INFO - Setting next_dagrun for spark_job_orchestration to 2025-09-25 08:00:00+00:00, run_after=2025-09-25 09:00:00+00:00
[2025-09-25T09:32:41.573+0000] {processor.py:183} INFO - Processing /opt/airflow/dags/spark_job_orchestration.py took 0.130 seconds
[2025-09-25T09:33:11.984+0000] {processor.py:161} INFO - Started process (PID=1127) to work on /opt/airflow/dags/spark_job_orchestration.py
[2025-09-25T09:33:11.986+0000] {processor.py:830} INFO - Processing file /opt/airflow/dags/spark_job_orchestration.py for tasks to queue
[2025-09-25T09:33:11.992+0000] {logging_mixin.py:188} INFO - [2025-09-25T09:33:11.990+0000] {dagbag.py:545} INFO - Filling up the DagBag from /opt/airflow/dags/spark_job_orchestration.py
[2025-09-25T09:33:12.016+0000] {processor.py:840} INFO - DAG(s) 'spark_job_orchestration' retrieved from /opt/airflow/dags/spark_job_orchestration.py
[2025-09-25T09:33:12.053+0000] {logging_mixin.py:188} INFO - [2025-09-25T09:33:12.053+0000] {dag.py:3089} INFO - Sync 1 DAGs
[2025-09-25T09:33:12.084+0000] {logging_mixin.py:188} INFO - [2025-09-25T09:33:12.083+0000] {dag.py:3947} INFO - Setting next_dagrun for spark_job_orchestration to 2025-09-25 08:00:00+00:00, run_after=2025-09-25 09:00:00+00:00
[2025-09-25T09:33:12.099+0000] {processor.py:183} INFO - Processing /opt/airflow/dags/spark_job_orchestration.py took 0.126 seconds
[2025-09-25T09:33:42.582+0000] {processor.py:161} INFO - Started process (PID=1152) to work on /opt/airflow/dags/spark_job_orchestration.py
[2025-09-25T09:33:42.585+0000] {processor.py:830} INFO - Processing file /opt/airflow/dags/spark_job_orchestration.py for tasks to queue
[2025-09-25T09:33:42.588+0000] {logging_mixin.py:188} INFO - [2025-09-25T09:33:42.588+0000] {dagbag.py:545} INFO - Filling up the DagBag from /opt/airflow/dags/spark_job_orchestration.py
[2025-09-25T09:33:42.614+0000] {processor.py:840} INFO - DAG(s) 'spark_job_orchestration' retrieved from /opt/airflow/dags/spark_job_orchestration.py
[2025-09-25T09:33:42.647+0000] {logging_mixin.py:188} INFO - [2025-09-25T09:33:42.647+0000] {dag.py:3089} INFO - Sync 1 DAGs
[2025-09-25T09:33:42.685+0000] {logging_mixin.py:188} INFO - [2025-09-25T09:33:42.685+0000] {dag.py:3947} INFO - Setting next_dagrun for spark_job_orchestration to 2025-09-25 08:00:00+00:00, run_after=2025-09-25 09:00:00+00:00
[2025-09-25T09:33:42.699+0000] {processor.py:183} INFO - Processing /opt/airflow/dags/spark_job_orchestration.py took 0.124 seconds
[2025-09-25T09:34:13.166+0000] {processor.py:161} INFO - Started process (PID=1177) to work on /opt/airflow/dags/spark_job_orchestration.py
[2025-09-25T09:34:13.168+0000] {processor.py:830} INFO - Processing file /opt/airflow/dags/spark_job_orchestration.py for tasks to queue
[2025-09-25T09:34:13.172+0000] {logging_mixin.py:188} INFO - [2025-09-25T09:34:13.171+0000] {dagbag.py:545} INFO - Filling up the DagBag from /opt/airflow/dags/spark_job_orchestration.py
[2025-09-25T09:34:13.188+0000] {processor.py:840} INFO - DAG(s) 'spark_job_orchestration' retrieved from /opt/airflow/dags/spark_job_orchestration.py
[2025-09-25T09:34:13.248+0000] {logging_mixin.py:188} INFO - [2025-09-25T09:34:13.248+0000] {dag.py:3089} INFO - Sync 1 DAGs
[2025-09-25T09:34:13.289+0000] {logging_mixin.py:188} INFO - [2025-09-25T09:34:13.289+0000] {dag.py:3947} INFO - Setting next_dagrun for spark_job_orchestration to 2025-09-25 08:00:00+00:00, run_after=2025-09-25 09:00:00+00:00
[2025-09-25T09:34:13.306+0000] {processor.py:183} INFO - Processing /opt/airflow/dags/spark_job_orchestration.py took 0.159 seconds
[2025-09-25T09:34:43.682+0000] {processor.py:161} INFO - Started process (PID=1202) to work on /opt/airflow/dags/spark_job_orchestration.py
[2025-09-25T09:34:43.684+0000] {processor.py:830} INFO - Processing file /opt/airflow/dags/spark_job_orchestration.py for tasks to queue
[2025-09-25T09:34:43.689+0000] {logging_mixin.py:188} INFO - [2025-09-25T09:34:43.688+0000] {dagbag.py:545} INFO - Filling up the DagBag from /opt/airflow/dags/spark_job_orchestration.py
[2025-09-25T09:34:43.717+0000] {processor.py:840} INFO - DAG(s) 'spark_job_orchestration' retrieved from /opt/airflow/dags/spark_job_orchestration.py
[2025-09-25T09:34:43.751+0000] {logging_mixin.py:188} INFO - [2025-09-25T09:34:43.751+0000] {dag.py:3089} INFO - Sync 1 DAGs
[2025-09-25T09:34:43.769+0000] {logging_mixin.py:188} INFO - [2025-09-25T09:34:43.769+0000] {dag.py:3947} INFO - Setting next_dagrun for spark_job_orchestration to 2025-09-25 08:00:00+00:00, run_after=2025-09-25 09:00:00+00:00
[2025-09-25T09:34:43.786+0000] {processor.py:183} INFO - Processing /opt/airflow/dags/spark_job_orchestration.py took 0.114 seconds
[2025-09-25T09:35:14.244+0000] {processor.py:161} INFO - Started process (PID=1227) to work on /opt/airflow/dags/spark_job_orchestration.py
[2025-09-25T09:35:14.246+0000] {processor.py:830} INFO - Processing file /opt/airflow/dags/spark_job_orchestration.py for tasks to queue
[2025-09-25T09:35:14.250+0000] {logging_mixin.py:188} INFO - [2025-09-25T09:35:14.249+0000] {dagbag.py:545} INFO - Filling up the DagBag from /opt/airflow/dags/spark_job_orchestration.py
[2025-09-25T09:35:14.267+0000] {processor.py:840} INFO - DAG(s) 'spark_job_orchestration' retrieved from /opt/airflow/dags/spark_job_orchestration.py
[2025-09-25T09:35:14.333+0000] {logging_mixin.py:188} INFO - [2025-09-25T09:35:14.332+0000] {dag.py:3089} INFO - Sync 1 DAGs
[2025-09-25T09:35:14.370+0000] {logging_mixin.py:188} INFO - [2025-09-25T09:35:14.370+0000] {dag.py:3947} INFO - Setting next_dagrun for spark_job_orchestration to 2025-09-25 08:00:00+00:00, run_after=2025-09-25 09:00:00+00:00
[2025-09-25T09:35:14.384+0000] {processor.py:183} INFO - Processing /opt/airflow/dags/spark_job_orchestration.py took 0.158 seconds
[2025-09-25T09:35:44.950+0000] {processor.py:161} INFO - Started process (PID=1252) to work on /opt/airflow/dags/spark_job_orchestration.py
[2025-09-25T09:35:44.952+0000] {processor.py:830} INFO - Processing file /opt/airflow/dags/spark_job_orchestration.py for tasks to queue
[2025-09-25T09:35:44.955+0000] {logging_mixin.py:188} INFO - [2025-09-25T09:35:44.955+0000] {dagbag.py:545} INFO - Filling up the DagBag from /opt/airflow/dags/spark_job_orchestration.py
[2025-09-25T09:35:44.971+0000] {processor.py:840} INFO - DAG(s) 'spark_job_orchestration' retrieved from /opt/airflow/dags/spark_job_orchestration.py
[2025-09-25T09:35:45.031+0000] {logging_mixin.py:188} INFO - [2025-09-25T09:35:45.031+0000] {dag.py:3089} INFO - Sync 1 DAGs
[2025-09-25T09:35:45.050+0000] {logging_mixin.py:188} INFO - [2025-09-25T09:35:45.050+0000] {dag.py:3947} INFO - Setting next_dagrun for spark_job_orchestration to 2025-09-25 08:00:00+00:00, run_after=2025-09-25 09:00:00+00:00
[2025-09-25T09:35:45.066+0000] {processor.py:183} INFO - Processing /opt/airflow/dags/spark_job_orchestration.py took 0.130 seconds
[2025-09-25T09:36:15.603+0000] {processor.py:161} INFO - Started process (PID=1277) to work on /opt/airflow/dags/spark_job_orchestration.py
[2025-09-25T09:36:15.606+0000] {processor.py:830} INFO - Processing file /opt/airflow/dags/spark_job_orchestration.py for tasks to queue
[2025-09-25T09:36:15.610+0000] {logging_mixin.py:188} INFO - [2025-09-25T09:36:15.609+0000] {dagbag.py:545} INFO - Filling up the DagBag from /opt/airflow/dags/spark_job_orchestration.py
[2025-09-25T09:36:15.626+0000] {processor.py:840} INFO - DAG(s) 'spark_job_orchestration' retrieved from /opt/airflow/dags/spark_job_orchestration.py
[2025-09-25T09:36:15.694+0000] {logging_mixin.py:188} INFO - [2025-09-25T09:36:15.694+0000] {dag.py:3089} INFO - Sync 1 DAGs
[2025-09-25T09:36:15.719+0000] {logging_mixin.py:188} INFO - [2025-09-25T09:36:15.719+0000] {dag.py:3947} INFO - Setting next_dagrun for spark_job_orchestration to 2025-09-25 08:00:00+00:00, run_after=2025-09-25 09:00:00+00:00
[2025-09-25T09:36:15.733+0000] {processor.py:183} INFO - Processing /opt/airflow/dags/spark_job_orchestration.py took 0.143 seconds
[2025-09-25T09:36:46.163+0000] {processor.py:161} INFO - Started process (PID=1302) to work on /opt/airflow/dags/spark_job_orchestration.py
[2025-09-25T09:36:46.167+0000] {processor.py:830} INFO - Processing file /opt/airflow/dags/spark_job_orchestration.py for tasks to queue
[2025-09-25T09:36:46.179+0000] {logging_mixin.py:188} INFO - [2025-09-25T09:36:46.175+0000] {dagbag.py:545} INFO - Filling up the DagBag from /opt/airflow/dags/spark_job_orchestration.py
[2025-09-25T09:36:46.192+0000] {processor.py:840} INFO - DAG(s) 'spark_job_orchestration' retrieved from /opt/airflow/dags/spark_job_orchestration.py
[2025-09-25T09:36:46.233+0000] {logging_mixin.py:188} INFO - [2025-09-25T09:36:46.233+0000] {dag.py:3089} INFO - Sync 1 DAGs
[2025-09-25T09:36:46.250+0000] {logging_mixin.py:188} INFO - [2025-09-25T09:36:46.250+0000] {dag.py:3947} INFO - Setting next_dagrun for spark_job_orchestration to 2025-09-25 08:00:00+00:00, run_after=2025-09-25 09:00:00+00:00
[2025-09-25T09:36:46.261+0000] {processor.py:183} INFO - Processing /opt/airflow/dags/spark_job_orchestration.py took 0.110 seconds
[2025-09-25T09:37:16.700+0000] {processor.py:161} INFO - Started process (PID=1327) to work on /opt/airflow/dags/spark_job_orchestration.py
[2025-09-25T09:37:16.704+0000] {processor.py:830} INFO - Processing file /opt/airflow/dags/spark_job_orchestration.py for tasks to queue
[2025-09-25T09:37:16.712+0000] {logging_mixin.py:188} INFO - [2025-09-25T09:37:16.710+0000] {dagbag.py:545} INFO - Filling up the DagBag from /opt/airflow/dags/spark_job_orchestration.py
[2025-09-25T09:37:16.732+0000] {processor.py:840} INFO - DAG(s) 'spark_job_orchestration' retrieved from /opt/airflow/dags/spark_job_orchestration.py
[2025-09-25T09:37:16.774+0000] {logging_mixin.py:188} INFO - [2025-09-25T09:37:16.773+0000] {dag.py:3089} INFO - Sync 1 DAGs
[2025-09-25T09:37:16.800+0000] {logging_mixin.py:188} INFO - [2025-09-25T09:37:16.799+0000] {dag.py:3947} INFO - Setting next_dagrun for spark_job_orchestration to 2025-09-25 08:00:00+00:00, run_after=2025-09-25 09:00:00+00:00
[2025-09-25T09:37:16.810+0000] {processor.py:183} INFO - Processing /opt/airflow/dags/spark_job_orchestration.py took 0.119 seconds
[2025-09-25T09:37:47.191+0000] {processor.py:161} INFO - Started process (PID=1352) to work on /opt/airflow/dags/spark_job_orchestration.py
[2025-09-25T09:37:47.194+0000] {processor.py:830} INFO - Processing file /opt/airflow/dags/spark_job_orchestration.py for tasks to queue
[2025-09-25T09:37:47.208+0000] {logging_mixin.py:188} INFO - [2025-09-25T09:37:47.207+0000] {dagbag.py:545} INFO - Filling up the DagBag from /opt/airflow/dags/spark_job_orchestration.py
[2025-09-25T09:37:47.222+0000] {processor.py:840} INFO - DAG(s) 'spark_job_orchestration' retrieved from /opt/airflow/dags/spark_job_orchestration.py
[2025-09-25T09:37:47.249+0000] {logging_mixin.py:188} INFO - [2025-09-25T09:37:47.249+0000] {dag.py:3089} INFO - Sync 1 DAGs
[2025-09-25T09:37:47.278+0000] {logging_mixin.py:188} INFO - [2025-09-25T09:37:47.278+0000] {dag.py:3947} INFO - Setting next_dagrun for spark_job_orchestration to 2025-09-25 08:00:00+00:00, run_after=2025-09-25 09:00:00+00:00
[2025-09-25T09:37:47.291+0000] {processor.py:183} INFO - Processing /opt/airflow/dags/spark_job_orchestration.py took 0.105 seconds
[2025-09-25T09:38:17.713+0000] {processor.py:161} INFO - Started process (PID=1377) to work on /opt/airflow/dags/spark_job_orchestration.py
[2025-09-25T09:38:17.715+0000] {processor.py:830} INFO - Processing file /opt/airflow/dags/spark_job_orchestration.py for tasks to queue
[2025-09-25T09:38:17.718+0000] {logging_mixin.py:188} INFO - [2025-09-25T09:38:17.718+0000] {dagbag.py:545} INFO - Filling up the DagBag from /opt/airflow/dags/spark_job_orchestration.py
[2025-09-25T09:38:17.733+0000] {processor.py:840} INFO - DAG(s) 'spark_job_orchestration' retrieved from /opt/airflow/dags/spark_job_orchestration.py
[2025-09-25T09:38:17.763+0000] {logging_mixin.py:188} INFO - [2025-09-25T09:38:17.763+0000] {dag.py:3089} INFO - Sync 1 DAGs
[2025-09-25T09:38:17.795+0000] {logging_mixin.py:188} INFO - [2025-09-25T09:38:17.795+0000] {dag.py:3947} INFO - Setting next_dagrun for spark_job_orchestration to 2025-09-25 08:00:00+00:00, run_after=2025-09-25 09:00:00+00:00
[2025-09-25T09:38:17.807+0000] {processor.py:183} INFO - Processing /opt/airflow/dags/spark_job_orchestration.py took 0.113 seconds
[2025-09-25T09:38:48.278+0000] {processor.py:161} INFO - Started process (PID=1402) to work on /opt/airflow/dags/spark_job_orchestration.py
[2025-09-25T09:38:48.279+0000] {processor.py:830} INFO - Processing file /opt/airflow/dags/spark_job_orchestration.py for tasks to queue
[2025-09-25T09:38:48.283+0000] {logging_mixin.py:188} INFO - [2025-09-25T09:38:48.282+0000] {dagbag.py:545} INFO - Filling up the DagBag from /opt/airflow/dags/spark_job_orchestration.py
[2025-09-25T09:38:48.294+0000] {processor.py:840} INFO - DAG(s) 'spark_job_orchestration' retrieved from /opt/airflow/dags/spark_job_orchestration.py
[2025-09-25T09:38:48.321+0000] {logging_mixin.py:188} INFO - [2025-09-25T09:38:48.320+0000] {dag.py:3089} INFO - Sync 1 DAGs
[2025-09-25T09:38:48.344+0000] {logging_mixin.py:188} INFO - [2025-09-25T09:38:48.344+0000] {dag.py:3947} INFO - Setting next_dagrun for spark_job_orchestration to 2025-09-25 08:00:00+00:00, run_after=2025-09-25 09:00:00+00:00
[2025-09-25T09:38:48.361+0000] {processor.py:183} INFO - Processing /opt/airflow/dags/spark_job_orchestration.py took 0.090 seconds
[2025-09-25T09:39:18.765+0000] {processor.py:161} INFO - Started process (PID=1427) to work on /opt/airflow/dags/spark_job_orchestration.py
[2025-09-25T09:39:18.767+0000] {processor.py:830} INFO - Processing file /opt/airflow/dags/spark_job_orchestration.py for tasks to queue
[2025-09-25T09:39:18.771+0000] {logging_mixin.py:188} INFO - [2025-09-25T09:39:18.770+0000] {dagbag.py:545} INFO - Filling up the DagBag from /opt/airflow/dags/spark_job_orchestration.py
[2025-09-25T09:39:18.787+0000] {processor.py:840} INFO - DAG(s) 'spark_job_orchestration' retrieved from /opt/airflow/dags/spark_job_orchestration.py
[2025-09-25T09:39:18.837+0000] {logging_mixin.py:188} INFO - [2025-09-25T09:39:18.837+0000] {dag.py:3089} INFO - Sync 1 DAGs
[2025-09-25T09:39:18.865+0000] {logging_mixin.py:188} INFO - [2025-09-25T09:39:18.865+0000] {dag.py:3947} INFO - Setting next_dagrun for spark_job_orchestration to 2025-09-25 08:00:00+00:00, run_after=2025-09-25 09:00:00+00:00
[2025-09-25T09:39:18.885+0000] {processor.py:183} INFO - Processing /opt/airflow/dags/spark_job_orchestration.py took 0.135 seconds
[2025-09-25T09:39:49.274+0000] {processor.py:161} INFO - Started process (PID=1452) to work on /opt/airflow/dags/spark_job_orchestration.py
[2025-09-25T09:39:49.276+0000] {processor.py:830} INFO - Processing file /opt/airflow/dags/spark_job_orchestration.py for tasks to queue
[2025-09-25T09:39:49.282+0000] {logging_mixin.py:188} INFO - [2025-09-25T09:39:49.280+0000] {dagbag.py:545} INFO - Filling up the DagBag from /opt/airflow/dags/spark_job_orchestration.py
[2025-09-25T09:39:49.302+0000] {processor.py:840} INFO - DAG(s) 'spark_job_orchestration' retrieved from /opt/airflow/dags/spark_job_orchestration.py
[2025-09-25T09:39:49.341+0000] {logging_mixin.py:188} INFO - [2025-09-25T09:39:49.341+0000] {dag.py:3089} INFO - Sync 1 DAGs
[2025-09-25T09:39:49.361+0000] {logging_mixin.py:188} INFO - [2025-09-25T09:39:49.361+0000] {dag.py:3947} INFO - Setting next_dagrun for spark_job_orchestration to 2025-09-25 08:00:00+00:00, run_after=2025-09-25 09:00:00+00:00
[2025-09-25T09:39:49.376+0000] {processor.py:183} INFO - Processing /opt/airflow/dags/spark_job_orchestration.py took 0.110 seconds
[2025-09-25T09:40:19.750+0000] {processor.py:161} INFO - Started process (PID=1477) to work on /opt/airflow/dags/spark_job_orchestration.py
[2025-09-25T09:40:19.753+0000] {processor.py:830} INFO - Processing file /opt/airflow/dags/spark_job_orchestration.py for tasks to queue
[2025-09-25T09:40:19.763+0000] {logging_mixin.py:188} INFO - [2025-09-25T09:40:19.762+0000] {dagbag.py:545} INFO - Filling up the DagBag from /opt/airflow/dags/spark_job_orchestration.py
[2025-09-25T09:40:19.784+0000] {processor.py:840} INFO - DAG(s) 'spark_job_orchestration' retrieved from /opt/airflow/dags/spark_job_orchestration.py
[2025-09-25T09:40:19.814+0000] {logging_mixin.py:188} INFO - [2025-09-25T09:40:19.814+0000] {dag.py:3089} INFO - Sync 1 DAGs
[2025-09-25T09:40:19.833+0000] {logging_mixin.py:188} INFO - [2025-09-25T09:40:19.833+0000] {dag.py:3947} INFO - Setting next_dagrun for spark_job_orchestration to 2025-09-25 08:00:00+00:00, run_after=2025-09-25 09:00:00+00:00
[2025-09-25T09:40:19.844+0000] {processor.py:183} INFO - Processing /opt/airflow/dags/spark_job_orchestration.py took 0.107 seconds
[2025-09-25T09:40:50.281+0000] {processor.py:161} INFO - Started process (PID=1502) to work on /opt/airflow/dags/spark_job_orchestration.py
[2025-09-25T09:40:50.283+0000] {processor.py:830} INFO - Processing file /opt/airflow/dags/spark_job_orchestration.py for tasks to queue
[2025-09-25T09:40:50.286+0000] {logging_mixin.py:188} INFO - [2025-09-25T09:40:50.285+0000] {dagbag.py:545} INFO - Filling up the DagBag from /opt/airflow/dags/spark_job_orchestration.py
[2025-09-25T09:40:50.301+0000] {processor.py:840} INFO - DAG(s) 'spark_job_orchestration' retrieved from /opt/airflow/dags/spark_job_orchestration.py
[2025-09-25T09:40:50.331+0000] {logging_mixin.py:188} INFO - [2025-09-25T09:40:50.331+0000] {dag.py:3089} INFO - Sync 1 DAGs
[2025-09-25T09:40:50.366+0000] {logging_mixin.py:188} INFO - [2025-09-25T09:40:50.366+0000] {dag.py:3947} INFO - Setting next_dagrun for spark_job_orchestration to 2025-09-25 08:00:00+00:00, run_after=2025-09-25 09:00:00+00:00
[2025-09-25T09:40:50.384+0000] {processor.py:183} INFO - Processing /opt/airflow/dags/spark_job_orchestration.py took 0.123 seconds
[2025-09-25T09:41:20.771+0000] {processor.py:161} INFO - Started process (PID=1527) to work on /opt/airflow/dags/spark_job_orchestration.py
[2025-09-25T09:41:20.775+0000] {processor.py:830} INFO - Processing file /opt/airflow/dags/spark_job_orchestration.py for tasks to queue
[2025-09-25T09:41:20.777+0000] {logging_mixin.py:188} INFO - [2025-09-25T09:41:20.777+0000] {dagbag.py:545} INFO - Filling up the DagBag from /opt/airflow/dags/spark_job_orchestration.py
[2025-09-25T09:41:20.791+0000] {processor.py:840} INFO - DAG(s) 'spark_job_orchestration' retrieved from /opt/airflow/dags/spark_job_orchestration.py
[2025-09-25T09:41:20.841+0000] {logging_mixin.py:188} INFO - [2025-09-25T09:41:20.841+0000] {dag.py:3089} INFO - Sync 1 DAGs
[2025-09-25T09:41:20.859+0000] {logging_mixin.py:188} INFO - [2025-09-25T09:41:20.859+0000] {dag.py:3947} INFO - Setting next_dagrun for spark_job_orchestration to 2025-09-25 08:00:00+00:00, run_after=2025-09-25 09:00:00+00:00
[2025-09-25T09:41:20.875+0000] {processor.py:183} INFO - Processing /opt/airflow/dags/spark_job_orchestration.py took 0.121 seconds
[2025-09-25T09:41:51.281+0000] {processor.py:161} INFO - Started process (PID=1552) to work on /opt/airflow/dags/spark_job_orchestration.py
[2025-09-25T09:41:51.283+0000] {processor.py:830} INFO - Processing file /opt/airflow/dags/spark_job_orchestration.py for tasks to queue
[2025-09-25T09:41:51.286+0000] {logging_mixin.py:188} INFO - [2025-09-25T09:41:51.285+0000] {dagbag.py:545} INFO - Filling up the DagBag from /opt/airflow/dags/spark_job_orchestration.py
[2025-09-25T09:41:51.299+0000] {processor.py:840} INFO - DAG(s) 'spark_job_orchestration' retrieved from /opt/airflow/dags/spark_job_orchestration.py
[2025-09-25T09:41:51.334+0000] {logging_mixin.py:188} INFO - [2025-09-25T09:41:51.334+0000] {dag.py:3089} INFO - Sync 1 DAGs
[2025-09-25T09:41:51.353+0000] {logging_mixin.py:188} INFO - [2025-09-25T09:41:51.352+0000] {dag.py:3947} INFO - Setting next_dagrun for spark_job_orchestration to 2025-09-25 08:00:00+00:00, run_after=2025-09-25 09:00:00+00:00
[2025-09-25T09:41:51.363+0000] {processor.py:183} INFO - Processing /opt/airflow/dags/spark_job_orchestration.py took 0.090 seconds
[2025-09-25T09:42:21.772+0000] {processor.py:161} INFO - Started process (PID=1577) to work on /opt/airflow/dags/spark_job_orchestration.py
[2025-09-25T09:42:21.774+0000] {processor.py:830} INFO - Processing file /opt/airflow/dags/spark_job_orchestration.py for tasks to queue
[2025-09-25T09:42:21.778+0000] {logging_mixin.py:188} INFO - [2025-09-25T09:42:21.777+0000] {dagbag.py:545} INFO - Filling up the DagBag from /opt/airflow/dags/spark_job_orchestration.py
[2025-09-25T09:42:21.794+0000] {processor.py:840} INFO - DAG(s) 'spark_job_orchestration' retrieved from /opt/airflow/dags/spark_job_orchestration.py
[2025-09-25T09:42:21.824+0000] {logging_mixin.py:188} INFO - [2025-09-25T09:42:21.824+0000] {dag.py:3089} INFO - Sync 1 DAGs
[2025-09-25T09:42:21.852+0000] {logging_mixin.py:188} INFO - [2025-09-25T09:42:21.852+0000] {dag.py:3947} INFO - Setting next_dagrun for spark_job_orchestration to 2025-09-25 08:00:00+00:00, run_after=2025-09-25 09:00:00+00:00
[2025-09-25T09:42:21.871+0000] {processor.py:183} INFO - Processing /opt/airflow/dags/spark_job_orchestration.py took 0.119 seconds
