[2025-09-25T08:54:13.890+0000] {processor.py:161} INFO - Started process (PID=443) to work on /opt/airflow/dags/weather_pipeline_orchestration.py
[2025-09-25T08:54:13.892+0000] {processor.py:830} INFO - Processing file /opt/airflow/dags/weather_pipeline_orchestration.py for tasks to queue
[2025-09-25T08:54:13.895+0000] {logging_mixin.py:188} INFO - [2025-09-25T08:54:13.894+0000] {dagbag.py:545} INFO - Filling up the DagBag from /opt/airflow/dags/weather_pipeline_orchestration.py
[2025-09-25T08:54:14.315+0000] {processor.py:840} INFO - DAG(s) 'weather_pipeline_orchestration' retrieved from /opt/airflow/dags/weather_pipeline_orchestration.py
[2025-09-25T08:54:14.379+0000] {logging_mixin.py:188} INFO - [2025-09-25T08:54:14.378+0000] {override.py:1858} INFO - Created Permission View: can delete on DAG:weather_pipeline_orchestration
[2025-09-25T08:54:14.384+0000] {logging_mixin.py:188} INFO - [2025-09-25T08:54:14.383+0000] {override.py:1858} INFO - Created Permission View: can edit on DAG:weather_pipeline_orchestration
[2025-09-25T08:54:14.386+0000] {logging_mixin.py:188} INFO - [2025-09-25T08:54:14.386+0000] {override.py:1858} INFO - Created Permission View: can read on DAG:weather_pipeline_orchestration
[2025-09-25T08:54:14.387+0000] {logging_mixin.py:188} INFO - [2025-09-25T08:54:14.387+0000] {dag.py:3089} INFO - Sync 1 DAGs
[2025-09-25T08:54:14.395+0000] {logging_mixin.py:188} INFO - [2025-09-25T08:54:14.394+0000] {dag.py:3111} INFO - Creating ORM DAG for weather_pipeline_orchestration
[2025-09-25T08:54:14.401+0000] {logging_mixin.py:188} INFO - [2025-09-25T08:54:14.401+0000] {dag.py:3947} INFO - Setting next_dagrun for weather_pipeline_orchestration to 2025-09-25 08:30:00+00:00, run_after=2025-09-25 08:45:00+00:00
[2025-09-25T08:54:14.409+0000] {processor.py:183} INFO - Processing /opt/airflow/dags/weather_pipeline_orchestration.py took 0.523 seconds
[2025-09-25T08:54:44.446+0000] {processor.py:161} INFO - Started process (PID=470) to work on /opt/airflow/dags/weather_pipeline_orchestration.py
[2025-09-25T08:54:44.447+0000] {processor.py:830} INFO - Processing file /opt/airflow/dags/weather_pipeline_orchestration.py for tasks to queue
[2025-09-25T08:54:44.448+0000] {logging_mixin.py:188} INFO - [2025-09-25T08:54:44.448+0000] {dagbag.py:545} INFO - Filling up the DagBag from /opt/airflow/dags/weather_pipeline_orchestration.py
[2025-09-25T08:54:44.539+0000] {processor.py:840} INFO - DAG(s) 'weather_pipeline_orchestration' retrieved from /opt/airflow/dags/weather_pipeline_orchestration.py
[2025-09-25T08:54:44.558+0000] {logging_mixin.py:188} INFO - [2025-09-25T08:54:44.558+0000] {dag.py:3089} INFO - Sync 1 DAGs
[2025-09-25T08:54:44.570+0000] {logging_mixin.py:188} INFO - [2025-09-25T08:54:44.570+0000] {dag.py:3947} INFO - Setting next_dagrun for weather_pipeline_orchestration to 2025-09-25 08:30:00+00:00, run_after=2025-09-25 08:45:00+00:00
[2025-09-25T08:54:44.580+0000] {processor.py:183} INFO - Processing /opt/airflow/dags/weather_pipeline_orchestration.py took 0.138 seconds
[2025-09-25T08:55:14.894+0000] {processor.py:161} INFO - Started process (PID=495) to work on /opt/airflow/dags/weather_pipeline_orchestration.py
[2025-09-25T08:55:14.895+0000] {processor.py:830} INFO - Processing file /opt/airflow/dags/weather_pipeline_orchestration.py for tasks to queue
[2025-09-25T08:55:14.896+0000] {logging_mixin.py:188} INFO - [2025-09-25T08:55:14.896+0000] {dagbag.py:545} INFO - Filling up the DagBag from /opt/airflow/dags/weather_pipeline_orchestration.py
[2025-09-25T08:55:14.964+0000] {processor.py:840} INFO - DAG(s) 'weather_pipeline_orchestration' retrieved from /opt/airflow/dags/weather_pipeline_orchestration.py
[2025-09-25T08:55:14.982+0000] {logging_mixin.py:188} INFO - [2025-09-25T08:55:14.982+0000] {dag.py:3089} INFO - Sync 1 DAGs
[2025-09-25T08:55:14.994+0000] {logging_mixin.py:188} INFO - [2025-09-25T08:55:14.994+0000] {dag.py:3947} INFO - Setting next_dagrun for weather_pipeline_orchestration to 2025-09-25 08:30:00+00:00, run_after=2025-09-25 08:45:00+00:00
[2025-09-25T08:55:15.005+0000] {processor.py:183} INFO - Processing /opt/airflow/dags/weather_pipeline_orchestration.py took 0.115 seconds
[2025-09-25T08:55:45.406+0000] {processor.py:161} INFO - Started process (PID=520) to work on /opt/airflow/dags/weather_pipeline_orchestration.py
[2025-09-25T08:55:45.407+0000] {processor.py:830} INFO - Processing file /opt/airflow/dags/weather_pipeline_orchestration.py for tasks to queue
[2025-09-25T08:55:45.407+0000] {logging_mixin.py:188} INFO - [2025-09-25T08:55:45.407+0000] {dagbag.py:545} INFO - Filling up the DagBag from /opt/airflow/dags/weather_pipeline_orchestration.py
[2025-09-25T08:55:45.474+0000] {processor.py:840} INFO - DAG(s) 'weather_pipeline_orchestration' retrieved from /opt/airflow/dags/weather_pipeline_orchestration.py
[2025-09-25T08:55:45.490+0000] {logging_mixin.py:188} INFO - [2025-09-25T08:55:45.490+0000] {dag.py:3089} INFO - Sync 1 DAGs
[2025-09-25T08:55:45.503+0000] {logging_mixin.py:188} INFO - [2025-09-25T08:55:45.503+0000] {dag.py:3947} INFO - Setting next_dagrun for weather_pipeline_orchestration to 2025-09-25 08:30:00+00:00, run_after=2025-09-25 08:45:00+00:00
[2025-09-25T08:55:45.513+0000] {processor.py:183} INFO - Processing /opt/airflow/dags/weather_pipeline_orchestration.py took 0.110 seconds
[2025-09-25T08:56:15.945+0000] {processor.py:161} INFO - Started process (PID=545) to work on /opt/airflow/dags/weather_pipeline_orchestration.py
[2025-09-25T08:56:15.947+0000] {processor.py:830} INFO - Processing file /opt/airflow/dags/weather_pipeline_orchestration.py for tasks to queue
[2025-09-25T08:56:15.948+0000] {logging_mixin.py:188} INFO - [2025-09-25T08:56:15.948+0000] {dagbag.py:545} INFO - Filling up the DagBag from /opt/airflow/dags/weather_pipeline_orchestration.py
[2025-09-25T08:56:16.020+0000] {processor.py:840} INFO - DAG(s) 'weather_pipeline_orchestration' retrieved from /opt/airflow/dags/weather_pipeline_orchestration.py
[2025-09-25T08:56:16.036+0000] {logging_mixin.py:188} INFO - [2025-09-25T08:56:16.036+0000] {dag.py:3089} INFO - Sync 1 DAGs
[2025-09-25T08:56:16.048+0000] {logging_mixin.py:188} INFO - [2025-09-25T08:56:16.048+0000] {dag.py:3947} INFO - Setting next_dagrun for weather_pipeline_orchestration to 2025-09-25 08:30:00+00:00, run_after=2025-09-25 08:45:00+00:00
[2025-09-25T08:56:16.057+0000] {processor.py:183} INFO - Processing /opt/airflow/dags/weather_pipeline_orchestration.py took 0.118 seconds
[2025-09-25T08:56:52.307+0000] {processor.py:161} INFO - Started process (PID=570) to work on /opt/airflow/dags/weather_pipeline_orchestration.py
[2025-09-25T08:56:52.309+0000] {processor.py:830} INFO - Processing file /opt/airflow/dags/weather_pipeline_orchestration.py for tasks to queue
[2025-09-25T08:56:52.312+0000] {logging_mixin.py:188} INFO - [2025-09-25T08:56:52.311+0000] {dagbag.py:545} INFO - Filling up the DagBag from /opt/airflow/dags/weather_pipeline_orchestration.py
[2025-09-25T08:56:52.686+0000] {processor.py:840} INFO - DAG(s) 'weather_pipeline_orchestration' retrieved from /opt/airflow/dags/weather_pipeline_orchestration.py
[2025-09-25T08:56:52.749+0000] {logging_mixin.py:188} INFO - [2025-09-25T08:56:52.748+0000] {dag.py:3089} INFO - Sync 1 DAGs
[2025-09-25T08:56:52.791+0000] {logging_mixin.py:188} INFO - [2025-09-25T08:56:52.790+0000] {dag.py:3947} INFO - Setting next_dagrun for weather_pipeline_orchestration to 2025-09-25 08:30:00+00:00, run_after=2025-09-25 08:45:00+00:00
[2025-09-25T08:56:52.884+0000] {processor.py:183} INFO - Processing /opt/airflow/dags/weather_pipeline_orchestration.py took 0.592 seconds
[2025-09-25T09:05:10.130+0000] {processor.py:161} INFO - Started process (PID=175) to work on /opt/airflow/dags/weather_pipeline_orchestration.py
[2025-09-25T09:05:10.134+0000] {processor.py:830} INFO - Processing file /opt/airflow/dags/weather_pipeline_orchestration.py for tasks to queue
[2025-09-25T09:05:10.137+0000] {logging_mixin.py:188} INFO - [2025-09-25T09:05:10.137+0000] {dagbag.py:545} INFO - Filling up the DagBag from /opt/airflow/dags/weather_pipeline_orchestration.py
[2025-09-25T09:05:11.779+0000] {processor.py:840} INFO - DAG(s) 'weather_pipeline_orchestration' retrieved from /opt/airflow/dags/weather_pipeline_orchestration.py
[2025-09-25T09:05:12.204+0000] {logging_mixin.py:188} INFO - [2025-09-25T09:05:12.204+0000] {dag.py:3089} INFO - Sync 1 DAGs
[2025-09-25T09:05:12.255+0000] {logging_mixin.py:188} INFO - [2025-09-25T09:05:12.255+0000] {dag.py:3947} INFO - Setting next_dagrun for weather_pipeline_orchestration to 2025-09-25 08:45:00+00:00, run_after=2025-09-25 09:00:00+00:00
[2025-09-25T09:05:12.363+0000] {processor.py:183} INFO - Processing /opt/airflow/dags/weather_pipeline_orchestration.py took 2.250 seconds
[2025-09-25T09:05:43.192+0000] {processor.py:161} INFO - Started process (PID=210) to work on /opt/airflow/dags/weather_pipeline_orchestration.py
[2025-09-25T09:05:43.193+0000] {processor.py:830} INFO - Processing file /opt/airflow/dags/weather_pipeline_orchestration.py for tasks to queue
[2025-09-25T09:05:43.195+0000] {logging_mixin.py:188} INFO - [2025-09-25T09:05:43.194+0000] {dagbag.py:545} INFO - Filling up the DagBag from /opt/airflow/dags/weather_pipeline_orchestration.py
[2025-09-25T09:05:43.316+0000] {processor.py:840} INFO - DAG(s) 'weather_pipeline_orchestration' retrieved from /opt/airflow/dags/weather_pipeline_orchestration.py
[2025-09-25T09:05:43.337+0000] {logging_mixin.py:188} INFO - [2025-09-25T09:05:43.337+0000] {dag.py:3089} INFO - Sync 1 DAGs
[2025-09-25T09:05:43.356+0000] {logging_mixin.py:188} INFO - [2025-09-25T09:05:43.356+0000] {dag.py:3947} INFO - Setting next_dagrun for weather_pipeline_orchestration to 2025-09-25 08:45:00+00:00, run_after=2025-09-25 09:00:00+00:00
[2025-09-25T09:05:43.370+0000] {processor.py:183} INFO - Processing /opt/airflow/dags/weather_pipeline_orchestration.py took 0.188 seconds
[2025-09-25T09:06:13.748+0000] {processor.py:161} INFO - Started process (PID=235) to work on /opt/airflow/dags/weather_pipeline_orchestration.py
[2025-09-25T09:06:13.750+0000] {processor.py:830} INFO - Processing file /opt/airflow/dags/weather_pipeline_orchestration.py for tasks to queue
[2025-09-25T09:06:13.751+0000] {logging_mixin.py:188} INFO - [2025-09-25T09:06:13.751+0000] {dagbag.py:545} INFO - Filling up the DagBag from /opt/airflow/dags/weather_pipeline_orchestration.py
[2025-09-25T09:06:13.852+0000] {processor.py:840} INFO - DAG(s) 'weather_pipeline_orchestration' retrieved from /opt/airflow/dags/weather_pipeline_orchestration.py
[2025-09-25T09:06:13.879+0000] {logging_mixin.py:188} INFO - [2025-09-25T09:06:13.878+0000] {dag.py:3089} INFO - Sync 1 DAGs
[2025-09-25T09:06:13.899+0000] {logging_mixin.py:188} INFO - [2025-09-25T09:06:13.899+0000] {dag.py:3947} INFO - Setting next_dagrun for weather_pipeline_orchestration to 2025-09-25 08:45:00+00:00, run_after=2025-09-25 09:00:00+00:00
[2025-09-25T09:06:13.912+0000] {processor.py:183} INFO - Processing /opt/airflow/dags/weather_pipeline_orchestration.py took 0.170 seconds
[2025-09-25T09:06:44.386+0000] {processor.py:161} INFO - Started process (PID=260) to work on /opt/airflow/dags/weather_pipeline_orchestration.py
[2025-09-25T09:06:44.387+0000] {processor.py:830} INFO - Processing file /opt/airflow/dags/weather_pipeline_orchestration.py for tasks to queue
[2025-09-25T09:06:44.391+0000] {logging_mixin.py:188} INFO - [2025-09-25T09:06:44.390+0000] {dagbag.py:545} INFO - Filling up the DagBag from /opt/airflow/dags/weather_pipeline_orchestration.py
[2025-09-25T09:06:44.788+0000] {processor.py:840} INFO - DAG(s) 'weather_pipeline_orchestration' retrieved from /opt/airflow/dags/weather_pipeline_orchestration.py
[2025-09-25T09:06:44.860+0000] {logging_mixin.py:188} INFO - [2025-09-25T09:06:44.860+0000] {dag.py:3089} INFO - Sync 1 DAGs
[2025-09-25T09:06:44.944+0000] {logging_mixin.py:188} INFO - [2025-09-25T09:06:44.943+0000] {dag.py:3947} INFO - Setting next_dagrun for weather_pipeline_orchestration to 2025-09-25 08:45:00+00:00, run_after=2025-09-25 09:00:00+00:00
[2025-09-25T09:06:44.981+0000] {processor.py:183} INFO - Processing /opt/airflow/dags/weather_pipeline_orchestration.py took 0.604 seconds
[2025-09-25T09:07:15.885+0000] {processor.py:161} INFO - Started process (PID=285) to work on /opt/airflow/dags/weather_pipeline_orchestration.py
[2025-09-25T09:07:15.886+0000] {processor.py:830} INFO - Processing file /opt/airflow/dags/weather_pipeline_orchestration.py for tasks to queue
[2025-09-25T09:07:15.888+0000] {logging_mixin.py:188} INFO - [2025-09-25T09:07:15.888+0000] {dagbag.py:545} INFO - Filling up the DagBag from /opt/airflow/dags/weather_pipeline_orchestration.py
[2025-09-25T09:07:15.988+0000] {processor.py:840} INFO - DAG(s) 'weather_pipeline_orchestration' retrieved from /opt/airflow/dags/weather_pipeline_orchestration.py
[2025-09-25T09:07:16.007+0000] {logging_mixin.py:188} INFO - [2025-09-25T09:07:16.006+0000] {dag.py:3089} INFO - Sync 1 DAGs
[2025-09-25T09:07:16.020+0000] {logging_mixin.py:188} INFO - [2025-09-25T09:07:16.020+0000] {dag.py:3947} INFO - Setting next_dagrun for weather_pipeline_orchestration to 2025-09-25 08:45:00+00:00, run_after=2025-09-25 09:00:00+00:00
[2025-09-25T09:07:16.032+0000] {processor.py:183} INFO - Processing /opt/airflow/dags/weather_pipeline_orchestration.py took 0.153 seconds
[2025-09-25T09:07:46.447+0000] {processor.py:161} INFO - Started process (PID=310) to work on /opt/airflow/dags/weather_pipeline_orchestration.py
[2025-09-25T09:07:46.448+0000] {processor.py:830} INFO - Processing file /opt/airflow/dags/weather_pipeline_orchestration.py for tasks to queue
[2025-09-25T09:07:46.449+0000] {logging_mixin.py:188} INFO - [2025-09-25T09:07:46.449+0000] {dagbag.py:545} INFO - Filling up the DagBag from /opt/airflow/dags/weather_pipeline_orchestration.py
[2025-09-25T09:07:46.561+0000] {processor.py:840} INFO - DAG(s) 'weather_pipeline_orchestration' retrieved from /opt/airflow/dags/weather_pipeline_orchestration.py
[2025-09-25T09:07:46.578+0000] {logging_mixin.py:188} INFO - [2025-09-25T09:07:46.578+0000] {dag.py:3089} INFO - Sync 1 DAGs
[2025-09-25T09:07:46.594+0000] {logging_mixin.py:188} INFO - [2025-09-25T09:07:46.593+0000] {dag.py:3947} INFO - Setting next_dagrun for weather_pipeline_orchestration to 2025-09-25 08:45:00+00:00, run_after=2025-09-25 09:00:00+00:00
[2025-09-25T09:07:46.607+0000] {processor.py:183} INFO - Processing /opt/airflow/dags/weather_pipeline_orchestration.py took 0.166 seconds
[2025-09-25T09:08:16.961+0000] {processor.py:161} INFO - Started process (PID=335) to work on /opt/airflow/dags/weather_pipeline_orchestration.py
[2025-09-25T09:08:16.962+0000] {processor.py:830} INFO - Processing file /opt/airflow/dags/weather_pipeline_orchestration.py for tasks to queue
[2025-09-25T09:08:16.964+0000] {logging_mixin.py:188} INFO - [2025-09-25T09:08:16.963+0000] {dagbag.py:545} INFO - Filling up the DagBag from /opt/airflow/dags/weather_pipeline_orchestration.py
[2025-09-25T09:08:17.079+0000] {processor.py:840} INFO - DAG(s) 'weather_pipeline_orchestration' retrieved from /opt/airflow/dags/weather_pipeline_orchestration.py
[2025-09-25T09:08:17.102+0000] {logging_mixin.py:188} INFO - [2025-09-25T09:08:17.102+0000] {dag.py:3089} INFO - Sync 1 DAGs
[2025-09-25T09:08:17.118+0000] {logging_mixin.py:188} INFO - [2025-09-25T09:08:17.118+0000] {dag.py:3947} INFO - Setting next_dagrun for weather_pipeline_orchestration to 2025-09-25 08:45:00+00:00, run_after=2025-09-25 09:00:00+00:00
[2025-09-25T09:08:17.128+0000] {processor.py:183} INFO - Processing /opt/airflow/dags/weather_pipeline_orchestration.py took 0.173 seconds
[2025-09-25T09:08:47.509+0000] {processor.py:161} INFO - Started process (PID=360) to work on /opt/airflow/dags/weather_pipeline_orchestration.py
[2025-09-25T09:08:47.510+0000] {processor.py:830} INFO - Processing file /opt/airflow/dags/weather_pipeline_orchestration.py for tasks to queue
[2025-09-25T09:08:47.511+0000] {logging_mixin.py:188} INFO - [2025-09-25T09:08:47.511+0000] {dagbag.py:545} INFO - Filling up the DagBag from /opt/airflow/dags/weather_pipeline_orchestration.py
[2025-09-25T09:08:47.598+0000] {processor.py:840} INFO - DAG(s) 'weather_pipeline_orchestration' retrieved from /opt/airflow/dags/weather_pipeline_orchestration.py
[2025-09-25T09:08:47.619+0000] {logging_mixin.py:188} INFO - [2025-09-25T09:08:47.619+0000] {dag.py:3089} INFO - Sync 1 DAGs
[2025-09-25T09:08:47.639+0000] {logging_mixin.py:188} INFO - [2025-09-25T09:08:47.638+0000] {dag.py:3947} INFO - Setting next_dagrun for weather_pipeline_orchestration to 2025-09-25 08:45:00+00:00, run_after=2025-09-25 09:00:00+00:00
[2025-09-25T09:08:47.651+0000] {processor.py:183} INFO - Processing /opt/airflow/dags/weather_pipeline_orchestration.py took 0.149 seconds
[2025-09-25T09:13:37.002+0000] {processor.py:161} INFO - Started process (PID=174) to work on /opt/airflow/dags/weather_pipeline_orchestration.py
[2025-09-25T09:13:37.005+0000] {processor.py:830} INFO - Processing file /opt/airflow/dags/weather_pipeline_orchestration.py for tasks to queue
[2025-09-25T09:13:37.010+0000] {logging_mixin.py:188} INFO - [2025-09-25T09:13:37.010+0000] {dagbag.py:545} INFO - Filling up the DagBag from /opt/airflow/dags/weather_pipeline_orchestration.py
[2025-09-25T09:13:39.253+0000] {processor.py:840} INFO - DAG(s) 'weather_pipeline_orchestration' retrieved from /opt/airflow/dags/weather_pipeline_orchestration.py
[2025-09-25T09:13:39.382+0000] {logging_mixin.py:188} INFO - [2025-09-25T09:13:39.382+0000] {dag.py:3089} INFO - Sync 1 DAGs
[2025-09-25T09:13:39.418+0000] {logging_mixin.py:188} INFO - [2025-09-25T09:13:39.418+0000] {dag.py:3947} INFO - Setting next_dagrun for weather_pipeline_orchestration to 2025-09-25 08:45:00+00:00, run_after=2025-09-25 09:00:00+00:00
[2025-09-25T09:13:39.494+0000] {processor.py:183} INFO - Processing /opt/airflow/dags/weather_pipeline_orchestration.py took 2.502 seconds
[2025-09-25T09:14:10.860+0000] {processor.py:161} INFO - Started process (PID=202) to work on /opt/airflow/dags/weather_pipeline_orchestration.py
[2025-09-25T09:14:10.895+0000] {processor.py:830} INFO - Processing file /opt/airflow/dags/weather_pipeline_orchestration.py for tasks to queue
[2025-09-25T09:14:10.930+0000] {logging_mixin.py:188} INFO - [2025-09-25T09:14:10.929+0000] {dagbag.py:545} INFO - Filling up the DagBag from /opt/airflow/dags/weather_pipeline_orchestration.py
[2025-09-25T09:14:11.684+0000] {processor.py:840} INFO - DAG(s) 'weather_pipeline_orchestration' retrieved from /opt/airflow/dags/weather_pipeline_orchestration.py
[2025-09-25T09:14:11.813+0000] {logging_mixin.py:188} INFO - [2025-09-25T09:14:11.812+0000] {dag.py:3089} INFO - Sync 1 DAGs
[2025-09-25T09:14:11.896+0000] {logging_mixin.py:188} INFO - [2025-09-25T09:14:11.896+0000] {dag.py:3947} INFO - Setting next_dagrun for weather_pipeline_orchestration to 2025-09-25 08:45:00+00:00, run_after=2025-09-25 09:00:00+00:00
[2025-09-25T09:14:11.976+0000] {processor.py:183} INFO - Processing /opt/airflow/dags/weather_pipeline_orchestration.py took 1.296 seconds
[2025-09-25T09:14:42.326+0000] {processor.py:161} INFO - Started process (PID=229) to work on /opt/airflow/dags/weather_pipeline_orchestration.py
[2025-09-25T09:14:42.331+0000] {processor.py:830} INFO - Processing file /opt/airflow/dags/weather_pipeline_orchestration.py for tasks to queue
[2025-09-25T09:14:42.337+0000] {logging_mixin.py:188} INFO - [2025-09-25T09:14:42.337+0000] {dagbag.py:545} INFO - Filling up the DagBag from /opt/airflow/dags/weather_pipeline_orchestration.py
[2025-09-25T09:14:42.811+0000] {processor.py:840} INFO - DAG(s) 'weather_pipeline_orchestration' retrieved from /opt/airflow/dags/weather_pipeline_orchestration.py
[2025-09-25T09:14:42.910+0000] {logging_mixin.py:188} INFO - [2025-09-25T09:14:42.889+0000] {dag.py:3089} INFO - Sync 1 DAGs
[2025-09-25T09:14:42.986+0000] {logging_mixin.py:188} INFO - [2025-09-25T09:14:42.985+0000] {dag.py:3947} INFO - Setting next_dagrun for weather_pipeline_orchestration to 2025-09-25 08:45:00+00:00, run_after=2025-09-25 09:00:00+00:00
[2025-09-25T09:14:43.035+0000] {processor.py:183} INFO - Processing /opt/airflow/dags/weather_pipeline_orchestration.py took 0.767 seconds
[2025-09-25T09:15:13.851+0000] {processor.py:161} INFO - Started process (PID=259) to work on /opt/airflow/dags/weather_pipeline_orchestration.py
[2025-09-25T09:15:13.852+0000] {processor.py:830} INFO - Processing file /opt/airflow/dags/weather_pipeline_orchestration.py for tasks to queue
[2025-09-25T09:15:13.854+0000] {logging_mixin.py:188} INFO - [2025-09-25T09:15:13.853+0000] {dagbag.py:545} INFO - Filling up the DagBag from /opt/airflow/dags/weather_pipeline_orchestration.py
[2025-09-25T09:15:13.937+0000] {processor.py:840} INFO - DAG(s) 'weather_pipeline_orchestration' retrieved from /opt/airflow/dags/weather_pipeline_orchestration.py
[2025-09-25T09:15:13.968+0000] {logging_mixin.py:188} INFO - [2025-09-25T09:15:13.967+0000] {dag.py:3089} INFO - Sync 1 DAGs
[2025-09-25T09:15:13.987+0000] {logging_mixin.py:188} INFO - [2025-09-25T09:15:13.987+0000] {dag.py:3947} INFO - Setting next_dagrun for weather_pipeline_orchestration to 2025-09-25 09:00:00+00:00, run_after=2025-09-25 09:15:00+00:00
[2025-09-25T09:15:14.001+0000] {processor.py:183} INFO - Processing /opt/airflow/dags/weather_pipeline_orchestration.py took 0.155 seconds
[2025-09-25T09:15:46.840+0000] {processor.py:161} INFO - Started process (PID=282) to work on /opt/airflow/dags/weather_pipeline_orchestration.py
[2025-09-25T09:15:46.873+0000] {processor.py:830} INFO - Processing file /opt/airflow/dags/weather_pipeline_orchestration.py for tasks to queue
[2025-09-25T09:15:46.943+0000] {logging_mixin.py:188} INFO - [2025-09-25T09:15:46.942+0000] {dagbag.py:545} INFO - Filling up the DagBag from /opt/airflow/dags/weather_pipeline_orchestration.py
[2025-09-25T09:15:47.376+0000] {processor.py:840} INFO - DAG(s) 'weather_pipeline_orchestration' retrieved from /opt/airflow/dags/weather_pipeline_orchestration.py
[2025-09-25T09:15:47.440+0000] {logging_mixin.py:188} INFO - [2025-09-25T09:15:47.439+0000] {dag.py:3089} INFO - Sync 1 DAGs
[2025-09-25T09:15:47.501+0000] {logging_mixin.py:188} INFO - [2025-09-25T09:15:47.500+0000] {dag.py:3947} INFO - Setting next_dagrun for weather_pipeline_orchestration to 2025-09-25 09:00:00+00:00, run_after=2025-09-25 09:15:00+00:00
[2025-09-25T09:15:47.557+0000] {processor.py:183} INFO - Processing /opt/airflow/dags/weather_pipeline_orchestration.py took 0.781 seconds
[2025-09-25T09:16:18.124+0000] {processor.py:161} INFO - Started process (PID=309) to work on /opt/airflow/dags/weather_pipeline_orchestration.py
[2025-09-25T09:16:18.125+0000] {processor.py:830} INFO - Processing file /opt/airflow/dags/weather_pipeline_orchestration.py for tasks to queue
[2025-09-25T09:16:18.128+0000] {logging_mixin.py:188} INFO - [2025-09-25T09:16:18.128+0000] {dagbag.py:545} INFO - Filling up the DagBag from /opt/airflow/dags/weather_pipeline_orchestration.py
[2025-09-25T09:16:18.479+0000] {processor.py:840} INFO - DAG(s) 'weather_pipeline_orchestration' retrieved from /opt/airflow/dags/weather_pipeline_orchestration.py
[2025-09-25T09:16:18.552+0000] {logging_mixin.py:188} INFO - [2025-09-25T09:16:18.551+0000] {dag.py:3089} INFO - Sync 1 DAGs
[2025-09-25T09:16:18.644+0000] {logging_mixin.py:188} INFO - [2025-09-25T09:16:18.643+0000] {dag.py:3947} INFO - Setting next_dagrun for weather_pipeline_orchestration to 2025-09-25 09:00:00+00:00, run_after=2025-09-25 09:15:00+00:00
[2025-09-25T09:16:18.682+0000] {processor.py:183} INFO - Processing /opt/airflow/dags/weather_pipeline_orchestration.py took 0.611 seconds
[2025-09-25T09:16:51.481+0000] {processor.py:161} INFO - Started process (PID=322) to work on /opt/airflow/dags/weather_pipeline_orchestration.py
[2025-09-25T09:16:51.491+0000] {processor.py:830} INFO - Processing file /opt/airflow/dags/weather_pipeline_orchestration.py for tasks to queue
[2025-09-25T09:16:51.519+0000] {logging_mixin.py:188} INFO - [2025-09-25T09:16:51.517+0000] {dagbag.py:545} INFO - Filling up the DagBag from /opt/airflow/dags/weather_pipeline_orchestration.py
[2025-09-25T09:16:52.259+0000] {processor.py:840} INFO - DAG(s) 'weather_pipeline_orchestration' retrieved from /opt/airflow/dags/weather_pipeline_orchestration.py
[2025-09-25T09:16:52.500+0000] {logging_mixin.py:188} INFO - [2025-09-25T09:16:52.500+0000] {dag.py:3089} INFO - Sync 1 DAGs
[2025-09-25T09:16:52.764+0000] {logging_mixin.py:188} INFO - [2025-09-25T09:16:52.763+0000] {dag.py:3947} INFO - Setting next_dagrun for weather_pipeline_orchestration to 2025-09-25 09:00:00+00:00, run_after=2025-09-25 09:15:00+00:00
[2025-09-25T09:16:53.292+0000] {processor.py:183} INFO - Processing /opt/airflow/dags/weather_pipeline_orchestration.py took 1.833 seconds
[2025-09-25T09:17:23.924+0000] {processor.py:161} INFO - Started process (PID=349) to work on /opt/airflow/dags/weather_pipeline_orchestration.py
[2025-09-25T09:17:23.947+0000] {processor.py:830} INFO - Processing file /opt/airflow/dags/weather_pipeline_orchestration.py for tasks to queue
[2025-09-25T09:17:23.956+0000] {logging_mixin.py:188} INFO - [2025-09-25T09:17:23.955+0000] {dagbag.py:545} INFO - Filling up the DagBag from /opt/airflow/dags/weather_pipeline_orchestration.py
[2025-09-25T09:17:24.644+0000] {processor.py:840} INFO - DAG(s) 'weather_pipeline_orchestration' retrieved from /opt/airflow/dags/weather_pipeline_orchestration.py
[2025-09-25T09:17:24.908+0000] {logging_mixin.py:188} INFO - [2025-09-25T09:17:24.907+0000] {dag.py:3089} INFO - Sync 1 DAGs
[2025-09-25T09:17:25.143+0000] {logging_mixin.py:188} INFO - [2025-09-25T09:17:25.123+0000] {dag.py:3947} INFO - Setting next_dagrun for weather_pipeline_orchestration to 2025-09-25 09:00:00+00:00, run_after=2025-09-25 09:15:00+00:00
[2025-09-25T09:17:25.545+0000] {processor.py:183} INFO - Processing /opt/airflow/dags/weather_pipeline_orchestration.py took 1.672 seconds
[2025-09-25T09:17:56.383+0000] {processor.py:161} INFO - Started process (PID=374) to work on /opt/airflow/dags/weather_pipeline_orchestration.py
[2025-09-25T09:17:56.392+0000] {processor.py:830} INFO - Processing file /opt/airflow/dags/weather_pipeline_orchestration.py for tasks to queue
[2025-09-25T09:17:56.398+0000] {logging_mixin.py:188} INFO - [2025-09-25T09:17:56.398+0000] {dagbag.py:545} INFO - Filling up the DagBag from /opt/airflow/dags/weather_pipeline_orchestration.py
[2025-09-25T09:17:56.750+0000] {processor.py:840} INFO - DAG(s) 'weather_pipeline_orchestration' retrieved from /opt/airflow/dags/weather_pipeline_orchestration.py
[2025-09-25T09:17:56.809+0000] {logging_mixin.py:188} INFO - [2025-09-25T09:17:56.808+0000] {dag.py:3089} INFO - Sync 1 DAGs
[2025-09-25T09:17:56.856+0000] {logging_mixin.py:188} INFO - [2025-09-25T09:17:56.855+0000] {dag.py:3947} INFO - Setting next_dagrun for weather_pipeline_orchestration to 2025-09-25 09:00:00+00:00, run_after=2025-09-25 09:15:00+00:00
[2025-09-25T09:17:56.916+0000] {processor.py:183} INFO - Processing /opt/airflow/dags/weather_pipeline_orchestration.py took 0.714 seconds
[2025-09-25T09:18:28.870+0000] {processor.py:161} INFO - Started process (PID=399) to work on /opt/airflow/dags/weather_pipeline_orchestration.py
[2025-09-25T09:18:28.973+0000] {processor.py:830} INFO - Processing file /opt/airflow/dags/weather_pipeline_orchestration.py for tasks to queue
[2025-09-25T09:18:29.038+0000] {logging_mixin.py:188} INFO - [2025-09-25T09:18:29.026+0000] {dagbag.py:545} INFO - Filling up the DagBag from /opt/airflow/dags/weather_pipeline_orchestration.py
[2025-09-25T09:18:29.903+0000] {processor.py:840} INFO - DAG(s) 'weather_pipeline_orchestration' retrieved from /opt/airflow/dags/weather_pipeline_orchestration.py
[2025-09-25T09:18:30.130+0000] {logging_mixin.py:188} INFO - [2025-09-25T09:18:30.129+0000] {dag.py:3089} INFO - Sync 1 DAGs
[2025-09-25T09:18:30.332+0000] {logging_mixin.py:188} INFO - [2025-09-25T09:18:30.331+0000] {dag.py:3947} INFO - Setting next_dagrun for weather_pipeline_orchestration to 2025-09-25 09:00:00+00:00, run_after=2025-09-25 09:15:00+00:00
[2025-09-25T09:18:30.688+0000] {processor.py:183} INFO - Processing /opt/airflow/dags/weather_pipeline_orchestration.py took 1.906 seconds
[2025-09-25T09:19:01.220+0000] {processor.py:161} INFO - Started process (PID=429) to work on /opt/airflow/dags/weather_pipeline_orchestration.py
[2025-09-25T09:19:01.226+0000] {processor.py:830} INFO - Processing file /opt/airflow/dags/weather_pipeline_orchestration.py for tasks to queue
[2025-09-25T09:19:01.237+0000] {logging_mixin.py:188} INFO - [2025-09-25T09:19:01.236+0000] {dagbag.py:545} INFO - Filling up the DagBag from /opt/airflow/dags/weather_pipeline_orchestration.py
[2025-09-25T09:19:03.279+0000] {processor.py:840} INFO - DAG(s) 'weather_pipeline_orchestration' retrieved from /opt/airflow/dags/weather_pipeline_orchestration.py
[2025-09-25T09:19:03.450+0000] {logging_mixin.py:188} INFO - [2025-09-25T09:19:03.450+0000] {dag.py:3089} INFO - Sync 1 DAGs
[2025-09-25T09:19:03.548+0000] {logging_mixin.py:188} INFO - [2025-09-25T09:19:03.548+0000] {dag.py:3947} INFO - Setting next_dagrun for weather_pipeline_orchestration to 2025-09-25 09:00:00+00:00, run_after=2025-09-25 09:15:00+00:00
[2025-09-25T09:19:03.647+0000] {processor.py:183} INFO - Processing /opt/airflow/dags/weather_pipeline_orchestration.py took 2.437 seconds
[2025-09-25T09:19:34.050+0000] {processor.py:161} INFO - Started process (PID=459) to work on /opt/airflow/dags/weather_pipeline_orchestration.py
[2025-09-25T09:19:34.059+0000] {processor.py:830} INFO - Processing file /opt/airflow/dags/weather_pipeline_orchestration.py for tasks to queue
[2025-09-25T09:19:34.064+0000] {logging_mixin.py:188} INFO - [2025-09-25T09:19:34.063+0000] {dagbag.py:545} INFO - Filling up the DagBag from /opt/airflow/dags/weather_pipeline_orchestration.py
[2025-09-25T09:19:34.766+0000] {processor.py:840} INFO - DAG(s) 'weather_pipeline_orchestration' retrieved from /opt/airflow/dags/weather_pipeline_orchestration.py
[2025-09-25T09:19:35.089+0000] {logging_mixin.py:188} INFO - [2025-09-25T09:19:35.088+0000] {dag.py:3089} INFO - Sync 1 DAGs
[2025-09-25T09:19:35.175+0000] {logging_mixin.py:188} INFO - [2025-09-25T09:19:35.174+0000] {dag.py:3947} INFO - Setting next_dagrun for weather_pipeline_orchestration to 2025-09-25 09:00:00+00:00, run_after=2025-09-25 09:15:00+00:00
[2025-09-25T09:19:35.278+0000] {processor.py:183} INFO - Processing /opt/airflow/dags/weather_pipeline_orchestration.py took 1.357 seconds
[2025-09-25T09:20:05.728+0000] {processor.py:161} INFO - Started process (PID=484) to work on /opt/airflow/dags/weather_pipeline_orchestration.py
[2025-09-25T09:20:05.754+0000] {processor.py:830} INFO - Processing file /opt/airflow/dags/weather_pipeline_orchestration.py for tasks to queue
[2025-09-25T09:20:05.757+0000] {logging_mixin.py:188} INFO - [2025-09-25T09:20:05.756+0000] {dagbag.py:545} INFO - Filling up the DagBag from /opt/airflow/dags/weather_pipeline_orchestration.py
[2025-09-25T09:20:06.283+0000] {processor.py:840} INFO - DAG(s) 'weather_pipeline_orchestration' retrieved from /opt/airflow/dags/weather_pipeline_orchestration.py
[2025-09-25T09:20:06.387+0000] {logging_mixin.py:188} INFO - [2025-09-25T09:20:06.386+0000] {dag.py:3089} INFO - Sync 1 DAGs
[2025-09-25T09:20:06.454+0000] {logging_mixin.py:188} INFO - [2025-09-25T09:20:06.453+0000] {dag.py:3947} INFO - Setting next_dagrun for weather_pipeline_orchestration to 2025-09-25 09:00:00+00:00, run_after=2025-09-25 09:15:00+00:00
[2025-09-25T09:20:06.520+0000] {processor.py:183} INFO - Processing /opt/airflow/dags/weather_pipeline_orchestration.py took 0.807 seconds
[2025-09-25T09:20:39.466+0000] {processor.py:161} INFO - Started process (PID=507) to work on /opt/airflow/dags/weather_pipeline_orchestration.py
[2025-09-25T09:20:39.473+0000] {processor.py:830} INFO - Processing file /opt/airflow/dags/weather_pipeline_orchestration.py for tasks to queue
[2025-09-25T09:20:39.509+0000] {logging_mixin.py:188} INFO - [2025-09-25T09:20:39.507+0000] {dagbag.py:545} INFO - Filling up the DagBag from /opt/airflow/dags/weather_pipeline_orchestration.py
[2025-09-25T09:20:40.717+0000] {processor.py:840} INFO - DAG(s) 'weather_pipeline_orchestration' retrieved from /opt/airflow/dags/weather_pipeline_orchestration.py
[2025-09-25T09:20:41.378+0000] {logging_mixin.py:188} INFO - [2025-09-25T09:20:41.378+0000] {dag.py:3089} INFO - Sync 1 DAGs
[2025-09-25T09:20:41.515+0000] {logging_mixin.py:188} INFO - [2025-09-25T09:20:41.515+0000] {dag.py:3947} INFO - Setting next_dagrun for weather_pipeline_orchestration to 2025-09-25 09:00:00+00:00, run_after=2025-09-25 09:15:00+00:00
[2025-09-25T09:20:41.585+0000] {processor.py:183} INFO - Processing /opt/airflow/dags/weather_pipeline_orchestration.py took 2.239 seconds
[2025-09-25T09:21:11.986+0000] {processor.py:161} INFO - Started process (PID=534) to work on /opt/airflow/dags/weather_pipeline_orchestration.py
[2025-09-25T09:21:11.989+0000] {processor.py:830} INFO - Processing file /opt/airflow/dags/weather_pipeline_orchestration.py for tasks to queue
[2025-09-25T09:21:12.038+0000] {logging_mixin.py:188} INFO - [2025-09-25T09:21:12.037+0000] {dagbag.py:545} INFO - Filling up the DagBag from /opt/airflow/dags/weather_pipeline_orchestration.py
[2025-09-25T09:21:12.351+0000] {processor.py:840} INFO - DAG(s) 'weather_pipeline_orchestration' retrieved from /opt/airflow/dags/weather_pipeline_orchestration.py
[2025-09-25T09:21:12.478+0000] {logging_mixin.py:188} INFO - [2025-09-25T09:21:12.477+0000] {dag.py:3089} INFO - Sync 1 DAGs
[2025-09-25T09:21:12.610+0000] {logging_mixin.py:188} INFO - [2025-09-25T09:21:12.609+0000] {dag.py:3947} INFO - Setting next_dagrun for weather_pipeline_orchestration to 2025-09-25 09:00:00+00:00, run_after=2025-09-25 09:15:00+00:00
[2025-09-25T09:21:12.696+0000] {processor.py:183} INFO - Processing /opt/airflow/dags/weather_pipeline_orchestration.py took 0.718 seconds
[2025-09-25T09:21:43.203+0000] {processor.py:161} INFO - Started process (PID=557) to work on /opt/airflow/dags/weather_pipeline_orchestration.py
[2025-09-25T09:21:43.218+0000] {processor.py:830} INFO - Processing file /opt/airflow/dags/weather_pipeline_orchestration.py for tasks to queue
[2025-09-25T09:21:43.222+0000] {logging_mixin.py:188} INFO - [2025-09-25T09:21:43.221+0000] {dagbag.py:545} INFO - Filling up the DagBag from /opt/airflow/dags/weather_pipeline_orchestration.py
[2025-09-25T09:21:43.624+0000] {processor.py:840} INFO - DAG(s) 'weather_pipeline_orchestration' retrieved from /opt/airflow/dags/weather_pipeline_orchestration.py
[2025-09-25T09:21:43.687+0000] {logging_mixin.py:188} INFO - [2025-09-25T09:21:43.687+0000] {dag.py:3089} INFO - Sync 1 DAGs
[2025-09-25T09:21:43.754+0000] {logging_mixin.py:188} INFO - [2025-09-25T09:21:43.753+0000] {dag.py:3947} INFO - Setting next_dagrun for weather_pipeline_orchestration to 2025-09-25 09:00:00+00:00, run_after=2025-09-25 09:15:00+00:00
[2025-09-25T09:21:43.797+0000] {processor.py:183} INFO - Processing /opt/airflow/dags/weather_pipeline_orchestration.py took 0.696 seconds
[2025-09-25T09:22:16.703+0000] {processor.py:161} INFO - Started process (PID=584) to work on /opt/airflow/dags/weather_pipeline_orchestration.py
[2025-09-25T09:22:16.705+0000] {processor.py:830} INFO - Processing file /opt/airflow/dags/weather_pipeline_orchestration.py for tasks to queue
[2025-09-25T09:22:16.713+0000] {logging_mixin.py:188} INFO - [2025-09-25T09:22:16.713+0000] {dagbag.py:545} INFO - Filling up the DagBag from /opt/airflow/dags/weather_pipeline_orchestration.py
[2025-09-25T09:22:17.394+0000] {processor.py:840} INFO - DAG(s) 'weather_pipeline_orchestration' retrieved from /opt/airflow/dags/weather_pipeline_orchestration.py
[2025-09-25T09:22:17.672+0000] {logging_mixin.py:188} INFO - [2025-09-25T09:22:17.671+0000] {dag.py:3089} INFO - Sync 1 DAGs
[2025-09-25T09:22:17.752+0000] {logging_mixin.py:188} INFO - [2025-09-25T09:22:17.752+0000] {dag.py:3947} INFO - Setting next_dagrun for weather_pipeline_orchestration to 2025-09-25 09:00:00+00:00, run_after=2025-09-25 09:15:00+00:00
[2025-09-25T09:22:17.960+0000] {processor.py:183} INFO - Processing /opt/airflow/dags/weather_pipeline_orchestration.py took 1.284 seconds
[2025-09-25T09:22:50.555+0000] {processor.py:161} INFO - Started process (PID=607) to work on /opt/airflow/dags/weather_pipeline_orchestration.py
[2025-09-25T09:22:50.577+0000] {processor.py:830} INFO - Processing file /opt/airflow/dags/weather_pipeline_orchestration.py for tasks to queue
[2025-09-25T09:22:50.592+0000] {logging_mixin.py:188} INFO - [2025-09-25T09:22:50.591+0000] {dagbag.py:545} INFO - Filling up the DagBag from /opt/airflow/dags/weather_pipeline_orchestration.py
[2025-09-25T09:22:53.549+0000] {processor.py:840} INFO - DAG(s) 'weather_pipeline_orchestration' retrieved from /opt/airflow/dags/weather_pipeline_orchestration.py
[2025-09-25T09:22:53.969+0000] {logging_mixin.py:188} INFO - [2025-09-25T09:22:53.967+0000] {dag.py:3089} INFO - Sync 1 DAGs
[2025-09-25T09:22:54.204+0000] {logging_mixin.py:188} INFO - [2025-09-25T09:22:54.203+0000] {dag.py:3947} INFO - Setting next_dagrun for weather_pipeline_orchestration to 2025-09-25 09:00:00+00:00, run_after=2025-09-25 09:15:00+00:00
[2025-09-25T09:22:54.500+0000] {processor.py:183} INFO - Processing /opt/airflow/dags/weather_pipeline_orchestration.py took 3.960 seconds
[2025-09-25T09:23:24.771+0000] {processor.py:161} INFO - Started process (PID=634) to work on /opt/airflow/dags/weather_pipeline_orchestration.py
[2025-09-25T09:23:24.813+0000] {processor.py:830} INFO - Processing file /opt/airflow/dags/weather_pipeline_orchestration.py for tasks to queue
[2025-09-25T09:23:24.880+0000] {logging_mixin.py:188} INFO - [2025-09-25T09:23:24.863+0000] {dagbag.py:545} INFO - Filling up the DagBag from /opt/airflow/dags/weather_pipeline_orchestration.py
[2025-09-25T09:23:25.638+0000] {processor.py:840} INFO - DAG(s) 'weather_pipeline_orchestration' retrieved from /opt/airflow/dags/weather_pipeline_orchestration.py
[2025-09-25T09:23:25.815+0000] {logging_mixin.py:188} INFO - [2025-09-25T09:23:25.815+0000] {dag.py:3089} INFO - Sync 1 DAGs
[2025-09-25T09:23:26.090+0000] {logging_mixin.py:188} INFO - [2025-09-25T09:23:26.083+0000] {dag.py:3947} INFO - Setting next_dagrun for weather_pipeline_orchestration to 2025-09-25 09:00:00+00:00, run_after=2025-09-25 09:15:00+00:00
[2025-09-25T09:23:26.289+0000] {processor.py:183} INFO - Processing /opt/airflow/dags/weather_pipeline_orchestration.py took 1.535 seconds
[2025-09-25T09:23:57.794+0000] {processor.py:161} INFO - Started process (PID=657) to work on /opt/airflow/dags/weather_pipeline_orchestration.py
[2025-09-25T09:23:57.799+0000] {processor.py:830} INFO - Processing file /opt/airflow/dags/weather_pipeline_orchestration.py for tasks to queue
[2025-09-25T09:23:57.804+0000] {logging_mixin.py:188} INFO - [2025-09-25T09:23:57.804+0000] {dagbag.py:545} INFO - Filling up the DagBag from /opt/airflow/dags/weather_pipeline_orchestration.py
[2025-09-25T09:23:58.456+0000] {processor.py:840} INFO - DAG(s) 'weather_pipeline_orchestration' retrieved from /opt/airflow/dags/weather_pipeline_orchestration.py
[2025-09-25T09:23:58.767+0000] {logging_mixin.py:188} INFO - [2025-09-25T09:23:58.767+0000] {dag.py:3089} INFO - Sync 1 DAGs
[2025-09-25T09:23:58.902+0000] {logging_mixin.py:188} INFO - [2025-09-25T09:23:58.901+0000] {dag.py:3947} INFO - Setting next_dagrun for weather_pipeline_orchestration to 2025-09-25 09:00:00+00:00, run_after=2025-09-25 09:15:00+00:00
[2025-09-25T09:23:58.958+0000] {processor.py:183} INFO - Processing /opt/airflow/dags/weather_pipeline_orchestration.py took 1.179 seconds
[2025-09-25T09:24:29.734+0000] {processor.py:161} INFO - Started process (PID=684) to work on /opt/airflow/dags/weather_pipeline_orchestration.py
[2025-09-25T09:24:29.738+0000] {processor.py:830} INFO - Processing file /opt/airflow/dags/weather_pipeline_orchestration.py for tasks to queue
[2025-09-25T09:24:29.742+0000] {logging_mixin.py:188} INFO - [2025-09-25T09:24:29.741+0000] {dagbag.py:545} INFO - Filling up the DagBag from /opt/airflow/dags/weather_pipeline_orchestration.py
[2025-09-25T09:24:30.641+0000] {processor.py:840} INFO - DAG(s) 'weather_pipeline_orchestration' retrieved from /opt/airflow/dags/weather_pipeline_orchestration.py
[2025-09-25T09:24:30.876+0000] {logging_mixin.py:188} INFO - [2025-09-25T09:24:30.876+0000] {dag.py:3089} INFO - Sync 1 DAGs
[2025-09-25T09:24:31.092+0000] {logging_mixin.py:188} INFO - [2025-09-25T09:24:31.091+0000] {dag.py:3947} INFO - Setting next_dagrun for weather_pipeline_orchestration to 2025-09-25 09:00:00+00:00, run_after=2025-09-25 09:15:00+00:00
[2025-09-25T09:24:31.137+0000] {processor.py:183} INFO - Processing /opt/airflow/dags/weather_pipeline_orchestration.py took 1.435 seconds
[2025-09-25T09:25:02.252+0000] {processor.py:161} INFO - Started process (PID=707) to work on /opt/airflow/dags/weather_pipeline_orchestration.py
[2025-09-25T09:25:02.256+0000] {processor.py:830} INFO - Processing file /opt/airflow/dags/weather_pipeline_orchestration.py for tasks to queue
[2025-09-25T09:25:02.259+0000] {logging_mixin.py:188} INFO - [2025-09-25T09:25:02.258+0000] {dagbag.py:545} INFO - Filling up the DagBag from /opt/airflow/dags/weather_pipeline_orchestration.py
[2025-09-25T09:25:03.075+0000] {processor.py:840} INFO - DAG(s) 'weather_pipeline_orchestration' retrieved from /opt/airflow/dags/weather_pipeline_orchestration.py
[2025-09-25T09:25:03.331+0000] {logging_mixin.py:188} INFO - [2025-09-25T09:25:03.326+0000] {dag.py:3089} INFO - Sync 1 DAGs
[2025-09-25T09:25:03.521+0000] {logging_mixin.py:188} INFO - [2025-09-25T09:25:03.521+0000] {dag.py:3947} INFO - Setting next_dagrun for weather_pipeline_orchestration to 2025-09-25 09:00:00+00:00, run_after=2025-09-25 09:15:00+00:00
[2025-09-25T09:25:03.716+0000] {processor.py:183} INFO - Processing /opt/airflow/dags/weather_pipeline_orchestration.py took 1.483 seconds
[2025-09-25T09:25:35.122+0000] {processor.py:161} INFO - Started process (PID=734) to work on /opt/airflow/dags/weather_pipeline_orchestration.py
[2025-09-25T09:25:35.132+0000] {processor.py:830} INFO - Processing file /opt/airflow/dags/weather_pipeline_orchestration.py for tasks to queue
[2025-09-25T09:25:35.154+0000] {logging_mixin.py:188} INFO - [2025-09-25T09:25:35.149+0000] {dagbag.py:545} INFO - Filling up the DagBag from /opt/airflow/dags/weather_pipeline_orchestration.py
[2025-09-25T09:25:35.622+0000] {processor.py:840} INFO - DAG(s) 'weather_pipeline_orchestration' retrieved from /opt/airflow/dags/weather_pipeline_orchestration.py
[2025-09-25T09:25:35.757+0000] {logging_mixin.py:188} INFO - [2025-09-25T09:25:35.756+0000] {dag.py:3089} INFO - Sync 1 DAGs
[2025-09-25T09:25:35.857+0000] {logging_mixin.py:188} INFO - [2025-09-25T09:25:35.856+0000] {dag.py:3947} INFO - Setting next_dagrun for weather_pipeline_orchestration to 2025-09-25 09:00:00+00:00, run_after=2025-09-25 09:15:00+00:00
[2025-09-25T09:25:35.976+0000] {processor.py:183} INFO - Processing /opt/airflow/dags/weather_pipeline_orchestration.py took 0.907 seconds
[2025-09-25T09:26:06.970+0000] {processor.py:161} INFO - Started process (PID=759) to work on /opt/airflow/dags/weather_pipeline_orchestration.py
[2025-09-25T09:26:06.973+0000] {processor.py:830} INFO - Processing file /opt/airflow/dags/weather_pipeline_orchestration.py for tasks to queue
[2025-09-25T09:26:06.975+0000] {logging_mixin.py:188} INFO - [2025-09-25T09:26:06.974+0000] {dagbag.py:545} INFO - Filling up the DagBag from /opt/airflow/dags/weather_pipeline_orchestration.py
[2025-09-25T09:26:07.085+0000] {processor.py:840} INFO - DAG(s) 'weather_pipeline_orchestration' retrieved from /opt/airflow/dags/weather_pipeline_orchestration.py
[2025-09-25T09:26:07.108+0000] {logging_mixin.py:188} INFO - [2025-09-25T09:26:07.107+0000] {dag.py:3089} INFO - Sync 1 DAGs
[2025-09-25T09:26:07.125+0000] {logging_mixin.py:188} INFO - [2025-09-25T09:26:07.124+0000] {dag.py:3947} INFO - Setting next_dagrun for weather_pipeline_orchestration to 2025-09-25 09:00:00+00:00, run_after=2025-09-25 09:15:00+00:00
[2025-09-25T09:26:07.139+0000] {processor.py:183} INFO - Processing /opt/airflow/dags/weather_pipeline_orchestration.py took 0.180 seconds
[2025-09-25T09:26:37.594+0000] {processor.py:161} INFO - Started process (PID=784) to work on /opt/airflow/dags/weather_pipeline_orchestration.py
[2025-09-25T09:26:37.596+0000] {processor.py:830} INFO - Processing file /opt/airflow/dags/weather_pipeline_orchestration.py for tasks to queue
[2025-09-25T09:26:37.598+0000] {logging_mixin.py:188} INFO - [2025-09-25T09:26:37.598+0000] {dagbag.py:545} INFO - Filling up the DagBag from /opt/airflow/dags/weather_pipeline_orchestration.py
[2025-09-25T09:26:37.676+0000] {processor.py:840} INFO - DAG(s) 'weather_pipeline_orchestration' retrieved from /opt/airflow/dags/weather_pipeline_orchestration.py
[2025-09-25T09:26:37.693+0000] {logging_mixin.py:188} INFO - [2025-09-25T09:26:37.693+0000] {dag.py:3089} INFO - Sync 1 DAGs
[2025-09-25T09:26:37.708+0000] {logging_mixin.py:188} INFO - [2025-09-25T09:26:37.708+0000] {dag.py:3947} INFO - Setting next_dagrun for weather_pipeline_orchestration to 2025-09-25 09:00:00+00:00, run_after=2025-09-25 09:15:00+00:00
[2025-09-25T09:26:37.725+0000] {processor.py:183} INFO - Processing /opt/airflow/dags/weather_pipeline_orchestration.py took 0.137 seconds
[2025-09-25T09:27:08.213+0000] {processor.py:161} INFO - Started process (PID=809) to work on /opt/airflow/dags/weather_pipeline_orchestration.py
[2025-09-25T09:27:08.215+0000] {processor.py:830} INFO - Processing file /opt/airflow/dags/weather_pipeline_orchestration.py for tasks to queue
[2025-09-25T09:27:08.216+0000] {logging_mixin.py:188} INFO - [2025-09-25T09:27:08.216+0000] {dagbag.py:545} INFO - Filling up the DagBag from /opt/airflow/dags/weather_pipeline_orchestration.py
[2025-09-25T09:27:08.298+0000] {processor.py:840} INFO - DAG(s) 'weather_pipeline_orchestration' retrieved from /opt/airflow/dags/weather_pipeline_orchestration.py
[2025-09-25T09:27:08.318+0000] {logging_mixin.py:188} INFO - [2025-09-25T09:27:08.318+0000] {dag.py:3089} INFO - Sync 1 DAGs
[2025-09-25T09:27:08.333+0000] {logging_mixin.py:188} INFO - [2025-09-25T09:27:08.333+0000] {dag.py:3947} INFO - Setting next_dagrun for weather_pipeline_orchestration to 2025-09-25 09:00:00+00:00, run_after=2025-09-25 09:15:00+00:00
[2025-09-25T09:27:08.344+0000] {processor.py:183} INFO - Processing /opt/airflow/dags/weather_pipeline_orchestration.py took 0.135 seconds
[2025-09-25T09:27:38.933+0000] {processor.py:161} INFO - Started process (PID=834) to work on /opt/airflow/dags/weather_pipeline_orchestration.py
[2025-09-25T09:27:38.935+0000] {processor.py:830} INFO - Processing file /opt/airflow/dags/weather_pipeline_orchestration.py for tasks to queue
[2025-09-25T09:27:38.939+0000] {logging_mixin.py:188} INFO - [2025-09-25T09:27:38.938+0000] {dagbag.py:545} INFO - Filling up the DagBag from /opt/airflow/dags/weather_pipeline_orchestration.py
[2025-09-25T09:27:39.036+0000] {processor.py:840} INFO - DAG(s) 'weather_pipeline_orchestration' retrieved from /opt/airflow/dags/weather_pipeline_orchestration.py
[2025-09-25T09:27:39.108+0000] {logging_mixin.py:188} INFO - [2025-09-25T09:27:39.107+0000] {dag.py:3089} INFO - Sync 1 DAGs
[2025-09-25T09:27:39.138+0000] {logging_mixin.py:188} INFO - [2025-09-25T09:27:39.138+0000] {dag.py:3947} INFO - Setting next_dagrun for weather_pipeline_orchestration to 2025-09-25 09:00:00+00:00, run_after=2025-09-25 09:15:00+00:00
[2025-09-25T09:27:39.157+0000] {processor.py:183} INFO - Processing /opt/airflow/dags/weather_pipeline_orchestration.py took 0.243 seconds
[2025-09-25T09:28:09.582+0000] {processor.py:161} INFO - Started process (PID=876) to work on /opt/airflow/dags/weather_pipeline_orchestration.py
[2025-09-25T09:28:09.584+0000] {processor.py:830} INFO - Processing file /opt/airflow/dags/weather_pipeline_orchestration.py for tasks to queue
[2025-09-25T09:28:09.587+0000] {logging_mixin.py:188} INFO - [2025-09-25T09:28:09.587+0000] {dagbag.py:545} INFO - Filling up the DagBag from /opt/airflow/dags/weather_pipeline_orchestration.py
[2025-09-25T09:28:09.682+0000] {processor.py:840} INFO - DAG(s) 'weather_pipeline_orchestration' retrieved from /opt/airflow/dags/weather_pipeline_orchestration.py
[2025-09-25T09:28:09.704+0000] {logging_mixin.py:188} INFO - [2025-09-25T09:28:09.704+0000] {dag.py:3089} INFO - Sync 1 DAGs
[2025-09-25T09:28:09.753+0000] {processor.py:183} INFO - Processing /opt/airflow/dags/weather_pipeline_orchestration.py took 0.179 seconds
[2025-09-25T09:28:40.161+0000] {processor.py:161} INFO - Started process (PID=901) to work on /opt/airflow/dags/weather_pipeline_orchestration.py
[2025-09-25T09:28:40.169+0000] {processor.py:830} INFO - Processing file /opt/airflow/dags/weather_pipeline_orchestration.py for tasks to queue
[2025-09-25T09:28:40.171+0000] {logging_mixin.py:188} INFO - [2025-09-25T09:28:40.170+0000] {dagbag.py:545} INFO - Filling up the DagBag from /opt/airflow/dags/weather_pipeline_orchestration.py
[2025-09-25T09:28:40.245+0000] {processor.py:840} INFO - DAG(s) 'weather_pipeline_orchestration' retrieved from /opt/airflow/dags/weather_pipeline_orchestration.py
[2025-09-25T09:28:40.262+0000] {logging_mixin.py:188} INFO - [2025-09-25T09:28:40.262+0000] {dag.py:3089} INFO - Sync 1 DAGs
[2025-09-25T09:28:40.281+0000] {processor.py:183} INFO - Processing /opt/airflow/dags/weather_pipeline_orchestration.py took 0.130 seconds
[2025-09-25T09:29:10.766+0000] {processor.py:161} INFO - Started process (PID=926) to work on /opt/airflow/dags/weather_pipeline_orchestration.py
[2025-09-25T09:29:10.767+0000] {processor.py:830} INFO - Processing file /opt/airflow/dags/weather_pipeline_orchestration.py for tasks to queue
[2025-09-25T09:29:10.768+0000] {logging_mixin.py:188} INFO - [2025-09-25T09:29:10.768+0000] {dagbag.py:545} INFO - Filling up the DagBag from /opt/airflow/dags/weather_pipeline_orchestration.py
[2025-09-25T09:29:10.824+0000] {processor.py:840} INFO - DAG(s) 'weather_pipeline_orchestration' retrieved from /opt/airflow/dags/weather_pipeline_orchestration.py
[2025-09-25T09:29:10.846+0000] {logging_mixin.py:188} INFO - [2025-09-25T09:29:10.845+0000] {dag.py:3089} INFO - Sync 1 DAGs
[2025-09-25T09:29:10.864+0000] {processor.py:183} INFO - Processing /opt/airflow/dags/weather_pipeline_orchestration.py took 0.115 seconds
[2025-09-25T09:29:41.250+0000] {processor.py:161} INFO - Started process (PID=951) to work on /opt/airflow/dags/weather_pipeline_orchestration.py
[2025-09-25T09:29:41.252+0000] {processor.py:830} INFO - Processing file /opt/airflow/dags/weather_pipeline_orchestration.py for tasks to queue
[2025-09-25T09:29:41.253+0000] {logging_mixin.py:188} INFO - [2025-09-25T09:29:41.253+0000] {dagbag.py:545} INFO - Filling up the DagBag from /opt/airflow/dags/weather_pipeline_orchestration.py
[2025-09-25T09:29:41.315+0000] {processor.py:840} INFO - DAG(s) 'weather_pipeline_orchestration' retrieved from /opt/airflow/dags/weather_pipeline_orchestration.py
[2025-09-25T09:29:41.326+0000] {logging_mixin.py:188} INFO - [2025-09-25T09:29:41.326+0000] {dag.py:3089} INFO - Sync 1 DAGs
[2025-09-25T09:29:41.342+0000] {processor.py:183} INFO - Processing /opt/airflow/dags/weather_pipeline_orchestration.py took 0.098 seconds
[2025-09-25T09:30:11.735+0000] {processor.py:161} INFO - Started process (PID=995) to work on /opt/airflow/dags/weather_pipeline_orchestration.py
[2025-09-25T09:30:11.743+0000] {processor.py:830} INFO - Processing file /opt/airflow/dags/weather_pipeline_orchestration.py for tasks to queue
[2025-09-25T09:30:11.750+0000] {logging_mixin.py:188} INFO - [2025-09-25T09:30:11.749+0000] {dagbag.py:545} INFO - Filling up the DagBag from /opt/airflow/dags/weather_pipeline_orchestration.py
[2025-09-25T09:30:11.842+0000] {processor.py:840} INFO - DAG(s) 'weather_pipeline_orchestration' retrieved from /opt/airflow/dags/weather_pipeline_orchestration.py
[2025-09-25T09:30:11.869+0000] {logging_mixin.py:188} INFO - [2025-09-25T09:30:11.868+0000] {dag.py:3089} INFO - Sync 1 DAGs
[2025-09-25T09:30:11.893+0000] {processor.py:183} INFO - Processing /opt/airflow/dags/weather_pipeline_orchestration.py took 0.170 seconds
[2025-09-25T09:30:42.444+0000] {processor.py:161} INFO - Started process (PID=1020) to work on /opt/airflow/dags/weather_pipeline_orchestration.py
[2025-09-25T09:30:42.447+0000] {processor.py:830} INFO - Processing file /opt/airflow/dags/weather_pipeline_orchestration.py for tasks to queue
[2025-09-25T09:30:42.449+0000] {logging_mixin.py:188} INFO - [2025-09-25T09:30:42.448+0000] {dagbag.py:545} INFO - Filling up the DagBag from /opt/airflow/dags/weather_pipeline_orchestration.py
[2025-09-25T09:30:42.503+0000] {processor.py:840} INFO - DAG(s) 'weather_pipeline_orchestration' retrieved from /opt/airflow/dags/weather_pipeline_orchestration.py
[2025-09-25T09:30:42.515+0000] {logging_mixin.py:188} INFO - [2025-09-25T09:30:42.515+0000] {dag.py:3089} INFO - Sync 1 DAGs
[2025-09-25T09:30:42.532+0000] {processor.py:183} INFO - Processing /opt/airflow/dags/weather_pipeline_orchestration.py took 0.092 seconds
[2025-09-25T09:31:13.056+0000] {processor.py:161} INFO - Started process (PID=1045) to work on /opt/airflow/dags/weather_pipeline_orchestration.py
[2025-09-25T09:31:13.057+0000] {processor.py:830} INFO - Processing file /opt/airflow/dags/weather_pipeline_orchestration.py for tasks to queue
[2025-09-25T09:31:13.058+0000] {logging_mixin.py:188} INFO - [2025-09-25T09:31:13.058+0000] {dagbag.py:545} INFO - Filling up the DagBag from /opt/airflow/dags/weather_pipeline_orchestration.py
[2025-09-25T09:31:13.128+0000] {processor.py:840} INFO - DAG(s) 'weather_pipeline_orchestration' retrieved from /opt/airflow/dags/weather_pipeline_orchestration.py
[2025-09-25T09:31:13.139+0000] {logging_mixin.py:188} INFO - [2025-09-25T09:31:13.139+0000] {dag.py:3089} INFO - Sync 1 DAGs
[2025-09-25T09:31:13.153+0000] {processor.py:183} INFO - Processing /opt/airflow/dags/weather_pipeline_orchestration.py took 0.101 seconds
[2025-09-25T09:31:43.639+0000] {processor.py:161} INFO - Started process (PID=1070) to work on /opt/airflow/dags/weather_pipeline_orchestration.py
[2025-09-25T09:31:43.640+0000] {processor.py:830} INFO - Processing file /opt/airflow/dags/weather_pipeline_orchestration.py for tasks to queue
[2025-09-25T09:31:43.641+0000] {logging_mixin.py:188} INFO - [2025-09-25T09:31:43.641+0000] {dagbag.py:545} INFO - Filling up the DagBag from /opt/airflow/dags/weather_pipeline_orchestration.py
[2025-09-25T09:31:43.696+0000] {processor.py:840} INFO - DAG(s) 'weather_pipeline_orchestration' retrieved from /opt/airflow/dags/weather_pipeline_orchestration.py
[2025-09-25T09:31:43.709+0000] {logging_mixin.py:188} INFO - [2025-09-25T09:31:43.709+0000] {dag.py:3089} INFO - Sync 1 DAGs
[2025-09-25T09:31:43.731+0000] {processor.py:183} INFO - Processing /opt/airflow/dags/weather_pipeline_orchestration.py took 0.099 seconds
[2025-09-25T09:32:14.137+0000] {processor.py:161} INFO - Started process (PID=1097) to work on /opt/airflow/dags/weather_pipeline_orchestration.py
[2025-09-25T09:32:14.138+0000] {processor.py:830} INFO - Processing file /opt/airflow/dags/weather_pipeline_orchestration.py for tasks to queue
[2025-09-25T09:32:14.141+0000] {logging_mixin.py:188} INFO - [2025-09-25T09:32:14.140+0000] {dagbag.py:545} INFO - Filling up the DagBag from /opt/airflow/dags/weather_pipeline_orchestration.py
[2025-09-25T09:32:14.204+0000] {processor.py:840} INFO - DAG(s) 'weather_pipeline_orchestration' retrieved from /opt/airflow/dags/weather_pipeline_orchestration.py
[2025-09-25T09:32:14.226+0000] {logging_mixin.py:188} INFO - [2025-09-25T09:32:14.226+0000] {dag.py:3089} INFO - Sync 1 DAGs
[2025-09-25T09:32:14.238+0000] {logging_mixin.py:188} INFO - [2025-09-25T09:32:14.238+0000] {dag.py:3947} INFO - Setting next_dagrun for weather_pipeline_orchestration to 2025-09-25 09:30:00+00:00, run_after=2025-09-25 09:45:00+00:00
[2025-09-25T09:32:14.246+0000] {processor.py:183} INFO - Processing /opt/airflow/dags/weather_pipeline_orchestration.py took 0.116 seconds
[2025-09-25T09:32:44.682+0000] {processor.py:161} INFO - Started process (PID=1122) to work on /opt/airflow/dags/weather_pipeline_orchestration.py
[2025-09-25T09:32:44.684+0000] {processor.py:830} INFO - Processing file /opt/airflow/dags/weather_pipeline_orchestration.py for tasks to queue
[2025-09-25T09:32:44.686+0000] {logging_mixin.py:188} INFO - [2025-09-25T09:32:44.686+0000] {dagbag.py:545} INFO - Filling up the DagBag from /opt/airflow/dags/weather_pipeline_orchestration.py
[2025-09-25T09:32:44.749+0000] {processor.py:840} INFO - DAG(s) 'weather_pipeline_orchestration' retrieved from /opt/airflow/dags/weather_pipeline_orchestration.py
[2025-09-25T09:32:44.762+0000] {logging_mixin.py:188} INFO - [2025-09-25T09:32:44.762+0000] {dag.py:3089} INFO - Sync 1 DAGs
[2025-09-25T09:32:44.772+0000] {logging_mixin.py:188} INFO - [2025-09-25T09:32:44.772+0000] {dag.py:3947} INFO - Setting next_dagrun for weather_pipeline_orchestration to 2025-09-25 09:30:00+00:00, run_after=2025-09-25 09:45:00+00:00
[2025-09-25T09:32:44.787+0000] {processor.py:183} INFO - Processing /opt/airflow/dags/weather_pipeline_orchestration.py took 0.112 seconds
[2025-09-25T09:33:15.215+0000] {processor.py:161} INFO - Started process (PID=1147) to work on /opt/airflow/dags/weather_pipeline_orchestration.py
[2025-09-25T09:33:15.217+0000] {processor.py:830} INFO - Processing file /opt/airflow/dags/weather_pipeline_orchestration.py for tasks to queue
[2025-09-25T09:33:15.219+0000] {logging_mixin.py:188} INFO - [2025-09-25T09:33:15.218+0000] {dagbag.py:545} INFO - Filling up the DagBag from /opt/airflow/dags/weather_pipeline_orchestration.py
[2025-09-25T09:33:15.301+0000] {processor.py:840} INFO - DAG(s) 'weather_pipeline_orchestration' retrieved from /opt/airflow/dags/weather_pipeline_orchestration.py
[2025-09-25T09:33:15.317+0000] {logging_mixin.py:188} INFO - [2025-09-25T09:33:15.317+0000] {dag.py:3089} INFO - Sync 1 DAGs
[2025-09-25T09:33:15.327+0000] {logging_mixin.py:188} INFO - [2025-09-25T09:33:15.327+0000] {dag.py:3947} INFO - Setting next_dagrun for weather_pipeline_orchestration to 2025-09-25 09:30:00+00:00, run_after=2025-09-25 09:45:00+00:00
[2025-09-25T09:33:15.335+0000] {processor.py:183} INFO - Processing /opt/airflow/dags/weather_pipeline_orchestration.py took 0.126 seconds
[2025-09-25T09:33:45.803+0000] {processor.py:161} INFO - Started process (PID=1172) to work on /opt/airflow/dags/weather_pipeline_orchestration.py
[2025-09-25T09:33:45.804+0000] {processor.py:830} INFO - Processing file /opt/airflow/dags/weather_pipeline_orchestration.py for tasks to queue
[2025-09-25T09:33:45.806+0000] {logging_mixin.py:188} INFO - [2025-09-25T09:33:45.806+0000] {dagbag.py:545} INFO - Filling up the DagBag from /opt/airflow/dags/weather_pipeline_orchestration.py
[2025-09-25T09:33:45.895+0000] {processor.py:840} INFO - DAG(s) 'weather_pipeline_orchestration' retrieved from /opt/airflow/dags/weather_pipeline_orchestration.py
[2025-09-25T09:33:45.910+0000] {logging_mixin.py:188} INFO - [2025-09-25T09:33:45.910+0000] {dag.py:3089} INFO - Sync 1 DAGs
[2025-09-25T09:33:45.920+0000] {logging_mixin.py:188} INFO - [2025-09-25T09:33:45.919+0000] {dag.py:3947} INFO - Setting next_dagrun for weather_pipeline_orchestration to 2025-09-25 09:30:00+00:00, run_after=2025-09-25 09:45:00+00:00
[2025-09-25T09:33:45.927+0000] {processor.py:183} INFO - Processing /opt/airflow/dags/weather_pipeline_orchestration.py took 0.129 seconds
[2025-09-25T09:34:16.433+0000] {processor.py:161} INFO - Started process (PID=1197) to work on /opt/airflow/dags/weather_pipeline_orchestration.py
[2025-09-25T09:34:16.434+0000] {processor.py:830} INFO - Processing file /opt/airflow/dags/weather_pipeline_orchestration.py for tasks to queue
[2025-09-25T09:34:16.435+0000] {logging_mixin.py:188} INFO - [2025-09-25T09:34:16.435+0000] {dagbag.py:545} INFO - Filling up the DagBag from /opt/airflow/dags/weather_pipeline_orchestration.py
[2025-09-25T09:34:16.505+0000] {processor.py:840} INFO - DAG(s) 'weather_pipeline_orchestration' retrieved from /opt/airflow/dags/weather_pipeline_orchestration.py
[2025-09-25T09:34:16.518+0000] {logging_mixin.py:188} INFO - [2025-09-25T09:34:16.518+0000] {dag.py:3089} INFO - Sync 1 DAGs
[2025-09-25T09:34:16.527+0000] {logging_mixin.py:188} INFO - [2025-09-25T09:34:16.527+0000] {dag.py:3947} INFO - Setting next_dagrun for weather_pipeline_orchestration to 2025-09-25 09:30:00+00:00, run_after=2025-09-25 09:45:00+00:00
[2025-09-25T09:34:16.534+0000] {processor.py:183} INFO - Processing /opt/airflow/dags/weather_pipeline_orchestration.py took 0.107 seconds
[2025-09-25T09:34:46.914+0000] {processor.py:161} INFO - Started process (PID=1222) to work on /opt/airflow/dags/weather_pipeline_orchestration.py
[2025-09-25T09:34:46.914+0000] {processor.py:830} INFO - Processing file /opt/airflow/dags/weather_pipeline_orchestration.py for tasks to queue
[2025-09-25T09:34:46.916+0000] {logging_mixin.py:188} INFO - [2025-09-25T09:34:46.915+0000] {dagbag.py:545} INFO - Filling up the DagBag from /opt/airflow/dags/weather_pipeline_orchestration.py
[2025-09-25T09:34:46.981+0000] {processor.py:840} INFO - DAG(s) 'weather_pipeline_orchestration' retrieved from /opt/airflow/dags/weather_pipeline_orchestration.py
[2025-09-25T09:34:46.993+0000] {logging_mixin.py:188} INFO - [2025-09-25T09:34:46.993+0000] {dag.py:3089} INFO - Sync 1 DAGs
[2025-09-25T09:34:47.003+0000] {logging_mixin.py:188} INFO - [2025-09-25T09:34:47.003+0000] {dag.py:3947} INFO - Setting next_dagrun for weather_pipeline_orchestration to 2025-09-25 09:30:00+00:00, run_after=2025-09-25 09:45:00+00:00
[2025-09-25T09:34:47.011+0000] {processor.py:183} INFO - Processing /opt/airflow/dags/weather_pipeline_orchestration.py took 0.101 seconds
[2025-09-25T09:35:17.494+0000] {processor.py:161} INFO - Started process (PID=1247) to work on /opt/airflow/dags/weather_pipeline_orchestration.py
[2025-09-25T09:35:17.494+0000] {processor.py:830} INFO - Processing file /opt/airflow/dags/weather_pipeline_orchestration.py for tasks to queue
[2025-09-25T09:35:17.496+0000] {logging_mixin.py:188} INFO - [2025-09-25T09:35:17.496+0000] {dagbag.py:545} INFO - Filling up the DagBag from /opt/airflow/dags/weather_pipeline_orchestration.py
[2025-09-25T09:35:17.557+0000] {processor.py:840} INFO - DAG(s) 'weather_pipeline_orchestration' retrieved from /opt/airflow/dags/weather_pipeline_orchestration.py
[2025-09-25T09:35:17.575+0000] {logging_mixin.py:188} INFO - [2025-09-25T09:35:17.575+0000] {dag.py:3089} INFO - Sync 1 DAGs
[2025-09-25T09:35:17.588+0000] {logging_mixin.py:188} INFO - [2025-09-25T09:35:17.588+0000] {dag.py:3947} INFO - Setting next_dagrun for weather_pipeline_orchestration to 2025-09-25 09:30:00+00:00, run_after=2025-09-25 09:45:00+00:00
[2025-09-25T09:35:17.596+0000] {processor.py:183} INFO - Processing /opt/airflow/dags/weather_pipeline_orchestration.py took 0.108 seconds
[2025-09-25T09:35:48.186+0000] {processor.py:161} INFO - Started process (PID=1272) to work on /opt/airflow/dags/weather_pipeline_orchestration.py
[2025-09-25T09:35:48.187+0000] {processor.py:830} INFO - Processing file /opt/airflow/dags/weather_pipeline_orchestration.py for tasks to queue
[2025-09-25T09:35:48.189+0000] {logging_mixin.py:188} INFO - [2025-09-25T09:35:48.189+0000] {dagbag.py:545} INFO - Filling up the DagBag from /opt/airflow/dags/weather_pipeline_orchestration.py
[2025-09-25T09:35:48.272+0000] {processor.py:840} INFO - DAG(s) 'weather_pipeline_orchestration' retrieved from /opt/airflow/dags/weather_pipeline_orchestration.py
[2025-09-25T09:35:48.303+0000] {logging_mixin.py:188} INFO - [2025-09-25T09:35:48.303+0000] {dag.py:3089} INFO - Sync 1 DAGs
[2025-09-25T09:35:48.315+0000] {logging_mixin.py:188} INFO - [2025-09-25T09:35:48.315+0000] {dag.py:3947} INFO - Setting next_dagrun for weather_pipeline_orchestration to 2025-09-25 09:30:00+00:00, run_after=2025-09-25 09:45:00+00:00
[2025-09-25T09:35:48.324+0000] {processor.py:183} INFO - Processing /opt/airflow/dags/weather_pipeline_orchestration.py took 0.145 seconds
[2025-09-25T09:36:18.930+0000] {processor.py:161} INFO - Started process (PID=1297) to work on /opt/airflow/dags/weather_pipeline_orchestration.py
[2025-09-25T09:36:18.932+0000] {processor.py:830} INFO - Processing file /opt/airflow/dags/weather_pipeline_orchestration.py for tasks to queue
[2025-09-25T09:36:18.936+0000] {logging_mixin.py:188} INFO - [2025-09-25T09:36:18.935+0000] {dagbag.py:545} INFO - Filling up the DagBag from /opt/airflow/dags/weather_pipeline_orchestration.py
[2025-09-25T09:36:19.051+0000] {processor.py:840} INFO - DAG(s) 'weather_pipeline_orchestration' retrieved from /opt/airflow/dags/weather_pipeline_orchestration.py
[2025-09-25T09:36:19.098+0000] {logging_mixin.py:188} INFO - [2025-09-25T09:36:19.098+0000] {dag.py:3089} INFO - Sync 1 DAGs
[2025-09-25T09:36:19.133+0000] {logging_mixin.py:188} INFO - [2025-09-25T09:36:19.133+0000] {dag.py:3947} INFO - Setting next_dagrun for weather_pipeline_orchestration to 2025-09-25 09:30:00+00:00, run_after=2025-09-25 09:45:00+00:00
[2025-09-25T09:36:19.149+0000] {processor.py:183} INFO - Processing /opt/airflow/dags/weather_pipeline_orchestration.py took 0.238 seconds
[2025-09-25T09:36:49.382+0000] {processor.py:161} INFO - Started process (PID=1322) to work on /opt/airflow/dags/weather_pipeline_orchestration.py
[2025-09-25T09:36:49.383+0000] {processor.py:830} INFO - Processing file /opt/airflow/dags/weather_pipeline_orchestration.py for tasks to queue
[2025-09-25T09:36:49.385+0000] {logging_mixin.py:188} INFO - [2025-09-25T09:36:49.385+0000] {dagbag.py:545} INFO - Filling up the DagBag from /opt/airflow/dags/weather_pipeline_orchestration.py
[2025-09-25T09:36:49.466+0000] {processor.py:840} INFO - DAG(s) 'weather_pipeline_orchestration' retrieved from /opt/airflow/dags/weather_pipeline_orchestration.py
[2025-09-25T09:36:49.479+0000] {logging_mixin.py:188} INFO - [2025-09-25T09:36:49.479+0000] {dag.py:3089} INFO - Sync 1 DAGs
[2025-09-25T09:36:49.489+0000] {logging_mixin.py:188} INFO - [2025-09-25T09:36:49.489+0000] {dag.py:3947} INFO - Setting next_dagrun for weather_pipeline_orchestration to 2025-09-25 09:30:00+00:00, run_after=2025-09-25 09:45:00+00:00
[2025-09-25T09:36:49.496+0000] {processor.py:183} INFO - Processing /opt/airflow/dags/weather_pipeline_orchestration.py took 0.121 seconds
[2025-09-25T09:37:19.898+0000] {processor.py:161} INFO - Started process (PID=1347) to work on /opt/airflow/dags/weather_pipeline_orchestration.py
[2025-09-25T09:37:19.899+0000] {processor.py:830} INFO - Processing file /opt/airflow/dags/weather_pipeline_orchestration.py for tasks to queue
[2025-09-25T09:37:19.900+0000] {logging_mixin.py:188} INFO - [2025-09-25T09:37:19.900+0000] {dagbag.py:545} INFO - Filling up the DagBag from /opt/airflow/dags/weather_pipeline_orchestration.py
[2025-09-25T09:37:19.958+0000] {processor.py:840} INFO - DAG(s) 'weather_pipeline_orchestration' retrieved from /opt/airflow/dags/weather_pipeline_orchestration.py
[2025-09-25T09:37:19.973+0000] {logging_mixin.py:188} INFO - [2025-09-25T09:37:19.973+0000] {dag.py:3089} INFO - Sync 1 DAGs
[2025-09-25T09:37:19.985+0000] {logging_mixin.py:188} INFO - [2025-09-25T09:37:19.985+0000] {dag.py:3947} INFO - Setting next_dagrun for weather_pipeline_orchestration to 2025-09-25 09:30:00+00:00, run_after=2025-09-25 09:45:00+00:00
[2025-09-25T09:37:19.994+0000] {processor.py:183} INFO - Processing /opt/airflow/dags/weather_pipeline_orchestration.py took 0.100 seconds
[2025-09-25T09:37:50.415+0000] {processor.py:161} INFO - Started process (PID=1372) to work on /opt/airflow/dags/weather_pipeline_orchestration.py
[2025-09-25T09:37:50.416+0000] {processor.py:830} INFO - Processing file /opt/airflow/dags/weather_pipeline_orchestration.py for tasks to queue
[2025-09-25T09:37:50.418+0000] {logging_mixin.py:188} INFO - [2025-09-25T09:37:50.418+0000] {dagbag.py:545} INFO - Filling up the DagBag from /opt/airflow/dags/weather_pipeline_orchestration.py
[2025-09-25T09:37:50.479+0000] {processor.py:840} INFO - DAG(s) 'weather_pipeline_orchestration' retrieved from /opt/airflow/dags/weather_pipeline_orchestration.py
[2025-09-25T09:37:50.494+0000] {logging_mixin.py:188} INFO - [2025-09-25T09:37:50.494+0000] {dag.py:3089} INFO - Sync 1 DAGs
[2025-09-25T09:37:50.504+0000] {logging_mixin.py:188} INFO - [2025-09-25T09:37:50.504+0000] {dag.py:3947} INFO - Setting next_dagrun for weather_pipeline_orchestration to 2025-09-25 09:30:00+00:00, run_after=2025-09-25 09:45:00+00:00
[2025-09-25T09:37:50.511+0000] {processor.py:183} INFO - Processing /opt/airflow/dags/weather_pipeline_orchestration.py took 0.101 seconds
[2025-09-25T09:38:20.929+0000] {processor.py:161} INFO - Started process (PID=1397) to work on /opt/airflow/dags/weather_pipeline_orchestration.py
[2025-09-25T09:38:20.931+0000] {processor.py:830} INFO - Processing file /opt/airflow/dags/weather_pipeline_orchestration.py for tasks to queue
[2025-09-25T09:38:20.933+0000] {logging_mixin.py:188} INFO - [2025-09-25T09:38:20.932+0000] {dagbag.py:545} INFO - Filling up the DagBag from /opt/airflow/dags/weather_pipeline_orchestration.py
[2025-09-25T09:38:20.999+0000] {processor.py:840} INFO - DAG(s) 'weather_pipeline_orchestration' retrieved from /opt/airflow/dags/weather_pipeline_orchestration.py
[2025-09-25T09:38:21.013+0000] {logging_mixin.py:188} INFO - [2025-09-25T09:38:21.013+0000] {dag.py:3089} INFO - Sync 1 DAGs
[2025-09-25T09:38:21.023+0000] {logging_mixin.py:188} INFO - [2025-09-25T09:38:21.023+0000] {dag.py:3947} INFO - Setting next_dagrun for weather_pipeline_orchestration to 2025-09-25 09:30:00+00:00, run_after=2025-09-25 09:45:00+00:00
[2025-09-25T09:38:21.031+0000] {processor.py:183} INFO - Processing /opt/airflow/dags/weather_pipeline_orchestration.py took 0.107 seconds
[2025-09-25T09:38:51.466+0000] {processor.py:161} INFO - Started process (PID=1422) to work on /opt/airflow/dags/weather_pipeline_orchestration.py
[2025-09-25T09:38:51.468+0000] {processor.py:830} INFO - Processing file /opt/airflow/dags/weather_pipeline_orchestration.py for tasks to queue
[2025-09-25T09:38:51.470+0000] {logging_mixin.py:188} INFO - [2025-09-25T09:38:51.470+0000] {dagbag.py:545} INFO - Filling up the DagBag from /opt/airflow/dags/weather_pipeline_orchestration.py
[2025-09-25T09:38:51.545+0000] {processor.py:840} INFO - DAG(s) 'weather_pipeline_orchestration' retrieved from /opt/airflow/dags/weather_pipeline_orchestration.py
[2025-09-25T09:38:51.559+0000] {logging_mixin.py:188} INFO - [2025-09-25T09:38:51.559+0000] {dag.py:3089} INFO - Sync 1 DAGs
[2025-09-25T09:38:51.568+0000] {logging_mixin.py:188} INFO - [2025-09-25T09:38:51.568+0000] {dag.py:3947} INFO - Setting next_dagrun for weather_pipeline_orchestration to 2025-09-25 09:30:00+00:00, run_after=2025-09-25 09:45:00+00:00
[2025-09-25T09:38:51.575+0000] {processor.py:183} INFO - Processing /opt/airflow/dags/weather_pipeline_orchestration.py took 0.116 seconds
[2025-09-25T09:39:21.976+0000] {processor.py:161} INFO - Started process (PID=1447) to work on /opt/airflow/dags/weather_pipeline_orchestration.py
[2025-09-25T09:39:21.976+0000] {processor.py:830} INFO - Processing file /opt/airflow/dags/weather_pipeline_orchestration.py for tasks to queue
[2025-09-25T09:39:21.978+0000] {logging_mixin.py:188} INFO - [2025-09-25T09:39:21.978+0000] {dagbag.py:545} INFO - Filling up the DagBag from /opt/airflow/dags/weather_pipeline_orchestration.py
[2025-09-25T09:39:22.052+0000] {processor.py:840} INFO - DAG(s) 'weather_pipeline_orchestration' retrieved from /opt/airflow/dags/weather_pipeline_orchestration.py
[2025-09-25T09:39:22.066+0000] {logging_mixin.py:188} INFO - [2025-09-25T09:39:22.066+0000] {dag.py:3089} INFO - Sync 1 DAGs
[2025-09-25T09:39:22.078+0000] {logging_mixin.py:188} INFO - [2025-09-25T09:39:22.078+0000] {dag.py:3947} INFO - Setting next_dagrun for weather_pipeline_orchestration to 2025-09-25 09:30:00+00:00, run_after=2025-09-25 09:45:00+00:00
[2025-09-25T09:39:22.086+0000] {processor.py:183} INFO - Processing /opt/airflow/dags/weather_pipeline_orchestration.py took 0.115 seconds
[2025-09-25T09:39:52.474+0000] {processor.py:161} INFO - Started process (PID=1472) to work on /opt/airflow/dags/weather_pipeline_orchestration.py
[2025-09-25T09:39:52.475+0000] {processor.py:830} INFO - Processing file /opt/airflow/dags/weather_pipeline_orchestration.py for tasks to queue
[2025-09-25T09:39:52.477+0000] {logging_mixin.py:188} INFO - [2025-09-25T09:39:52.477+0000] {dagbag.py:545} INFO - Filling up the DagBag from /opt/airflow/dags/weather_pipeline_orchestration.py
[2025-09-25T09:39:52.552+0000] {processor.py:840} INFO - DAG(s) 'weather_pipeline_orchestration' retrieved from /opt/airflow/dags/weather_pipeline_orchestration.py
[2025-09-25T09:39:52.567+0000] {logging_mixin.py:188} INFO - [2025-09-25T09:39:52.567+0000] {dag.py:3089} INFO - Sync 1 DAGs
[2025-09-25T09:39:52.577+0000] {logging_mixin.py:188} INFO - [2025-09-25T09:39:52.577+0000] {dag.py:3947} INFO - Setting next_dagrun for weather_pipeline_orchestration to 2025-09-25 09:30:00+00:00, run_after=2025-09-25 09:45:00+00:00
[2025-09-25T09:39:52.584+0000] {processor.py:183} INFO - Processing /opt/airflow/dags/weather_pipeline_orchestration.py took 0.116 seconds
[2025-09-25T09:40:22.942+0000] {processor.py:161} INFO - Started process (PID=1497) to work on /opt/airflow/dags/weather_pipeline_orchestration.py
[2025-09-25T09:40:22.943+0000] {processor.py:830} INFO - Processing file /opt/airflow/dags/weather_pipeline_orchestration.py for tasks to queue
[2025-09-25T09:40:22.944+0000] {logging_mixin.py:188} INFO - [2025-09-25T09:40:22.944+0000] {dagbag.py:545} INFO - Filling up the DagBag from /opt/airflow/dags/weather_pipeline_orchestration.py
[2025-09-25T09:40:23.013+0000] {processor.py:840} INFO - DAG(s) 'weather_pipeline_orchestration' retrieved from /opt/airflow/dags/weather_pipeline_orchestration.py
[2025-09-25T09:40:23.024+0000] {logging_mixin.py:188} INFO - [2025-09-25T09:40:23.024+0000] {dag.py:3089} INFO - Sync 1 DAGs
[2025-09-25T09:40:23.032+0000] {logging_mixin.py:188} INFO - [2025-09-25T09:40:23.032+0000] {dag.py:3947} INFO - Setting next_dagrun for weather_pipeline_orchestration to 2025-09-25 09:30:00+00:00, run_after=2025-09-25 09:45:00+00:00
[2025-09-25T09:40:23.040+0000] {processor.py:183} INFO - Processing /opt/airflow/dags/weather_pipeline_orchestration.py took 0.104 seconds
[2025-09-25T09:40:53.467+0000] {processor.py:161} INFO - Started process (PID=1522) to work on /opt/airflow/dags/weather_pipeline_orchestration.py
[2025-09-25T09:40:53.468+0000] {processor.py:830} INFO - Processing file /opt/airflow/dags/weather_pipeline_orchestration.py for tasks to queue
[2025-09-25T09:40:53.469+0000] {logging_mixin.py:188} INFO - [2025-09-25T09:40:53.469+0000] {dagbag.py:545} INFO - Filling up the DagBag from /opt/airflow/dags/weather_pipeline_orchestration.py
[2025-09-25T09:40:53.527+0000] {processor.py:840} INFO - DAG(s) 'weather_pipeline_orchestration' retrieved from /opt/airflow/dags/weather_pipeline_orchestration.py
[2025-09-25T09:40:53.540+0000] {logging_mixin.py:188} INFO - [2025-09-25T09:40:53.540+0000] {dag.py:3089} INFO - Sync 1 DAGs
[2025-09-25T09:40:53.550+0000] {logging_mixin.py:188} INFO - [2025-09-25T09:40:53.549+0000] {dag.py:3947} INFO - Setting next_dagrun for weather_pipeline_orchestration to 2025-09-25 09:30:00+00:00, run_after=2025-09-25 09:45:00+00:00
[2025-09-25T09:40:53.557+0000] {processor.py:183} INFO - Processing /opt/airflow/dags/weather_pipeline_orchestration.py took 0.093 seconds
[2025-09-25T09:41:23.970+0000] {processor.py:161} INFO - Started process (PID=1547) to work on /opt/airflow/dags/weather_pipeline_orchestration.py
[2025-09-25T09:41:23.970+0000] {processor.py:830} INFO - Processing file /opt/airflow/dags/weather_pipeline_orchestration.py for tasks to queue
[2025-09-25T09:41:23.971+0000] {logging_mixin.py:188} INFO - [2025-09-25T09:41:23.971+0000] {dagbag.py:545} INFO - Filling up the DagBag from /opt/airflow/dags/weather_pipeline_orchestration.py
[2025-09-25T09:41:24.024+0000] {processor.py:840} INFO - DAG(s) 'weather_pipeline_orchestration' retrieved from /opt/airflow/dags/weather_pipeline_orchestration.py
[2025-09-25T09:41:24.037+0000] {logging_mixin.py:188} INFO - [2025-09-25T09:41:24.037+0000] {dag.py:3089} INFO - Sync 1 DAGs
[2025-09-25T09:41:24.046+0000] {logging_mixin.py:188} INFO - [2025-09-25T09:41:24.046+0000] {dag.py:3947} INFO - Setting next_dagrun for weather_pipeline_orchestration to 2025-09-25 09:30:00+00:00, run_after=2025-09-25 09:45:00+00:00
[2025-09-25T09:41:24.054+0000] {processor.py:183} INFO - Processing /opt/airflow/dags/weather_pipeline_orchestration.py took 0.087 seconds
[2025-09-25T09:41:54.461+0000] {processor.py:161} INFO - Started process (PID=1572) to work on /opt/airflow/dags/weather_pipeline_orchestration.py
[2025-09-25T09:41:54.462+0000] {processor.py:830} INFO - Processing file /opt/airflow/dags/weather_pipeline_orchestration.py for tasks to queue
[2025-09-25T09:41:54.463+0000] {logging_mixin.py:188} INFO - [2025-09-25T09:41:54.463+0000] {dagbag.py:545} INFO - Filling up the DagBag from /opt/airflow/dags/weather_pipeline_orchestration.py
[2025-09-25T09:41:54.535+0000] {processor.py:840} INFO - DAG(s) 'weather_pipeline_orchestration' retrieved from /opt/airflow/dags/weather_pipeline_orchestration.py
[2025-09-25T09:41:54.550+0000] {logging_mixin.py:188} INFO - [2025-09-25T09:41:54.550+0000] {dag.py:3089} INFO - Sync 1 DAGs
[2025-09-25T09:41:54.559+0000] {logging_mixin.py:188} INFO - [2025-09-25T09:41:54.559+0000] {dag.py:3947} INFO - Setting next_dagrun for weather_pipeline_orchestration to 2025-09-25 09:30:00+00:00, run_after=2025-09-25 09:45:00+00:00
[2025-09-25T09:41:54.567+0000] {processor.py:183} INFO - Processing /opt/airflow/dags/weather_pipeline_orchestration.py took 0.111 seconds
[2025-09-25T09:42:24.979+0000] {processor.py:161} INFO - Started process (PID=1597) to work on /opt/airflow/dags/weather_pipeline_orchestration.py
[2025-09-25T09:42:24.980+0000] {processor.py:830} INFO - Processing file /opt/airflow/dags/weather_pipeline_orchestration.py for tasks to queue
[2025-09-25T09:42:24.982+0000] {logging_mixin.py:188} INFO - [2025-09-25T09:42:24.981+0000] {dagbag.py:545} INFO - Filling up the DagBag from /opt/airflow/dags/weather_pipeline_orchestration.py
[2025-09-25T09:42:25.061+0000] {processor.py:840} INFO - DAG(s) 'weather_pipeline_orchestration' retrieved from /opt/airflow/dags/weather_pipeline_orchestration.py
[2025-09-25T09:42:25.074+0000] {logging_mixin.py:188} INFO - [2025-09-25T09:42:25.074+0000] {dag.py:3089} INFO - Sync 1 DAGs
[2025-09-25T09:42:25.085+0000] {logging_mixin.py:188} INFO - [2025-09-25T09:42:25.085+0000] {dag.py:3947} INFO - Setting next_dagrun for weather_pipeline_orchestration to 2025-09-25 09:30:00+00:00, run_after=2025-09-25 09:45:00+00:00
[2025-09-25T09:42:25.093+0000] {processor.py:183} INFO - Processing /opt/airflow/dags/weather_pipeline_orchestration.py took 0.118 seconds
